{"/Users/simonbishop/Documents/Projects/happn-3/silence.js":{"path":"/Users/simonbishop/Documents/Projects/happn-3/silence.js","s":{"1":1},"b":{"1":[1,1]},"f":{},"fnMap":{},"statementMap":{"1":{"start":{"line":3,"column":0},"end":{"line":3,"column":55}}},"branchMap":{"1":{"line":3,"type":"binary-expr","locations":[{"start":{"line":3,"column":24},"end":{"line":3,"column":45}},{"start":{"line":3,"column":49},"end":{"line":3,"column":54}}]}}},"/Users/simonbishop/Documents/Projects/happn-3/lib/index.js":{"path":"/Users/simonbishop/Documents/Projects/happn-3/lib/index.js","s":{"1":1,"2":1},"b":{},"f":{},"fnMap":{},"statementMap":{"1":{"start":{"line":1,"column":0},"end":{"line":1,"column":37}},"2":{"start":{"line":3,"column":0},"end":{"line":11,"column":2}}},"branchMap":{}},"/Users/simonbishop/Documents/Projects/happn-3/lib/packager.js":{"path":"/Users/simonbishop/Documents/Projects/happn-3/lib/packager.js","s":{"1":1,"2":1,"3":8,"4":8,"5":8,"6":8,"7":8,"8":8,"9":8,"10":8,"11":4,"12":4,"13":8,"14":2,"15":13,"16":13,"17":13,"18":13,"19":1,"20":13,"21":13,"22":13,"23":13,"24":7,"25":4,"26":13,"27":13,"28":13,"29":1,"30":1,"31":1,"32":13,"33":5,"34":8,"35":4,"36":4,"37":2,"38":2,"39":2,"40":1,"41":1,"42":8,"43":1,"44":1,"45":0,"46":0,"47":7,"48":4,"49":7,"50":0,"51":7,"52":7,"53":0,"54":7,"55":0},"b":{"1":[4,4],"2":[8,6],"3":[2,6],"4":[1,12],"5":[7,6],"6":[13,10],"7":[4,3],"8":[1,12],"9":[5,8],"10":[13,12],"11":[4,4],"12":[8,6],"13":[2,2],"14":[1,1],"15":[1,7],"16":[1,0],"17":[4,3],"18":[0,7],"19":[0,7]},"f":{"1":8,"2":13},"fnMap":{"1":{"name":"(anonymous_1)","line":19,"loc":{"start":{"line":19,"column":25},"end":{"line":19,"column":44}}},"2":{"name":"(anonymous_2)","line":55,"loc":{"start":{"line":55,"column":17},"end":{"line":55,"column":36}}}},"statementMap":{"1":{"start":{"line":1,"column":0},"end":{"line":7,"column":41}},"2":{"start":{"line":9,"column":0},"end":{"line":132,"column":2}},"3":{"start":{"line":21,"column":4},"end":{"line":21,"column":21}},"4":{"start":{"line":23,"column":4},"end":{"line":23,"column":45}},"5":{"start":{"line":25,"column":4},"end":{"line":25,"column":36}},"6":{"start":{"line":27,"column":4},"end":{"line":27,"column":70}},"7":{"start":{"line":29,"column":4},"end":{"line":29,"column":159}},"8":{"start":{"line":31,"column":4},"end":{"line":31,"column":163}},"9":{"start":{"line":33,"column":4},"end":{"line":36,"column":40}},"10":{"start":{"line":38,"column":4},"end":{"line":47,"column":5}},"11":{"start":{"line":39,"column":6},"end":{"line":42,"column":21}},"12":{"start":{"line":44,"column":6},"end":{"line":46,"column":21}},"13":{"start":{"line":49,"column":4},"end":{"line":51,"column":12}},"14":{"start":{"line":49,"column":21},"end":{"line":51,"column":12}},"15":{"start":{"line":57,"column":4},"end":{"line":130,"column":5}},"16":{"start":{"line":59,"column":6},"end":{"line":59,"column":23}},"17":{"start":{"line":61,"column":6},"end":{"line":61,"column":29}},"18":{"start":{"line":63,"column":6},"end":{"line":63,"column":33}},"19":{"start":{"line":63,"column":20},"end":{"line":63,"column":33}},"20":{"start":{"line":65,"column":6},"end":{"line":65,"column":24}},"21":{"start":{"line":67,"column":6},"end":{"line":67,"column":25}},"22":{"start":{"line":69,"column":6},"end":{"line":69,"column":41}},"23":{"start":{"line":71,"column":6},"end":{"line":73,"column":7}},"24":{"start":{"line":72,"column":8},"end":{"line":72,"column":60}},"25":{"start":{"line":72,"column":25},"end":{"line":72,"column":60}},"26":{"start":{"line":75,"column":6},"end":{"line":75,"column":58}},"27":{"start":{"line":77,"column":6},"end":{"line":77,"column":99}},"28":{"start":{"line":79,"column":6},"end":{"line":84,"column":7}},"29":{"start":{"line":80,"column":8},"end":{"line":80,"column":43}},"30":{"start":{"line":81,"column":8},"end":{"line":83,"column":22}},"31":{"start":{"line":82,"column":10},"end":{"line":82,"column":40}},"32":{"start":{"line":87,"column":6},"end":{"line":87,"column":98}},"33":{"start":{"line":87,"column":63},"end":{"line":87,"column":98}},"34":{"start":{"line":91,"column":6},"end":{"line":106,"column":7}},"35":{"start":{"line":93,"column":8},"end":{"line":93,"column":45}},"36":{"start":{"line":95,"column":8},"end":{"line":105,"column":9}},"37":{"start":{"line":97,"column":10},"end":{"line":97,"column":68}},"38":{"start":{"line":98,"column":10},"end":{"line":98,"column":56}},"39":{"start":{"line":100,"column":10},"end":{"line":104,"column":11}},"40":{"start":{"line":101,"column":12},"end":{"line":103,"column":26}},"41":{"start":{"line":102,"column":14},"end":{"line":102,"column":44}},"42":{"start":{"line":108,"column":6},"end":{"line":115,"column":7}},"43":{"start":{"line":110,"column":8},"end":{"line":110,"column":57}},"44":{"start":{"line":110,"column":35},"end":{"line":110,"column":57}},"45":{"start":{"line":112,"column":8},"end":{"line":112,"column":89}},"46":{"start":{"line":114,"column":8},"end":{"line":114,"column":43}},"47":{"start":{"line":117,"column":6},"end":{"line":117,"column":77}},"48":{"start":{"line":117,"column":40},"end":{"line":117,"column":77}},"49":{"start":{"line":119,"column":6},"end":{"line":119,"column":55}},"50":{"start":{"line":119,"column":20},"end":{"line":119,"column":55}},"51":{"start":{"line":121,"column":6},"end":{"line":121,"column":76}},"52":{"start":{"line":123,"column":6},"end":{"line":123,"column":55}},"53":{"start":{"line":123,"column":33},"end":{"line":123,"column":55}},"54":{"start":{"line":125,"column":6},"end":{"line":125,"column":41}},"55":{"start":{"line":129,"column":6},"end":{"line":129,"column":14}}},"branchMap":{"1":{"line":38,"type":"if","locations":[{"start":{"line":38,"column":4},"end":{"line":38,"column":4}},{"start":{"line":38,"column":4},"end":{"line":38,"column":4}}]},"2":{"line":38,"type":"binary-expr","locations":[{"start":{"line":38,"column":8},"end":{"line":38,"column":28}},{"start":{"line":38,"column":32},"end":{"line":38,"column":82}}]},"3":{"line":49,"type":"if","locations":[{"start":{"line":49,"column":4},"end":{"line":49,"column":4}},{"start":{"line":49,"column":4},"end":{"line":49,"column":4}}]},"4":{"line":63,"type":"if","locations":[{"start":{"line":63,"column":6},"end":{"line":63,"column":6}},{"start":{"line":63,"column":6},"end":{"line":63,"column":6}}]},"5":{"line":71,"type":"if","locations":[{"start":{"line":71,"column":6},"end":{"line":71,"column":6}},{"start":{"line":71,"column":6},"end":{"line":71,"column":6}}]},"6":{"line":71,"type":"binary-expr","locations":[{"start":{"line":71,"column":10},"end":{"line":71,"column":30}},{"start":{"line":71,"column":34},"end":{"line":71,"column":84}}]},"7":{"line":72,"type":"if","locations":[{"start":{"line":72,"column":8},"end":{"line":72,"column":8}},{"start":{"line":72,"column":8},"end":{"line":72,"column":8}}]},"8":{"line":79,"type":"if","locations":[{"start":{"line":79,"column":6},"end":{"line":79,"column":6}},{"start":{"line":79,"column":6},"end":{"line":79,"column":6}}]},"9":{"line":87,"type":"if","locations":[{"start":{"line":87,"column":6},"end":{"line":87,"column":6}},{"start":{"line":87,"column":6},"end":{"line":87,"column":6}}]},"10":{"line":87,"type":"binary-expr","locations":[{"start":{"line":87,"column":10},"end":{"line":87,"column":30}},{"start":{"line":87,"column":34},"end":{"line":87,"column":61}}]},"11":{"line":91,"type":"if","locations":[{"start":{"line":91,"column":6},"end":{"line":91,"column":6}},{"start":{"line":91,"column":6},"end":{"line":91,"column":6}}]},"12":{"line":91,"type":"binary-expr","locations":[{"start":{"line":91,"column":10},"end":{"line":91,"column":31}},{"start":{"line":91,"column":35},"end":{"line":91,"column":85}}]},"13":{"line":95,"type":"if","locations":[{"start":{"line":95,"column":8},"end":{"line":95,"column":8}},{"start":{"line":95,"column":8},"end":{"line":95,"column":8}}]},"14":{"line":100,"type":"if","locations":[{"start":{"line":100,"column":10},"end":{"line":100,"column":10}},{"start":{"line":100,"column":10},"end":{"line":100,"column":10}}]},"15":{"line":108,"type":"if","locations":[{"start":{"line":108,"column":6},"end":{"line":108,"column":6}},{"start":{"line":108,"column":6},"end":{"line":108,"column":6}}]},"16":{"line":110,"type":"if","locations":[{"start":{"line":110,"column":8},"end":{"line":110,"column":8}},{"start":{"line":110,"column":8},"end":{"line":110,"column":8}}]},"17":{"line":117,"type":"if","locations":[{"start":{"line":117,"column":6},"end":{"line":117,"column":6}},{"start":{"line":117,"column":6},"end":{"line":117,"column":6}}]},"18":{"line":119,"type":"if","locations":[{"start":{"line":119,"column":6},"end":{"line":119,"column":6}},{"start":{"line":119,"column":6},"end":{"line":119,"column":6}}]},"19":{"line":123,"type":"if","locations":[{"start":{"line":123,"column":6},"end":{"line":123,"column":6}},{"start":{"line":123,"column":6},"end":{"line":123,"column":6}}]}}},"/Users/simonbishop/Documents/Projects/happn-3/lib/services/utils/service.js":{"path":"/Users/simonbishop/Documents/Projects/happn-3/lib/services/utils/service.js","s":{"1":1,"2":1,"3":1,"4":1,"5":32166,"6":175,"7":31991,"8":3526,"9":28465,"10":28465,"11":0,"12":1,"13":1,"14":1,"15":1,"16":1,"17":0,"18":0,"19":0,"20":0,"21":1,"22":715,"23":715,"24":4516,"25":42342,"26":37831,"27":6,"28":6,"29":4,"30":7,"31":7,"32":1,"33":1,"34":6,"35":5,"36":715,"37":1,"38":0,"39":0,"40":0,"41":0,"42":0,"43":1,"44":0,"45":0,"46":0,"47":0,"48":0,"49":1,"50":1165,"51":1,"52":2242,"53":1077,"54":1165,"55":775,"56":390,"57":1,"58":0,"59":0,"60":1,"61":1219,"62":1219,"63":7314,"64":7314,"65":7314,"66":0,"67":0,"68":7314,"69":0,"70":0,"71":7314,"72":1219,"73":1,"74":0,"75":0,"76":0,"77":0,"78":1,"79":9,"80":9,"81":33,"82":9,"83":17,"84":6,"85":3,"86":1,"87":4,"88":4,"89":1,"90":4,"91":4,"92":8,"93":6,"94":2,"95":4,"96":4,"97":4,"98":6,"99":2,"100":4,"101":4,"102":1,"103":0,"104":0,"105":0,"106":0,"107":0,"108":0,"109":0,"110":0,"111":0,"112":0,"113":0,"114":0,"115":0,"116":0,"117":0,"118":0,"119":0,"120":0,"121":0,"122":1,"123":12,"124":12,"125":9},"b":{"1":[175,31991],"2":[3526,28465],"3":[28465,0],"4":[0,0],"5":[37831,4511],"6":[6,37825],"7":[4,2],"8":[1,6],"9":[5,1],"10":[0,0],"11":[0,0],"12":[0,0,0],"13":[0,0],"14":[0,0],"15":[0,0,0],"16":[1165,1165],"17":[1077,1165],"18":[2242,2242],"19":[775,390],"20":[0,7314],"21":[0,7314],"22":[6,11],"23":[1,3],"24":[6,2],"25":[2,4],"26":[6,3],"27":[0,0],"28":[0,0],"29":[0,0],"30":[0,0],"31":[0,0]},"f":{"1":244,"2":32166,"3":0,"4":715,"5":0,"6":0,"7":1165,"8":2242,"9":0,"10":1219,"11":7314,"12":0,"13":0,"14":9,"15":33,"16":4,"17":8,"18":0,"19":0,"20":0,"21":0,"22":12},"fnMap":{"1":{"name":"UtilsService","line":11,"loc":{"start":{"line":11,"column":0},"end":{"line":11,"column":24}}},"2":{"name":"(anonymous_2)","line":13,"loc":{"start":{"line":13,"column":31},"end":{"line":13,"column":56}}},"3":{"name":"(anonymous_3)","line":30,"loc":{"start":{"line":30,"column":47},"end":{"line":30,"column":76}}},"4":{"name":"(anonymous_4)","line":38,"loc":{"start":{"line":38,"column":54},"end":{"line":38,"column":78}}},"5":{"name":"(anonymous_5)","line":78,"loc":{"start":{"line":78,"column":39},"end":{"line":78,"column":67}}},"6":{"name":"(anonymous_6)","line":87,"loc":{"start":{"line":87,"column":39},"end":{"line":87,"column":67}}},"7":{"name":"(anonymous_7)","line":96,"loc":{"start":{"line":96,"column":35},"end":{"line":96,"column":48}}},"8":{"name":"(anonymous_8)","line":100,"loc":{"start":{"line":100,"column":40},"end":{"line":100,"column":57}}},"9":{"name":"(anonymous_9)","line":106,"loc":{"start":{"line":106,"column":50},"end":{"line":106,"column":74}}},"10":{"name":"(anonymous_10)","line":114,"loc":{"start":{"line":114,"column":43},"end":{"line":114,"column":85}}},"11":{"name":"(anonymous_11)","line":117,"loc":{"start":{"line":117,"column":17},"end":{"line":117,"column":36}}},"12":{"name":"(anonymous_12)","line":136,"loc":{"start":{"line":136,"column":40},"end":{"line":136,"column":55}}},"13":{"name":"(anonymous_13)","line":138,"loc":{"start":{"line":138,"column":42},"end":{"line":138,"column":57}}},"14":{"name":"(anonymous_14)","line":144,"loc":{"start":{"line":144,"column":50},"end":{"line":144,"column":77}}},"15":{"name":"(anonymous_15)","line":148,"loc":{"start":{"line":148,"column":17},"end":{"line":148,"column":41}}},"16":{"name":"(anonymous_16)","line":157,"loc":{"start":{"line":157,"column":38},"end":{"line":157,"column":66}}},"17":{"name":"(anonymous_17)","line":165,"loc":{"start":{"line":165,"column":16},"end":{"line":165,"column":45}}},"18":{"name":"(anonymous_18)","line":182,"loc":{"start":{"line":182,"column":35},"end":{"line":182,"column":69}}},"19":{"name":"(anonymous_19)","line":184,"loc":{"start":{"line":184,"column":9},"end":{"line":184,"column":21}}},"20":{"name":"(anonymous_20)","line":196,"loc":{"start":{"line":196,"column":23},"end":{"line":196,"column":50}}},"21":{"name":"(anonymous_21)","line":198,"loc":{"start":{"line":198,"column":16},"end":{"line":198,"column":47}}},"22":{"name":"(anonymous_22)","line":216,"loc":{"start":{"line":216,"column":36},"end":{"line":216,"column":52}}}},"statementMap":{"1":{"start":{"line":1,"column":0},"end":{"line":7,"column":27}},"2":{"start":{"line":9,"column":0},"end":{"line":9,"column":30}},"3":{"start":{"line":11,"column":0},"end":{"line":11,"column":26}},"4":{"start":{"line":13,"column":0},"end":{"line":20,"column":2}},"5":{"start":{"line":15,"column":2},"end":{"line":15,"column":23}},"6":{"start":{"line":15,"column":12},"end":{"line":15,"column":23}},"7":{"start":{"line":17,"column":2},"end":{"line":17,"column":52}},"8":{"start":{"line":17,"column":30},"end":{"line":17,"column":52}},"9":{"start":{"line":18,"column":2},"end":{"line":19,"column":29}},"10":{"start":{"line":18,"column":17},"end":{"line":18,"column":46}},"11":{"start":{"line":19,"column":7},"end":{"line":19,"column":29}},"12":{"start":{"line":22,"column":0},"end":{"line":22,"column":81}},"13":{"start":{"line":24,"column":0},"end":{"line":24,"column":56}},"14":{"start":{"line":26,"column":0},"end":{"line":26,"column":64}},"15":{"start":{"line":28,"column":0},"end":{"line":28,"column":58}},"16":{"start":{"line":30,"column":0},"end":{"line":36,"column":2}},"17":{"start":{"line":32,"column":2},"end":{"line":33,"column":73}},"18":{"start":{"line":33,"column":4},"end":{"line":33,"column":73}},"19":{"start":{"line":33,"column":61},"end":{"line":33,"column":73}},"20":{"start":{"line":35,"column":2},"end":{"line":35,"column":15}},"21":{"start":{"line":38,"column":0},"end":{"line":76,"column":2}},"22":{"start":{"line":54,"column":2},"end":{"line":54,"column":52}},"23":{"start":{"line":56,"column":2},"end":{"line":73,"column":3}},"24":{"start":{"line":57,"column":4},"end":{"line":72,"column":5}},"25":{"start":{"line":58,"column":6},"end":{"line":71,"column":7}},"26":{"start":{"line":59,"column":8},"end":{"line":70,"column":9}},"27":{"start":{"line":60,"column":10},"end":{"line":60,"column":41}},"28":{"start":{"line":61,"column":10},"end":{"line":68,"column":13}},"29":{"start":{"line":62,"column":12},"end":{"line":68,"column":13}},"30":{"start":{"line":63,"column":14},"end":{"line":63,"column":76}},"31":{"start":{"line":64,"column":14},"end":{"line":67,"column":15}},"32":{"start":{"line":65,"column":16},"end":{"line":65,"column":44}},"33":{"start":{"line":66,"column":16},"end":{"line":66,"column":22}},"34":{"start":{"line":69,"column":10},"end":{"line":69,"column":70}},"35":{"start":{"line":69,"column":35},"end":{"line":69,"column":70}},"36":{"start":{"line":75,"column":2},"end":{"line":75,"column":22}},"37":{"start":{"line":78,"column":0},"end":{"line":85,"column":2}},"38":{"start":{"line":80,"column":2},"end":{"line":80,"column":28}},"39":{"start":{"line":80,"column":19},"end":{"line":80,"column":28}},"40":{"start":{"line":82,"column":2},"end":{"line":82,"column":103}},"41":{"start":{"line":82,"column":49},"end":{"line":82,"column":103}},"42":{"start":{"line":84,"column":2},"end":{"line":84,"column":13}},"43":{"start":{"line":87,"column":0},"end":{"line":94,"column":2}},"44":{"start":{"line":89,"column":2},"end":{"line":89,"column":28}},"45":{"start":{"line":89,"column":19},"end":{"line":89,"column":28}},"46":{"start":{"line":91,"column":2},"end":{"line":91,"column":146}},"47":{"start":{"line":91,"column":88},"end":{"line":91,"column":146}},"48":{"start":{"line":93,"column":2},"end":{"line":93,"column":13}},"49":{"start":{"line":96,"column":0},"end":{"line":98,"column":2}},"50":{"start":{"line":97,"column":2},"end":{"line":97,"column":46}},"51":{"start":{"line":100,"column":0},"end":{"line":104,"column":2}},"52":{"start":{"line":101,"column":2},"end":{"line":101,"column":48}},"53":{"start":{"line":101,"column":35},"end":{"line":101,"column":48}},"54":{"start":{"line":102,"column":2},"end":{"line":103,"column":24}},"55":{"start":{"line":102,"column":29},"end":{"line":102,"column":42}},"56":{"start":{"line":103,"column":7},"end":{"line":103,"column":24}},"57":{"start":{"line":106,"column":0},"end":{"line":112,"column":2}},"58":{"start":{"line":110,"column":2},"end":{"line":110,"column":42}},"59":{"start":{"line":111,"column":2},"end":{"line":111,"column":48}},"60":{"start":{"line":114,"column":0},"end":{"line":134,"column":2}},"61":{"start":{"line":115,"column":2},"end":{"line":115,"column":26}},"62":{"start":{"line":117,"column":2},"end":{"line":131,"column":5}},"63":{"start":{"line":119,"column":4},"end":{"line":119,"column":33}},"64":{"start":{"line":120,"column":4},"end":{"line":120,"column":25}},"65":{"start":{"line":122,"column":4},"end":{"line":125,"column":5}},"66":{"start":{"line":123,"column":6},"end":{"line":123,"column":45}},"67":{"start":{"line":124,"column":6},"end":{"line":124,"column":37}},"68":{"start":{"line":127,"column":4},"end":{"line":130,"column":23}},"69":{"start":{"line":128,"column":6},"end":{"line":128,"column":25}},"70":{"start":{"line":129,"column":6},"end":{"line":129,"column":19}},"71":{"start":{"line":130,"column":11},"end":{"line":130,"column":23}},"72":{"start":{"line":133,"column":2},"end":{"line":133,"column":21}},"73":{"start":{"line":136,"column":0},"end":{"line":142,"column":2}},"74":{"start":{"line":137,"column":2},"end":{"line":137,"column":22}},"75":{"start":{"line":138,"column":2},"end":{"line":140,"column":5}},"76":{"start":{"line":139,"column":4},"end":{"line":139,"column":31}},"77":{"start":{"line":141,"column":2},"end":{"line":141,"column":36}},"78":{"start":{"line":144,"column":0},"end":{"line":155,"column":2}},"79":{"start":{"line":146,"column":2},"end":{"line":146,"column":27}},"80":{"start":{"line":148,"column":2},"end":{"line":150,"column":5}},"81":{"start":{"line":149,"column":4},"end":{"line":149,"column":53}},"82":{"start":{"line":152,"column":2},"end":{"line":153,"column":91}},"83":{"start":{"line":153,"column":4},"end":{"line":153,"column":91}},"84":{"start":{"line":153,"column":66},"end":{"line":153,"column":91}},"85":{"start":{"line":154,"column":2},"end":{"line":154,"column":14}},"86":{"start":{"line":157,"column":0},"end":{"line":180,"column":2}},"87":{"start":{"line":159,"column":2},"end":{"line":159,"column":19}},"88":{"start":{"line":161,"column":2},"end":{"line":161,"column":23}},"89":{"start":{"line":161,"column":13},"end":{"line":161,"column":23}},"90":{"start":{"line":163,"column":2},"end":{"line":163,"column":18}},"91":{"start":{"line":165,"column":2},"end":{"line":168,"column":4}},"92":{"start":{"line":166,"column":4},"end":{"line":166,"column":46}},"93":{"start":{"line":166,"column":21},"end":{"line":166,"column":46}},"94":{"start":{"line":167,"column":4},"end":{"line":167,"column":42}},"95":{"start":{"line":170,"column":2},"end":{"line":172,"column":3}},"96":{"start":{"line":171,"column":4},"end":{"line":171,"column":57}},"97":{"start":{"line":174,"column":2},"end":{"line":177,"column":3}},"98":{"start":{"line":175,"column":4},"end":{"line":175,"column":59}},"99":{"start":{"line":175,"column":50},"end":{"line":175,"column":59}},"100":{"start":{"line":176,"column":4},"end":{"line":176,"column":57}},"101":{"start":{"line":179,"column":2},"end":{"line":179,"column":16}},"102":{"start":{"line":182,"column":0},"end":{"line":214,"column":2}},"103":{"start":{"line":184,"column":2},"end":{"line":213,"column":4}},"104":{"start":{"line":185,"column":4},"end":{"line":185,"column":53}},"105":{"start":{"line":186,"column":4},"end":{"line":186,"column":21}},"106":{"start":{"line":188,"column":4},"end":{"line":188,"column":57}},"107":{"start":{"line":188,"column":30},"end":{"line":188,"column":57}},"108":{"start":{"line":192,"column":4},"end":{"line":194,"column":5}},"109":{"start":{"line":193,"column":6},"end":{"line":193,"column":48}},"110":{"start":{"line":196,"column":4},"end":{"line":212,"column":7}},"111":{"start":{"line":198,"column":6},"end":{"line":206,"column":9}},"112":{"start":{"line":199,"column":8},"end":{"line":199,"column":40}},"113":{"start":{"line":199,"column":19},"end":{"line":199,"column":40}},"114":{"start":{"line":200,"column":8},"end":{"line":204,"column":9}},"115":{"start":{"line":201,"column":10},"end":{"line":201,"column":59}},"116":{"start":{"line":202,"column":10},"end":{"line":202,"column":23}},"117":{"start":{"line":203,"column":10},"end":{"line":203,"column":31}},"118":{"start":{"line":205,"column":8},"end":{"line":205,"column":31}},"119":{"start":{"line":207,"column":6},"end":{"line":211,"column":7}},"120":{"start":{"line":208,"column":8},"end":{"line":208,"column":51}},"121":{"start":{"line":210,"column":8},"end":{"line":210,"column":29}},"122":{"start":{"line":216,"column":0},"end":{"line":226,"column":2}},"123":{"start":{"line":218,"column":2},"end":{"line":224,"column":3}},"124":{"start":{"line":220,"column":4},"end":{"line":220,"column":38}},"125":{"start":{"line":223,"column":4},"end":{"line":223,"column":17}}},"branchMap":{"1":{"line":15,"type":"if","locations":[{"start":{"line":15,"column":2},"end":{"line":15,"column":2}},{"start":{"line":15,"column":2},"end":{"line":15,"column":2}}]},"2":{"line":17,"type":"if","locations":[{"start":{"line":17,"column":2},"end":{"line":17,"column":2}},{"start":{"line":17,"column":2},"end":{"line":17,"column":2}}]},"3":{"line":18,"type":"if","locations":[{"start":{"line":18,"column":2},"end":{"line":18,"column":2}},{"start":{"line":18,"column":2},"end":{"line":18,"column":2}}]},"4":{"line":33,"type":"if","locations":[{"start":{"line":33,"column":4},"end":{"line":33,"column":4}},{"start":{"line":33,"column":4},"end":{"line":33,"column":4}}]},"5":{"line":58,"type":"if","locations":[{"start":{"line":58,"column":6},"end":{"line":58,"column":6}},{"start":{"line":58,"column":6},"end":{"line":58,"column":6}}]},"6":{"line":59,"type":"if","locations":[{"start":{"line":59,"column":8},"end":{"line":59,"column":8}},{"start":{"line":59,"column":8},"end":{"line":59,"column":8}}]},"7":{"line":61,"type":"if","locations":[{"start":{"line":61,"column":10},"end":{"line":61,"column":10}},{"start":{"line":61,"column":10},"end":{"line":61,"column":10}}]},"8":{"line":64,"type":"if","locations":[{"start":{"line":64,"column":14},"end":{"line":64,"column":14}},{"start":{"line":64,"column":14},"end":{"line":64,"column":14}}]},"9":{"line":69,"type":"if","locations":[{"start":{"line":69,"column":10},"end":{"line":69,"column":10}},{"start":{"line":69,"column":10},"end":{"line":69,"column":10}}]},"10":{"line":80,"type":"if","locations":[{"start":{"line":80,"column":2},"end":{"line":80,"column":2}},{"start":{"line":80,"column":2},"end":{"line":80,"column":2}}]},"11":{"line":82,"type":"if","locations":[{"start":{"line":82,"column":2},"end":{"line":82,"column":2}},{"start":{"line":82,"column":2},"end":{"line":82,"column":2}}]},"12":{"line":82,"type":"binary-expr","locations":[{"start":{"line":82,"column":6},"end":{"line":82,"column":9}},{"start":{"line":82,"column":13},"end":{"line":82,"column":19}},{"start":{"line":82,"column":23},"end":{"line":82,"column":47}}]},"13":{"line":89,"type":"if","locations":[{"start":{"line":89,"column":2},"end":{"line":89,"column":2}},{"start":{"line":89,"column":2},"end":{"line":89,"column":2}}]},"14":{"line":91,"type":"if","locations":[{"start":{"line":91,"column":2},"end":{"line":91,"column":2}},{"start":{"line":91,"column":2},"end":{"line":91,"column":2}}]},"15":{"line":91,"type":"binary-expr","locations":[{"start":{"line":91,"column":6},"end":{"line":91,"column":9}},{"start":{"line":91,"column":13},"end":{"line":91,"column":19}},{"start":{"line":91,"column":23},"end":{"line":91,"column":86}}]},"16":{"line":97,"type":"binary-expr","locations":[{"start":{"line":97,"column":9},"end":{"line":97,"column":30}},{"start":{"line":97,"column":34},"end":{"line":97,"column":45}}]},"17":{"line":101,"type":"if","locations":[{"start":{"line":101,"column":2},"end":{"line":101,"column":2}},{"start":{"line":101,"column":2},"end":{"line":101,"column":2}}]},"18":{"line":101,"type":"binary-expr","locations":[{"start":{"line":101,"column":6},"end":{"line":101,"column":12}},{"start":{"line":101,"column":16},"end":{"line":101,"column":33}}]},"19":{"line":102,"type":"if","locations":[{"start":{"line":102,"column":2},"end":{"line":102,"column":2}},{"start":{"line":102,"column":2},"end":{"line":102,"column":2}}]},"20":{"line":122,"type":"if","locations":[{"start":{"line":122,"column":4},"end":{"line":122,"column":4}},{"start":{"line":122,"column":4},"end":{"line":122,"column":4}}]},"21":{"line":127,"type":"if","locations":[{"start":{"line":127,"column":4},"end":{"line":127,"column":4}},{"start":{"line":127,"column":4},"end":{"line":127,"column":4}}]},"22":{"line":153,"type":"if","locations":[{"start":{"line":153,"column":4},"end":{"line":153,"column":4}},{"start":{"line":153,"column":4},"end":{"line":153,"column":4}}]},"23":{"line":161,"type":"if","locations":[{"start":{"line":161,"column":2},"end":{"line":161,"column":2}},{"start":{"line":161,"column":2},"end":{"line":161,"column":2}}]},"24":{"line":166,"type":"if","locations":[{"start":{"line":166,"column":4},"end":{"line":166,"column":4}},{"start":{"line":166,"column":4},"end":{"line":166,"column":4}}]},"25":{"line":175,"type":"if","locations":[{"start":{"line":175,"column":4},"end":{"line":175,"column":4}},{"start":{"line":175,"column":4},"end":{"line":175,"column":4}}]},"26":{"line":175,"type":"binary-expr","locations":[{"start":{"line":175,"column":8},"end":{"line":175,"column":29}},{"start":{"line":175,"column":33},"end":{"line":175,"column":48}}]},"27":{"line":188,"type":"if","locations":[{"start":{"line":188,"column":4},"end":{"line":188,"column":4}},{"start":{"line":188,"column":4},"end":{"line":188,"column":4}}]},"28":{"line":188,"type":"binary-expr","locations":[{"start":{"line":188,"column":8},"end":{"line":188,"column":12}},{"start":{"line":188,"column":16},"end":{"line":188,"column":28}}]},"29":{"line":192,"type":"if","locations":[{"start":{"line":192,"column":4},"end":{"line":192,"column":4}},{"start":{"line":192,"column":4},"end":{"line":192,"column":4}}]},"30":{"line":199,"type":"if","locations":[{"start":{"line":199,"column":8},"end":{"line":199,"column":8}},{"start":{"line":199,"column":8},"end":{"line":199,"column":8}}]},"31":{"line":200,"type":"if","locations":[{"start":{"line":200,"column":8},"end":{"line":200,"column":8}},{"start":{"line":200,"column":8},"end":{"line":200,"column":8}}]}}},"/Users/simonbishop/Documents/Projects/happn-3/lib/services/utils/shared.js":{"path":"/Users/simonbishop/Documents/Projects/happn-3/lib/services/utils/shared.js","s":{"1":1,"2":46424,"3":0,"4":46424,"5":46424,"6":46424,"7":1038279,"8":10,"9":1038269,"10":1038269,"11":46424,"12":43814,"13":43814,"14":0,"15":43814,"16":46596,"17":173,"18":46423,"19":46423,"20":2597,"21":43826,"22":12,"23":43814,"24":285,"25":285,"26":0,"27":285,"28":285,"29":285,"30":295,"31":295,"32":30,"33":265,"34":10,"35":255,"36":285,"37":52,"38":52,"39":52,"40":52,"41":52,"42":52,"43":52,"44":52,"45":0,"46":0,"47":0,"48":52,"49":52,"50":52,"51":52,"52":23,"53":29,"54":29,"55":57,"56":29,"57":43,"58":0,"59":43,"60":43,"61":29,"62":29,"63":14,"64":10,"65":29,"66":43,"67":43,"68":43,"69":43,"70":4,"71":29,"72":28469,"73":14494,"74":5,"75":14489,"76":4,"77":0,"78":0,"79":0,"80":0,"81":0,"82":0,"83":0,"84":0,"85":0,"86":0,"87":13,"88":0,"89":13,"90":0,"91":13,"92":0,"93":13,"94":13,"95":0,"96":13},"b":{"1":[0,46424],"2":[10,1038269],"3":[1038279,46455],"4":[0,43814],"5":[173,46423],"6":[2597,43826],"7":[12,43814],"8":[285,0],"9":[0,285],"10":[30,265],"11":[10,255],"12":[0,52],"13":[0,0],"14":[52,0],"15":[23,29],"16":[57,46,21],"17":[0,43],"18":[29,14],"19":[43,42,32],"20":[10,4],"21":[0,43],"22":[4,39],"23":[5,14489],"24":[14494,11544],"25":[4,14485],"26":[0,0],"27":[0,0],"28":[0,0],"29":[0,0],"30":[0,0],"31":[0,13],"32":[13,13],"33":[0,13],"34":[0,13],"35":[0,13]},"f":{"1":46424,"2":43814,"3":43814,"4":46596,"5":285,"6":295,"7":52,"8":0,"9":0,"10":57,"11":43,"12":43,"13":28469,"14":14494,"15":0,"16":13},"fnMap":{"1":{"name":"(anonymous_1)","line":5,"loc":{"start":{"line":5,"column":19},"end":{"line":5,"column":35}}},"2":{"name":"(anonymous_2)","line":26,"loc":{"start":{"line":26,"column":10},"end":{"line":26,"column":29}}},"3":{"name":"(anonymous_3)","line":30,"loc":{"start":{"line":30,"column":15},"end":{"line":30,"column":30}}},"4":{"name":"(anonymous_4)","line":36,"loc":{"start":{"line":36,"column":17},"end":{"line":36,"column":45}}},"5":{"name":"(anonymous_5)","line":50,"loc":{"start":{"line":50,"column":10},"end":{"line":50,"column":40}}},"6":{"name":"(anonymous_6)","line":60,"loc":{"start":{"line":60,"column":15},"end":{"line":60,"column":36}}},"7":{"name":"(anonymous_7)","line":75,"loc":{"start":{"line":75,"column":9},"end":{"line":75,"column":55}}},"8":{"name":"noop","line":88,"loc":{"start":{"line":88,"column":23},"end":{"line":88,"column":39}}},"9":{"name":"noop","line":91,"loc":{"start":{"line":91,"column":31},"end":{"line":91,"column":47}}},"10":{"name":"shouldCallNextIterator","line":101,"loc":{"start":{"line":101,"column":33},"end":{"line":101,"column":67}}},"11":{"name":"iteratorCallback","line":105,"loc":{"start":{"line":105,"column":27},"end":{"line":105,"column":58}}},"12":{"name":"processIterator","line":122,"loc":{"start":{"line":122,"column":26},"end":{"line":122,"column":53}}},"13":{"name":"(anonymous_13)","line":137,"loc":{"start":{"line":137,"column":9},"end":{"line":137,"column":24}}},"14":{"name":"(anonymous_14)","line":140,"loc":{"start":{"line":140,"column":13},"end":{"line":140,"column":37}}},"15":{"name":"(anonymous_15)","line":148,"loc":{"start":{"line":148,"column":17},"end":{"line":148,"column":41}}},"16":{"name":"(anonymous_16)","line":159,"loc":{"start":{"line":159,"column":14},"end":{"line":159,"column":35}}}},"statementMap":{"1":{"start":{"line":1,"column":0},"end":{"line":170,"column":2}},"2":{"start":{"line":9,"column":4},"end":{"line":9,"column":25}},"3":{"start":{"line":9,"column":15},"end":{"line":9,"column":25}},"4":{"start":{"line":11,"column":4},"end":{"line":11,"column":22}},"5":{"start":{"line":13,"column":4},"end":{"line":13,"column":24}},"6":{"start":{"line":15,"column":4},"end":{"line":22,"column":5}},"7":{"start":{"line":17,"column":6},"end":{"line":17,"column":54}},"8":{"start":{"line":17,"column":45},"end":{"line":17,"column":54}},"9":{"start":{"line":19,"column":6},"end":{"line":19,"column":26}},"10":{"start":{"line":21,"column":6},"end":{"line":21,"column":25}},"11":{"start":{"line":24,"column":4},"end":{"line":24,"column":20}},"12":{"start":{"line":28,"column":4},"end":{"line":28,"column":89}},"13":{"start":{"line":32,"column":4},"end":{"line":32,"column":74}},"14":{"start":{"line":32,"column":33},"end":{"line":32,"column":74}},"15":{"start":{"line":34,"column":4},"end":{"line":34,"column":54}},"16":{"start":{"line":39,"column":4},"end":{"line":39,"column":62}},"17":{"start":{"line":39,"column":36},"end":{"line":39,"column":62}},"18":{"start":{"line":41,"column":4},"end":{"line":41,"column":56}},"19":{"start":{"line":44,"column":4},"end":{"line":44,"column":44}},"20":{"start":{"line":44,"column":32},"end":{"line":44,"column":44}},"21":{"start":{"line":46,"column":4},"end":{"line":46,"column":48}},"22":{"start":{"line":46,"column":36},"end":{"line":46,"column":48}},"23":{"start":{"line":48,"column":4},"end":{"line":48,"column":54}},"24":{"start":{"line":52,"column":4},"end":{"line":52,"column":20}},"25":{"start":{"line":54,"column":4},"end":{"line":54,"column":33}},"26":{"start":{"line":54,"column":17},"end":{"line":54,"column":33}},"27":{"start":{"line":56,"column":4},"end":{"line":56,"column":21}},"28":{"start":{"line":58,"column":4},"end":{"line":58,"column":25}},"29":{"start":{"line":60,"column":4},"end":{"line":70,"column":18}},"30":{"start":{"line":62,"column":6},"end":{"line":62,"column":25}},"31":{"start":{"line":64,"column":6},"end":{"line":64,"column":48}},"32":{"start":{"line":64,"column":15},"end":{"line":64,"column":48}},"33":{"start":{"line":66,"column":6},"end":{"line":66,"column":74}},"34":{"start":{"line":66,"column":34},"end":{"line":66,"column":74}},"35":{"start":{"line":68,"column":6},"end":{"line":68,"column":60}},"36":{"start":{"line":72,"column":4},"end":{"line":72,"column":37}},"37":{"start":{"line":77,"column":4},"end":{"line":77,"column":20}},"38":{"start":{"line":78,"column":4},"end":{"line":78,"column":18}},"39":{"start":{"line":79,"column":4},"end":{"line":79,"column":35}},"40":{"start":{"line":80,"column":4},"end":{"line":80,"column":23}},"41":{"start":{"line":81,"column":4},"end":{"line":81,"column":14}},"42":{"start":{"line":82,"column":4},"end":{"line":82,"column":17}},"43":{"start":{"line":83,"column":4},"end":{"line":83,"column":16}},"44":{"start":{"line":85,"column":4},"end":{"line":93,"column":5}},"45":{"start":{"line":86,"column":6},"end":{"line":86,"column":28}},"46":{"start":{"line":87,"column":6},"end":{"line":87,"column":27}},"47":{"start":{"line":88,"column":6},"end":{"line":88,"column":42}},"48":{"start":{"line":90,"column":6},"end":{"line":90,"column":30}},"49":{"start":{"line":91,"column":6},"end":{"line":91,"column":50}},"50":{"start":{"line":92,"column":6},"end":{"line":92,"column":25}},"51":{"start":{"line":95,"column":4},"end":{"line":97,"column":5}},"52":{"start":{"line":96,"column":6},"end":{"line":96,"column":24}},"53":{"start":{"line":99,"column":4},"end":{"line":99,"column":40}},"54":{"start":{"line":101,"column":4},"end":{"line":103,"column":6}},"55":{"start":{"line":102,"column":6},"end":{"line":102,"column":67}},"56":{"start":{"line":105,"column":4},"end":{"line":120,"column":6}},"57":{"start":{"line":106,"column":6},"end":{"line":108,"column":7}},"58":{"start":{"line":107,"column":8},"end":{"line":107,"column":15}},"59":{"start":{"line":110,"column":6},"end":{"line":110,"column":16}},"60":{"start":{"line":112,"column":6},"end":{"line":119,"column":7}},"61":{"start":{"line":114,"column":8},"end":{"line":114,"column":22}},"62":{"start":{"line":115,"column":8},"end":{"line":115,"column":22}},"63":{"start":{"line":117,"column":13},"end":{"line":119,"column":7}},"64":{"start":{"line":118,"column":8},"end":{"line":118,"column":33}},"65":{"start":{"line":122,"column":4},"end":{"line":133,"column":6}},"66":{"start":{"line":123,"column":6},"end":{"line":123,"column":16}},"67":{"start":{"line":125,"column":6},"end":{"line":126,"column":46}},"68":{"start":{"line":128,"column":6},"end":{"line":128,"column":32}},"69":{"start":{"line":130,"column":6},"end":{"line":132,"column":7}},"70":{"start":{"line":131,"column":8},"end":{"line":131,"column":33}},"71":{"start":{"line":135,"column":4},"end":{"line":135,"column":22}},"72":{"start":{"line":138,"column":4},"end":{"line":138,"column":43}},"73":{"start":{"line":142,"column":4},"end":{"line":143,"column":109}},"74":{"start":{"line":143,"column":6},"end":{"line":143,"column":109}},"75":{"start":{"line":145,"column":4},"end":{"line":146,"column":175}},"76":{"start":{"line":146,"column":6},"end":{"line":146,"column":175}},"77":{"start":{"line":150,"column":4},"end":{"line":150,"column":54}},"78":{"start":{"line":150,"column":43},"end":{"line":150,"column":54}},"79":{"start":{"line":151,"column":4},"end":{"line":151,"column":36}},"80":{"start":{"line":151,"column":25},"end":{"line":151,"column":36}},"81":{"start":{"line":152,"column":4},"end":{"line":152,"column":34}},"82":{"start":{"line":152,"column":23},"end":{"line":152,"column":34}},"83":{"start":{"line":154,"column":4},"end":{"line":154,"column":32}},"84":{"start":{"line":155,"column":4},"end":{"line":155,"column":82}},"85":{"start":{"line":155,"column":38},"end":{"line":155,"column":82}},"86":{"start":{"line":157,"column":4},"end":{"line":157,"column":18}},"87":{"start":{"line":161,"column":4},"end":{"line":161,"column":54}},"88":{"start":{"line":161,"column":43},"end":{"line":161,"column":54}},"89":{"start":{"line":162,"column":4},"end":{"line":162,"column":33}},"90":{"start":{"line":162,"column":22},"end":{"line":162,"column":33}},"91":{"start":{"line":163,"column":4},"end":{"line":163,"column":31}},"92":{"start":{"line":163,"column":20},"end":{"line":163,"column":31}},"93":{"start":{"line":165,"column":4},"end":{"line":165,"column":32}},"94":{"start":{"line":166,"column":4},"end":{"line":166,"column":91}},"95":{"start":{"line":166,"column":43},"end":{"line":166,"column":91}},"96":{"start":{"line":168,"column":4},"end":{"line":168,"column":18}}},"branchMap":{"1":{"line":9,"type":"if","locations":[{"start":{"line":9,"column":4},"end":{"line":9,"column":4}},{"start":{"line":9,"column":4},"end":{"line":9,"column":4}}]},"2":{"line":17,"type":"if","locations":[{"start":{"line":17,"column":6},"end":{"line":17,"column":6}},{"start":{"line":17,"column":6},"end":{"line":17,"column":6}}]},"3":{"line":17,"type":"binary-expr","locations":[{"start":{"line":17,"column":10},"end":{"line":17,"column":24}},{"start":{"line":17,"column":28},"end":{"line":17,"column":43}}]},"4":{"line":32,"type":"if","locations":[{"start":{"line":32,"column":4},"end":{"line":32,"column":4}},{"start":{"line":32,"column":4},"end":{"line":32,"column":4}}]},"5":{"line":39,"type":"if","locations":[{"start":{"line":39,"column":4},"end":{"line":39,"column":4}},{"start":{"line":39,"column":4},"end":{"line":39,"column":4}}]},"6":{"line":44,"type":"if","locations":[{"start":{"line":44,"column":4},"end":{"line":44,"column":4}},{"start":{"line":44,"column":4},"end":{"line":44,"column":4}}]},"7":{"line":46,"type":"if","locations":[{"start":{"line":46,"column":4},"end":{"line":46,"column":4}},{"start":{"line":46,"column":4},"end":{"line":46,"column":4}}]},"8":{"line":52,"type":"binary-expr","locations":[{"start":{"line":52,"column":9},"end":{"line":52,"column":11}},{"start":{"line":52,"column":15},"end":{"line":52,"column":19}}]},"9":{"line":54,"type":"if","locations":[{"start":{"line":54,"column":4},"end":{"line":54,"column":4}},{"start":{"line":54,"column":4},"end":{"line":54,"column":4}}]},"10":{"line":64,"type":"if","locations":[{"start":{"line":64,"column":6},"end":{"line":64,"column":6}},{"start":{"line":64,"column":6},"end":{"line":64,"column":6}}]},"11":{"line":66,"type":"if","locations":[{"start":{"line":66,"column":6},"end":{"line":66,"column":6}},{"start":{"line":66,"column":6},"end":{"line":66,"column":6}}]},"12":{"line":85,"type":"if","locations":[{"start":{"line":85,"column":4},"end":{"line":85,"column":4}},{"start":{"line":85,"column":4},"end":{"line":85,"column":4}}]},"13":{"line":88,"type":"binary-expr","locations":[{"start":{"line":88,"column":17},"end":{"line":88,"column":19}},{"start":{"line":88,"column":23},"end":{"line":88,"column":41}}]},"14":{"line":91,"type":"binary-expr","locations":[{"start":{"line":91,"column":17},"end":{"line":91,"column":27}},{"start":{"line":91,"column":31},"end":{"line":91,"column":49}}]},"15":{"line":95,"type":"if","locations":[{"start":{"line":95,"column":4},"end":{"line":95,"column":4}},{"start":{"line":95,"column":4},"end":{"line":95,"column":4}}]},"16":{"line":102,"type":"binary-expr","locations":[{"start":{"line":102,"column":14},"end":{"line":102,"column":21}},{"start":{"line":102,"column":26},"end":{"line":102,"column":41}},{"start":{"line":102,"column":47},"end":{"line":102,"column":64}}]},"17":{"line":106,"type":"if","locations":[{"start":{"line":106,"column":6},"end":{"line":106,"column":6}},{"start":{"line":106,"column":6},"end":{"line":106,"column":6}}]},"18":{"line":112,"type":"if","locations":[{"start":{"line":112,"column":6},"end":{"line":112,"column":6}},{"start":{"line":112,"column":6},"end":{"line":112,"column":6}}]},"19":{"line":112,"type":"binary-expr","locations":[{"start":{"line":112,"column":10},"end":{"line":112,"column":13}},{"start":{"line":112,"column":18},"end":{"line":112,"column":37}},{"start":{"line":112,"column":41},"end":{"line":112,"column":49}}]},"20":{"line":117,"type":"if","locations":[{"start":{"line":117,"column":13},"end":{"line":117,"column":13}},{"start":{"line":117,"column":13},"end":{"line":117,"column":13}}]},"21":{"line":125,"type":"cond-expr","locations":[{"start":{"line":125,"column":42},"end":{"line":125,"column":72}},{"start":{"line":126,"column":8},"end":{"line":126,"column":45}}]},"22":{"line":130,"type":"if","locations":[{"start":{"line":130,"column":6},"end":{"line":130,"column":6}},{"start":{"line":130,"column":6},"end":{"line":130,"column":6}}]},"23":{"line":142,"type":"if","locations":[{"start":{"line":142,"column":4},"end":{"line":142,"column":4}},{"start":{"line":142,"column":4},"end":{"line":142,"column":4}}]},"24":{"line":142,"type":"binary-expr","locations":[{"start":{"line":142,"column":8},"end":{"line":142,"column":23}},{"start":{"line":142,"column":27},"end":{"line":142,"column":49}}]},"25":{"line":145,"type":"if","locations":[{"start":{"line":145,"column":4},"end":{"line":145,"column":4}},{"start":{"line":145,"column":4},"end":{"line":145,"column":4}}]},"26":{"line":150,"type":"if","locations":[{"start":{"line":150,"column":4},"end":{"line":150,"column":4}},{"start":{"line":150,"column":4},"end":{"line":150,"column":4}}]},"27":{"line":150,"type":"binary-expr","locations":[{"start":{"line":150,"column":8},"end":{"line":150,"column":20}},{"start":{"line":150,"column":24},"end":{"line":150,"column":41}}]},"28":{"line":151,"type":"if","locations":[{"start":{"line":151,"column":4},"end":{"line":151,"column":4}},{"start":{"line":151,"column":4},"end":{"line":151,"column":4}}]},"29":{"line":152,"type":"if","locations":[{"start":{"line":152,"column":4},"end":{"line":152,"column":4}},{"start":{"line":152,"column":4},"end":{"line":152,"column":4}}]},"30":{"line":155,"type":"if","locations":[{"start":{"line":155,"column":4},"end":{"line":155,"column":4}},{"start":{"line":155,"column":4},"end":{"line":155,"column":4}}]},"31":{"line":161,"type":"if","locations":[{"start":{"line":161,"column":4},"end":{"line":161,"column":4}},{"start":{"line":161,"column":4},"end":{"line":161,"column":4}}]},"32":{"line":161,"type":"binary-expr","locations":[{"start":{"line":161,"column":8},"end":{"line":161,"column":20}},{"start":{"line":161,"column":24},"end":{"line":161,"column":41}}]},"33":{"line":162,"type":"if","locations":[{"start":{"line":162,"column":4},"end":{"line":162,"column":4}},{"start":{"line":162,"column":4},"end":{"line":162,"column":4}}]},"34":{"line":163,"type":"if","locations":[{"start":{"line":163,"column":4},"end":{"line":163,"column":4}},{"start":{"line":163,"column":4},"end":{"line":163,"column":4}}]},"35":{"line":166,"type":"if","locations":[{"start":{"line":166,"column":4},"end":{"line":166,"column":4}},{"start":{"line":166,"column":4},"end":{"line":166,"column":4}}]}}},"/Users/simonbishop/Documents/Projects/happn-3/lib/client.js":{"path":"/Users/simonbishop/Documents/Projects/happn-3/lib/client.js","s":{"1":1,"2":1,"3":1,"4":1,"5":1,"6":1,"7":1,"8":1,"9":1,"10":0,"11":1,"12":1,"13":1,"14":1,"15":1,"16":1,"17":1,"18":0,"19":0,"20":0,"21":0,"22":0,"23":0,"24":1,"25":19,"26":11280,"27":11280,"28":11280,"29":0,"30":11280,"31":9039,"32":2241,"33":2241,"34":2239,"35":27,"36":2212,"37":0,"38":0,"39":0,"40":2212,"41":2241,"42":2241,"43":2,"44":1,"45":267,"46":263,"47":4,"48":4,"49":4,"50":0,"51":0,"52":0,"53":4,"54":0,"55":0,"56":0,"57":4,"58":0,"59":4,"60":0,"61":4,"62":1,"63":0,"64":0,"65":0,"66":0,"67":0,"68":0,"69":0,"70":0,"71":0,"72":0,"73":0,"74":0,"75":0,"76":0,"77":0,"78":0,"79":0,"80":0,"81":0,"82":0,"83":0,"84":0,"85":0,"86":0,"87":1,"88":383,"89":383,"90":383,"91":383,"92":383,"93":1,"94":9,"95":1,"96":267,"97":3,"98":267,"99":0,"100":267,"101":0,"102":267,"103":267,"104":4,"105":267,"106":1,"107":1,"108":263,"109":32,"110":32,"111":32,"112":263,"113":229,"114":229,"115":229,"116":263,"117":263,"118":263,"119":0,"120":263,"121":263,"122":1,"123":263,"124":263,"125":232,"126":31,"127":31,"128":31,"129":0,"130":0,"131":1,"132":273,"133":273,"134":273,"135":0,"136":273,"137":273,"138":0,"139":273,"140":0,"141":0,"142":0,"143":0,"144":0,"145":0,"146":0,"147":0,"148":0,"149":0,"150":0,"151":0,"152":0,"153":0,"154":0,"155":0,"156":0,"157":0,"158":0,"159":0,"160":0,"161":0,"162":0,"163":0,"164":0,"165":273,"166":273,"167":273,"168":273,"169":273,"170":273,"171":1,"172":265,"173":265,"174":265,"175":0,"176":0,"177":0,"178":0,"179":0,"180":0,"181":0,"182":0,"183":265,"184":265,"185":32,"186":233,"187":233,"188":1,"189":281,"190":31,"191":281,"192":31,"193":1,"194":281,"195":250,"196":281,"197":250,"198":281,"199":1,"200":281,"201":249,"202":281,"203":249,"204":281,"205":281,"206":0,"207":281,"208":0,"209":281,"210":251,"211":1,"212":283,"213":40,"214":4,"215":283,"216":4,"217":4,"218":4,"219":4,"220":4,"221":4,"222":4,"223":4,"224":4,"225":4,"226":283,"227":250,"228":283,"229":172,"230":283,"231":253,"232":253,"233":0,"234":253,"235":0,"236":253,"237":283,"238":1,"239":280,"240":280,"241":169,"242":169,"243":339,"244":154,"245":111,"246":280,"247":248,"248":280,"249":74,"250":280,"251":74,"252":448,"253":448,"254":374,"255":74,"256":280,"257":1,"258":1,"259":1,"260":1,"261":1,"262":1,"263":1,"264":1,"265":2,"266":279,"267":280,"268":280,"269":5,"270":280,"271":280,"272":280,"273":0,"274":280,"275":280,"276":280,"277":250,"278":280,"279":250,"280":280,"281":250,"282":280,"283":1,"284":1,"285":1,"286":10,"287":10,"288":1,"289":1,"290":1,"291":1,"292":1,"293":1,"294":1,"295":1,"296":1,"297":1,"298":1,"299":273,"300":273,"301":0,"302":0,"303":0,"304":0,"305":0,"306":273,"307":190,"308":190,"309":190,"310":190,"311":0,"312":0,"313":0,"314":0,"315":0,"316":0,"317":0,"318":0,"319":0,"320":0,"321":0,"322":0,"323":0,"324":0,"325":0,"326":0,"327":0,"328":0,"329":0,"330":0,"331":0,"332":190,"333":0,"334":1,"335":190,"336":190,"337":190,"338":190,"339":0,"340":190,"341":190,"342":190,"343":1,"344":1,"345":0,"346":1,"347":1,"348":0,"349":190,"350":188,"351":187,"352":187,"353":187,"354":187,"355":0,"356":187,"357":190,"358":2,"359":2,"360":0,"361":2,"362":2,"363":2,"364":190,"365":1,"366":384,"367":384,"368":384,"369":384,"370":384,"371":384,"372":384,"373":384,"374":384,"375":384,"376":384,"377":384,"378":384,"379":384,"380":1,"381":388,"382":388,"383":27,"384":1,"385":26,"386":1,"387":25,"388":20,"389":25,"390":25,"391":388,"392":3,"393":3,"394":3,"395":388,"396":638,"397":48,"398":114,"399":44,"400":70,"401":1,"402":1,"403":1,"404":0,"405":0,"406":0,"407":0,"408":0,"409":0,"410":0,"411":0,"412":0,"413":0,"414":0,"415":1,"416":1,"417":1,"418":0,"419":0,"420":0,"421":0,"422":0,"423":0,"424":0,"425":0,"426":0,"427":0,"428":1,"429":1,"430":0,"431":1,"432":24,"433":1,"434":20,"435":20,"436":0,"437":1,"438":102,"439":1,"440":87,"441":87,"442":1,"443":38,"444":37,"445":1,"446":0,"447":0,"448":0,"449":0,"450":0,"451":1,"452":1,"453":1,"454":1,"455":261,"456":261,"457":261,"458":0,"459":0,"460":0,"461":0,"462":1,"463":3,"464":3,"465":1,"466":3,"467":1,"468":286,"469":286,"470":286,"471":286,"472":30,"473":256,"474":255,"475":255,"476":1,"477":286,"478":3,"479":283,"480":0,"481":283,"482":283,"483":283,"484":537,"485":283,"486":283,"487":283,"488":29,"489":29,"490":0,"491":0,"492":0,"493":254,"494":254,"495":1,"496":6,"497":1,"498":32,"499":32,"500":32,"501":26,"502":32,"503":32,"504":4,"505":4,"506":0,"507":4,"508":4,"509":28,"510":1,"511":301,"512":301,"513":301,"514":300,"515":300,"516":144,"517":300,"518":30,"519":300,"520":17,"521":300,"522":0,"523":300,"524":300,"525":1,"526":299,"527":299,"528":0,"529":299,"530":299,"531":172,"532":12,"533":160,"534":3,"535":3,"536":0,"537":160,"538":28,"539":28,"540":0,"541":28,"542":11,"543":0,"544":11,"545":11,"546":11,"547":28,"548":28,"549":28,"550":0,"551":28,"552":132,"553":127,"554":1,"555":305,"556":305,"557":41,"558":40,"559":264,"560":264,"561":3,"562":261,"563":261,"564":261,"565":261,"566":261,"567":261,"568":261,"569":261,"570":1,"571":270,"572":270,"573":242,"574":28,"575":1,"576":1,"577":1,"578":1,"579":174,"580":174,"581":174,"582":174,"583":174,"584":0,"585":0,"586":0,"587":0,"588":1,"589":10729,"590":1,"591":10716,"592":10716,"593":10716,"594":10695,"595":10695,"596":10695,"597":10716,"598":5,"599":5,"600":5,"601":1,"602":5,"603":1,"604":5,"605":10716,"606":1,"607":9843,"608":9,"609":9,"610":2,"611":9,"612":2,"613":9,"614":2,"615":9,"616":3,"617":9,"618":9,"619":9,"620":9,"621":5,"622":4,"623":9834,"624":9834,"625":270,"626":9564,"627":9834,"628":5964,"629":8,"630":9834,"631":9833,"632":9834,"633":132,"634":9834,"635":9829,"636":9834,"637":1,"638":893,"639":893,"640":589,"641":893,"642":111,"643":893,"644":608,"645":285,"646":893,"647":608,"648":893,"649":893,"650":1,"651":1408,"652":1408,"653":1,"654":1393,"655":1271,"656":1271,"657":1393,"658":1,"659":8,"660":1,"661":22,"662":4,"663":4,"664":4,"665":22,"666":2,"667":2,"668":2,"669":22,"670":1,"671":21,"672":1,"673":5778,"674":5317,"675":5317,"676":5778,"677":7,"678":5778,"679":5778,"680":5774,"681":4,"682":1,"683":15,"684":1,"685":189,"686":154,"687":154,"688":189,"689":1,"690":1348,"691":14,"692":1334,"693":1,"694":100,"695":2,"696":98,"697":1,"698":100,"699":2,"700":98,"701":1,"702":27,"703":27,"704":4,"705":4,"706":4,"707":6,"708":0,"709":0,"710":6,"711":6,"712":6,"713":0,"714":6,"715":6,"716":6,"717":1,"718":40,"719":40,"720":40,"721":40,"722":38,"723":0,"724":38,"725":12,"726":0,"727":12,"728":26,"729":26,"730":0,"731":26,"732":26,"733":1,"734":130,"735":130,"736":11,"737":130,"738":130,"739":126,"740":126,"741":4,"742":130,"743":1,"744":12,"745":12,"746":1,"747":11,"748":11,"749":11,"750":11,"751":11,"752":3,"753":11,"754":11,"755":1,"756":8,"757":8,"758":8,"759":3,"760":5,"761":1,"762":12006,"763":104,"764":18,"765":86,"766":12006,"767":1271,"768":10735,"769":36,"770":10699,"771":7,"772":10692,"773":74,"774":10618,"775":57,"776":57,"777":57,"778":57,"779":173,"780":115,"781":57,"782":10561,"783":10561,"784":9240,"785":9240,"786":1321,"787":10561,"788":1318,"789":10561,"790":1,"791":75,"792":75,"793":75,"794":1,"795":10622,"796":10622,"797":10620,"798":1318,"799":9302,"800":1,"801":1277,"802":8,"803":8,"804":8,"805":1,"806":1,"807":8,"808":8,"809":1269,"810":1269,"811":1,"812":1284,"813":1284,"814":1,"815":1283,"816":1283,"817":1283,"818":63,"819":63,"820":0,"821":63,"822":1220,"823":1,"824":1274,"825":0,"826":1274,"827":1266,"828":8,"829":8,"830":8,"831":15,"832":1,"833":36,"834":36,"835":36,"836":1,"837":1,"838":1,"839":1,"840":4,"841":4,"842":1,"843":1356,"844":1,"845":1409,"846":1409,"847":1208,"848":1208,"849":1208,"850":1409,"851":25,"852":1409,"853":1278,"854":1409,"855":1341,"856":1409,"857":24,"858":1,"859":23,"860":1,"861":22,"862":22,"863":1407,"864":1407,"865":1407,"866":1342,"867":1407,"868":1407,"869":1349,"870":1407,"871":1407,"872":1349,"873":1349,"874":7,"875":1342,"876":0,"877":1342,"878":12,"879":5,"880":7,"881":12,"882":1330,"883":1342,"884":22,"885":1320,"886":7,"887":1313,"888":58,"889":1,"890":24,"891":1,"892":1113,"893":1014,"894":1014,"895":1113,"896":1113,"897":0,"898":1113,"899":0,"900":1113,"901":1,"902":129,"903":129,"904":0,"905":129,"906":129,"907":179,"908":179,"909":186,"910":73,"911":113,"912":113,"913":113,"914":113,"915":100,"916":100,"917":0,"918":100,"919":100,"920":100,"921":97,"922":100,"923":13,"924":113,"925":129,"926":16,"927":1,"928":26,"929":26,"930":26,"931":26,"932":39,"933":39,"934":39,"935":22,"936":22,"937":28,"938":26,"939":7,"940":19,"941":28,"942":19,"943":0,"944":19,"945":22,"946":19,"947":1,"948":1014,"949":1014,"950":1014,"951":0,"952":1014,"953":1014,"954":1014,"955":1014,"956":1,"957":47,"958":7,"959":40,"960":3,"961":37,"962":1,"963":26,"964":0,"965":0,"966":26,"967":1,"968":177,"969":177,"970":0,"971":177,"972":19,"973":1,"974":368,"975":368,"976":175,"977":175,"978":4,"979":4,"980":0,"981":4,"982":4,"983":171,"984":171,"985":0,"986":1,"987":6,"988":1,"989":177,"990":177,"991":114,"992":114,"993":177,"994":114,"995":177,"996":0,"997":177,"998":177,"999":177,"1000":177,"1001":177,"1002":177,"1003":177,"1004":177,"1005":177,"1006":0},"b":{"1":[0,1],"2":[1,0],"3":[1,0],"4":[1,0],"5":[0,0],"6":[0,0],"7":[0,0],"8":[0,11280],"9":[11280,0],"10":[9039,2241],"11":[27,2212],"12":[0,2212],"13":[263,4],"14":[0,4],"15":[0,4],"16":[4,4],"17":[0,0],"18":[0,0],"19":[0,4],"20":[4,4],"21":[0,0],"22":[0,0],"23":[0,4],"24":[4,0],"25":[0,4],"26":[4,4],"27":[0,0],"28":[0,0],"29":[0,0],"30":[0,0],"31":[0,0],"32":[0,0],"33":[383,0],"34":[3,264],"35":[0,267],"36":[0,267],"37":[4,263],"38":[267,4],"39":[32,231],"40":[229,34],"41":[229,0],"42":[1,262],"43":[232,31],"44":[31,0],"45":[273,0],"46":[0,273],"47":[273,0],"48":[273,0],"49":[0,273],"50":[0,0],"51":[0,0],"52":[0,0],"53":[0,0],"54":[0,0],"55":[0,0],"56":[0,0],"57":[0,0],"58":[0,265],"59":[0,0],"60":[0,0],"61":[32,233],"62":[31,250],"63":[281,31],"64":[31,250],"65":[281,31],"66":[250,31],"67":[250,31],"68":[1,280],"69":[249,32],"70":[249,32],"71":[2,279],"72":[0,281],"73":[0,281],"74":[251,30],"75":[4,36],"76":[40,40],"77":[4,279],"78":[250,33],"79":[172,111],"80":[253,30],"81":[253,248],"82":[0,253],"83":[253,247],"84":[0,253],"85":[253,3],"86":[169,111],"87":[154,185],"88":[339,170],"89":[248,32],"90":[74,206],"91":[74,206],"92":[448,0],"93":[374,74],"94":[1,279],"95":[1,0],"96":[1,0],"97":[1,0],"98":[0,2],"99":[5,275],"100":[48,232],"101":[0,280],"102":[250,30],"103":[250,30],"104":[250,30],"105":[10,0],"106":[0,0],"107":[0,190],"108":[0,0],"109":[0,0],"110":[0,0],"111":[0,0],"112":[0,0],"113":[0,0],"114":[0,0],"115":[0,190],"116":[1,0],"117":[0,1],"118":[187,1],"119":[0,187],"120":[2,0],"121":[0,2],"122":[1,26],"123":[1,25],"124":[20,5],"125":[48,590],"126":[44,70],"127":[1,0],"128":[0,0],"129":[0,0,0,0],"130":[0,1],"131":[0,0],"132":[0,0],"133":[0,0],"134":[0,0],"135":[0,0],"136":[0,0],"137":[1,23],"138":[37,1],"139":[0,1],"140":[0,0],"141":[0,261],"142":[0,0],"143":[0,0],"144":[1,2],"145":[30,256],"146":[255,1],"147":[3,283],"148":[0,283],"149":[283,283],"150":[537,537],"151":[29,254],"152":[29,0],"153":[0,0],"154":[26,6],"155":[4,28],"156":[0,4],"157":[74,226],"158":[144,156],"159":[30,270],"160":[17,283],"161":[0,300],"162":[1,299],"163":[0,299],"164":[172,127],"165":[12,160],"166":[172,155],"167":[3,157],"168":[160,20],"169":[3,0],"170":[28,132],"171":[160,135],"172":[0,28],"173":[11,17],"174":[28,17],"175":[0,11],"176":[0,28],"177":[41,264],"178":[3,261],"179":[242,28],"180":[0,174],"181":[0,0],"182":[1,4],"183":[1,4],"184":[9,9834],"185":[2,7],"186":[2,7],"187":[2,7],"188":[3,6],"189":[5,4],"190":[270,9564],"191":[5964,3870],"192":[8,5956],"193":[5964,5960],"194":[9833,1],"195":[132,9702],"196":[9829,5],"197":[589,304],"198":[111,782],"199":[608,285],"200":[608,285],"201":[1271,122],"202":[4,18],"203":[2,20],"204":[1,21],"205":[5317,461],"206":[7,5771],"207":[154,35],"208":[14,1334],"209":[1348,1342],"210":[2,98],"211":[100,99],"212":[2,98],"213":[100,99],"214":[0,6],"215":[0,6],"216":[0,38],"217":[12,26],"218":[0,12],"219":[12,12],"220":[0,26],"221":[130,4],"222":[11,119],"223":[126,4],"224":[1,11],"225":[11,4],"226":[8,0],"227":[3,5],"228":[104,11902],"229":[18,86],"230":[104,18],"231":[1271,10735],"232":[12006,11932],"233":[36,10699],"234":[10735,10661],"235":[7,10692],"236":[10699,10625],"237":[74,10618],"238":[57,10561],"239":[57,0,0],"240":[115,58],"241":[9240,1321],"242":[1318,9243],"243":[75,0],"244":[10620,2],"245":[1318,9302],"246":[8,1269],"247":[1,7],"248":[8,0],"249":[1269,0],"250":[1,1283],"251":[1284,78],"252":[63,1220],"253":[1283,77],"254":[0,63],"255":[0,1274],"256":[1266,8],"257":[36,0],"258":[1208,201],"259":[25,1384],"260":[1278,131],"261":[1409,131],"262":[1341,68],"263":[24,1385],"264":[1,23],"265":[1,22],"266":[1342,65],"267":[1349,58],"268":[1349,58],"269":[1407,58,58],"270":[7,1342],"271":[0,1342],"272":[12,1330],"273":[1342,1337],"274":[5,7],"275":[22,1320],"276":[7,1313],"277":[1014,99],"278":[0,1113],"279":[0,1113],"280":[0,129],"281":[129,129],"282":[73,113],"283":[100,13],"284":[113,13,13],"285":[0,100],"286":[97,3],"287":[16,113],"288":[22,17],"289":[7,19],"290":[0,19],"291":[0,1014],"292":[7,40],"293":[3,37],"294":[0,26],"295":[175,193],"296":[4,171],"297":[175,174],"298":[0,4],"299":[114,63],"300":[114,63],"301":[0,177]},"f":{"1":1,"2":0,"3":19,"4":11280,"5":2241,"6":2239,"7":267,"8":0,"9":0,"10":383,"11":9,"12":267,"13":263,"14":263,"15":31,"16":273,"17":0,"18":0,"19":0,"20":0,"21":0,"22":0,"23":0,"24":0,"25":265,"26":0,"27":0,"28":265,"29":281,"30":281,"31":283,"32":40,"33":280,"34":2,"35":1,"36":10,"37":273,"38":0,"39":0,"40":190,"41":0,"42":190,"43":1,"44":188,"45":2,"46":384,"47":388,"48":27,"49":3,"50":638,"51":114,"52":1,"53":0,"54":1,"55":0,"56":0,"57":24,"58":20,"59":102,"60":87,"61":38,"62":0,"63":261,"64":3,"65":286,"66":286,"67":286,"68":537,"69":283,"70":283,"71":6,"72":32,"73":32,"74":4,"75":301,"76":300,"77":299,"78":28,"79":28,"80":305,"81":264,"82":270,"83":1,"84":174,"85":0,"86":10729,"87":10716,"88":10695,"89":5,"90":9843,"91":893,"92":1408,"93":1393,"94":8,"95":22,"96":5778,"97":15,"98":189,"99":1348,"100":100,"101":100,"102":27,"103":4,"104":6,"105":6,"106":40,"107":38,"108":26,"109":130,"110":12,"111":11,"112":3,"113":8,"114":12006,"115":173,"116":75,"117":10622,"118":1277,"119":8,"120":1284,"121":1283,"122":63,"123":1274,"124":15,"125":36,"126":1,"127":1,"128":4,"129":1356,"130":1409,"131":1349,"132":7,"133":24,"134":1113,"135":1113,"136":129,"137":179,"138":186,"139":100,"140":26,"141":39,"142":28,"143":28,"144":19,"145":22,"146":1014,"147":1014,"148":47,"149":26,"150":177,"151":0,"152":19,"153":368,"154":4,"155":6,"156":177,"157":0},"fnMap":{"1":{"name":"(anonymous_1)","line":1,"loc":{"start":{"line":1,"column":1},"end":{"line":1,"column":12}}},"2":{"name":"(anonymous_2)","line":34,"loc":{"start":{"line":34,"column":26},"end":{"line":34,"column":39}}},"3":{"name":"(anonymous_3)","line":40,"loc":{"start":{"line":40,"column":18},"end":{"line":40,"column":51}}},"4":{"name":"(anonymous_4)","line":42,"loc":{"start":{"line":42,"column":11},"end":{"line":42,"column":22}}},"5":{"name":"(anonymous_5)","line":55,"loc":{"start":{"line":55,"column":25},"end":{"line":55,"column":51}}},"6":{"name":"(anonymous_6)","line":57,"loc":{"start":{"line":57,"column":18},"end":{"line":57,"column":48}}},"7":{"name":"(anonymous_7)","line":75,"loc":{"start":{"line":75,"column":19},"end":{"line":75,"column":40}}},"8":{"name":"(anonymous_8)","line":107,"loc":{"start":{"line":107,"column":19},"end":{"line":107,"column":40}}},"9":{"name":"(anonymous_9)","line":119,"loc":{"start":{"line":119,"column":34},"end":{"line":119,"column":55}}},"10":{"name":"HappnClient","line":153,"loc":{"start":{"line":153,"column":2},"end":{"line":153,"column":25}}},"11":{"name":"(anonymous_11)","line":171,"loc":{"start":{"line":171,"column":27},"end":{"line":171,"column":45}}},"12":{"name":"(anonymous_12)","line":175,"loc":{"start":{"line":175,"column":25},"end":{"line":175,"column":55}}},"13":{"name":"(anonymous_13)","line":196,"loc":{"start":{"line":196,"column":33},"end":{"line":196,"column":73}}},"14":{"name":"(anonymous_14)","line":228,"loc":{"start":{"line":228,"column":29},"end":{"line":228,"column":58}}},"15":{"name":"(anonymous_15)","line":233,"loc":{"start":{"line":233,"column":33},"end":{"line":233,"column":44}}},"16":{"name":"(anonymous_16)","line":242,"loc":{"start":{"line":242,"column":33},"end":{"line":242,"column":51}}},"17":{"name":"(anonymous_17)","line":261,"loc":{"start":{"line":261,"column":17},"end":{"line":261,"column":36}}},"18":{"name":"(anonymous_18)","line":265,"loc":{"start":{"line":265,"column":17},"end":{"line":265,"column":36}}},"19":{"name":"(anonymous_19)","line":269,"loc":{"start":{"line":269,"column":15},"end":{"line":269,"column":34}}},"20":{"name":"(anonymous_20)","line":273,"loc":{"start":{"line":273,"column":15},"end":{"line":273,"column":34}}},"21":{"name":"(anonymous_21)","line":277,"loc":{"start":{"line":277,"column":14},"end":{"line":277,"column":33}}},"22":{"name":"(anonymous_22)","line":281,"loc":{"start":{"line":281,"column":14},"end":{"line":281,"column":33}}},"23":{"name":"(anonymous_23)","line":285,"loc":{"start":{"line":285,"column":15},"end":{"line":285,"column":34}}},"24":{"name":"(anonymous_24)","line":289,"loc":{"start":{"line":289,"column":15},"end":{"line":289,"column":34}}},"25":{"name":"(anonymous_25)","line":309,"loc":{"start":{"line":309,"column":47},"end":{"line":309,"column":66}}},"26":{"name":"(anonymous_26)","line":318,"loc":{"start":{"line":318,"column":32},"end":{"line":318,"column":44}}},"27":{"name":"(anonymous_27)","line":322,"loc":{"start":{"line":322,"column":27},"end":{"line":322,"column":39}}},"28":{"name":"(anonymous_28)","line":333,"loc":{"start":{"line":333,"column":23},"end":{"line":333,"column":35}}},"29":{"name":"(anonymous_29)","line":343,"loc":{"start":{"line":343,"column":51},"end":{"line":343,"column":69}}},"30":{"name":"(anonymous_30)","line":351,"loc":{"start":{"line":351,"column":49},"end":{"line":351,"column":67}}},"31":{"name":"(anonymous_31)","line":375,"loc":{"start":{"line":375,"column":53},"end":{"line":375,"column":81}}},"32":{"name":"(anonymous_32)","line":377,"loc":{"start":{"line":377,"column":22},"end":{"line":377,"column":45}}},"33":{"name":"(anonymous_33)","line":421,"loc":{"start":{"line":421,"column":43},"end":{"line":421,"column":61}}},"34":{"name":"(anonymous_34)","line":465,"loc":{"start":{"line":465,"column":54},"end":{"line":465,"column":75}}},"35":{"name":"(anonymous_35)","line":497,"loc":{"start":{"line":497,"column":42},"end":{"line":497,"column":64}}},"36":{"name":"(anonymous_36)","line":501,"loc":{"start":{"line":501,"column":21},"end":{"line":501,"column":44}}},"37":{"name":"(anonymous_37)","line":518,"loc":{"start":{"line":518,"column":51},"end":{"line":518,"column":62}}},"38":{"name":"(anonymous_38)","line":522,"loc":{"start":{"line":522,"column":37},"end":{"line":522,"column":61}}},"39":{"name":"(anonymous_39)","line":526,"loc":{"start":{"line":526,"column":48},"end":{"line":526,"column":69}}},"40":{"name":"(anonymous_40)","line":533,"loc":{"start":{"line":533,"column":28},"end":{"line":533,"column":47}}},"41":{"name":"(anonymous_41)","line":572,"loc":{"start":{"line":572,"column":49},"end":{"line":572,"column":60}}},"42":{"name":"(anonymous_42)","line":587,"loc":{"start":{"line":587,"column":42},"end":{"line":587,"column":61}}},"43":{"name":"(anonymous_43)","line":608,"loc":{"start":{"line":608,"column":25},"end":{"line":608,"column":36}}},"44":{"name":"waitForConnection","line":622,"loc":{"start":{"line":622,"column":22},"end":{"line":622,"column":51}}},"45":{"name":"(anonymous_45)","line":638,"loc":{"start":{"line":638,"column":23},"end":{"line":638,"column":35}}},"46":{"name":"(anonymous_46)","line":658,"loc":{"start":{"line":658,"column":44},"end":{"line":658,"column":55}}},"47":{"name":"(anonymous_47)","line":678,"loc":{"start":{"line":678,"column":45},"end":{"line":678,"column":56}}},"48":{"name":"(anonymous_48)","line":682,"loc":{"start":{"line":682,"column":20},"end":{"line":682,"column":54}}},"49":{"name":"(anonymous_49)","line":695,"loc":{"start":{"line":695,"column":21},"end":{"line":695,"column":41}}},"50":{"name":"(anonymous_50)","line":705,"loc":{"start":{"line":705,"column":17},"end":{"line":705,"column":48}}},"51":{"name":"(anonymous_51)","line":708,"loc":{"start":{"line":708,"column":53},"end":{"line":708,"column":71}}},"52":{"name":"(anonymous_52)","line":716,"loc":{"start":{"line":716,"column":36},"end":{"line":716,"column":60}}},"53":{"name":"(anonymous_53)","line":726,"loc":{"start":{"line":726,"column":48},"end":{"line":726,"column":59}}},"54":{"name":"(anonymous_54)","line":738,"loc":{"start":{"line":738,"column":39},"end":{"line":738,"column":58}}},"55":{"name":"(anonymous_55)","line":742,"loc":{"start":{"line":742,"column":96},"end":{"line":742,"column":108}}},"56":{"name":"(anonymous_56)","line":759,"loc":{"start":{"line":759,"column":41},"end":{"line":759,"column":60}}},"57":{"name":"(anonymous_57)","line":763,"loc":{"start":{"line":763,"column":41},"end":{"line":763,"column":73}}},"58":{"name":"(anonymous_58)","line":772,"loc":{"start":{"line":772,"column":41},"end":{"line":772,"column":63}}},"59":{"name":"(anonymous_59)","line":781,"loc":{"start":{"line":781,"column":43},"end":{"line":781,"column":61}}},"60":{"name":"(anonymous_60)","line":789,"loc":{"start":{"line":789,"column":43},"end":{"line":789,"column":61}}},"61":{"name":"(anonymous_61)","line":794,"loc":{"start":{"line":794,"column":58},"end":{"line":794,"column":77}}},"62":{"name":"(anonymous_62)","line":799,"loc":{"start":{"line":799,"column":62},"end":{"line":799,"column":74}}},"63":{"name":"(anonymous_63)","line":812,"loc":{"start":{"line":812,"column":42},"end":{"line":812,"column":59}}},"64":{"name":"(anonymous_64)","line":825,"loc":{"start":{"line":825,"column":43},"end":{"line":825,"column":61}}},"65":{"name":"(anonymous_65)","line":834,"loc":{"start":{"line":834,"column":36},"end":{"line":834,"column":72}}},"66":{"name":"(anonymous_66)","line":838,"loc":{"start":{"line":838,"column":16},"end":{"line":838,"column":29}}},"67":{"name":"(anonymous_67)","line":842,"loc":{"start":{"line":842,"column":9},"end":{"line":842,"column":29}}},"68":{"name":"(anonymous_68)","line":862,"loc":{"start":{"line":862,"column":6},"end":{"line":862,"column":17}}},"69":{"name":"(anonymous_69)","line":865,"loc":{"start":{"line":865,"column":6},"end":{"line":865,"column":30}}},"70":{"name":"(anonymous_70)","line":869,"loc":{"start":{"line":869,"column":14},"end":{"line":869,"column":26}}},"71":{"name":"(anonymous_71)","line":887,"loc":{"start":{"line":887,"column":38},"end":{"line":887,"column":54}}},"72":{"name":"(anonymous_72)","line":891,"loc":{"start":{"line":891,"column":41},"end":{"line":891,"column":77}}},"73":{"name":"(anonymous_73)","line":895,"loc":{"start":{"line":895,"column":26},"end":{"line":895,"column":45}}},"74":{"name":"(anonymous_74)","line":905,"loc":{"start":{"line":905,"column":15},"end":{"line":905,"column":37}}},"75":{"name":"(anonymous_75)","line":917,"loc":{"start":{"line":917,"column":42},"end":{"line":917,"column":61}}},"76":{"name":"(anonymous_76)","line":940,"loc":{"start":{"line":940,"column":13},"end":{"line":940,"column":25}}},"77":{"name":"(anonymous_77)","line":944,"loc":{"start":{"line":944,"column":59},"end":{"line":944,"column":83}}},"78":{"name":"(anonymous_78)","line":963,"loc":{"start":{"line":963,"column":40},"end":{"line":963,"column":52}}},"79":{"name":"(anonymous_79)","line":980,"loc":{"start":{"line":980,"column":52},"end":{"line":980,"column":84}}},"80":{"name":"(anonymous_80)","line":995,"loc":{"start":{"line":995,"column":49},"end":{"line":995,"column":68}}},"81":{"name":"(anonymous_81)","line":1012,"loc":{"start":{"line":1012,"column":26},"end":{"line":1012,"column":46}}},"82":{"name":"(anonymous_82)","line":1036,"loc":{"start":{"line":1036,"column":37},"end":{"line":1036,"column":48}}},"83":{"name":"(anonymous_83)","line":1042,"loc":{"start":{"line":1042,"column":51},"end":{"line":1042,"column":71}}},"84":{"name":"(anonymous_84)","line":1052,"loc":{"start":{"line":1052,"column":53},"end":{"line":1052,"column":68}}},"85":{"name":"(anonymous_85)","line":1066,"loc":{"start":{"line":1066,"column":22},"end":{"line":1066,"column":34}}},"86":{"name":"(anonymous_86)","line":1073,"loc":{"start":{"line":1073,"column":37},"end":{"line":1073,"column":48}}},"87":{"name":"(anonymous_87)","line":1078,"loc":{"start":{"line":1078,"column":44},"end":{"line":1078,"column":104}}},"88":{"name":"(anonymous_88)","line":1086,"loc":{"start":{"line":1086,"column":37},"end":{"line":1086,"column":59}}},"89":{"name":"(anonymous_89)","line":1092,"loc":{"start":{"line":1092,"column":42},"end":{"line":1092,"column":53}}},"90":{"name":"(anonymous_90)","line":1104,"loc":{"start":{"line":1104,"column":47},"end":{"line":1104,"column":95}}},"91":{"name":"(anonymous_91)","line":1147,"loc":{"start":{"line":1147,"column":49},"end":{"line":1147,"column":91}}},"92":{"name":"(anonymous_92)","line":1171,"loc":{"start":{"line":1171,"column":37},"end":{"line":1171,"column":60}}},"93":{"name":"(anonymous_93)","line":1176,"loc":{"start":{"line":1176,"column":40},"end":{"line":1176,"column":76}}},"94":{"name":"(anonymous_94)","line":1184,"loc":{"start":{"line":1184,"column":45},"end":{"line":1184,"column":69}}},"95":{"name":"(anonymous_95)","line":1192,"loc":{"start":{"line":1192,"column":46},"end":{"line":1192,"column":88}}},"96":{"name":"(anonymous_96)","line":1213,"loc":{"start":{"line":1213,"column":40},"end":{"line":1213,"column":79}}},"97":{"name":"(anonymous_97)","line":1230,"loc":{"start":{"line":1230,"column":47},"end":{"line":1230,"column":77}}},"98":{"name":"(anonymous_98)","line":1236,"loc":{"start":{"line":1236,"column":43},"end":{"line":1236,"column":79}}},"99":{"name":"(anonymous_99)","line":1246,"loc":{"start":{"line":1246,"column":46},"end":{"line":1246,"column":75}}},"100":{"name":"(anonymous_100)","line":1252,"loc":{"start":{"line":1252,"column":45},"end":{"line":1252,"column":63}}},"101":{"name":"(anonymous_101)","line":1258,"loc":{"start":{"line":1258,"column":43},"end":{"line":1258,"column":61}}},"102":{"name":"(anonymous_102)","line":1264,"loc":{"start":{"line":1264,"column":46},"end":{"line":1264,"column":65}}},"103":{"name":"(anonymous_103)","line":1268,"loc":{"start":{"line":1268,"column":55},"end":{"line":1268,"column":89}}},"104":{"name":"(anonymous_104)","line":1275,"loc":{"start":{"line":1275,"column":35},"end":{"line":1275,"column":68}}},"105":{"name":"(anonymous_105)","line":1285,"loc":{"start":{"line":1285,"column":47},"end":{"line":1285,"column":69}}},"106":{"name":"(anonymous_106)","line":1298,"loc":{"start":{"line":1298,"column":36},"end":{"line":1298,"column":54}}},"107":{"name":"(anonymous_107)","line":1306,"loc":{"start":{"line":1306,"column":23},"end":{"line":1306,"column":35}}},"108":{"name":"(anonymous_108)","line":1315,"loc":{"start":{"line":1315,"column":32},"end":{"line":1315,"column":44}}},"109":{"name":"(anonymous_109)","line":1324,"loc":{"start":{"line":1324,"column":39},"end":{"line":1324,"column":60}}},"110":{"name":"(anonymous_110)","line":1343,"loc":{"start":{"line":1343,"column":47},"end":{"line":1343,"column":74}}},"111":{"name":"(anonymous_111)","line":1356,"loc":{"start":{"line":1356,"column":14},"end":{"line":1356,"column":35}}},"112":{"name":"(anonymous_112)","line":1361,"loc":{"start":{"line":1361,"column":16},"end":{"line":1361,"column":27}}},"113":{"name":"(anonymous_113)","line":1370,"loc":{"start":{"line":1370,"column":37},"end":{"line":1370,"column":55}}},"114":{"name":"(anonymous_114)","line":1381,"loc":{"start":{"line":1381,"column":45},"end":{"line":1381,"column":63}}},"115":{"name":"(anonymous_115)","line":1402,"loc":{"start":{"line":1402,"column":33},"end":{"line":1402,"column":47}}},"116":{"name":"(anonymous_116)","line":1418,"loc":{"start":{"line":1418,"column":48},"end":{"line":1418,"column":76}}},"117":{"name":"(anonymous_117)","line":1424,"loc":{"start":{"line":1424,"column":42},"end":{"line":1424,"column":64}}},"118":{"name":"(anonymous_118)","line":1433,"loc":{"start":{"line":1433,"column":40},"end":{"line":1433,"column":68}}},"119":{"name":"(anonymous_119)","line":1437,"loc":{"start":{"line":1437,"column":95},"end":{"line":1437,"column":107}}},"120":{"name":"(anonymous_120)","line":1449,"loc":{"start":{"line":1449,"column":44},"end":{"line":1449,"column":72}}},"121":{"name":"(anonymous_121)","line":1458,"loc":{"start":{"line":1458,"column":33},"end":{"line":1458,"column":56}}},"122":{"name":"(anonymous_122)","line":1462,"loc":{"start":{"line":1462,"column":47},"end":{"line":1462,"column":59}}},"123":{"name":"(anonymous_123)","line":1473,"loc":{"start":{"line":1473,"column":38},"end":{"line":1473,"column":62}}},"124":{"name":"(anonymous_124)","line":1482,"loc":{"start":{"line":1482,"column":37},"end":{"line":1482,"column":56}}},"125":{"name":"(anonymous_125)","line":1487,"loc":{"start":{"line":1487,"column":48},"end":{"line":1487,"column":66}}},"126":{"name":"(anonymous_126)","line":1491,"loc":{"start":{"line":1491,"column":43},"end":{"line":1491,"column":68}}},"127":{"name":"(anonymous_127)","line":1496,"loc":{"start":{"line":1496,"column":43},"end":{"line":1496,"column":59}}},"128":{"name":"(anonymous_128)","line":1500,"loc":{"start":{"line":1500,"column":42},"end":{"line":1500,"column":60}}},"129":{"name":"(anonymous_129)","line":1505,"loc":{"start":{"line":1505,"column":36},"end":{"line":1505,"column":73}}},"130":{"name":"(anonymous_130)","line":1509,"loc":{"start":{"line":1509,"column":39},"end":{"line":1509,"column":85}}},"131":{"name":"(anonymous_131)","line":1558,"loc":{"start":{"line":1558,"column":47},"end":{"line":1558,"column":69}}},"132":{"name":"(anonymous_132)","line":1565,"loc":{"start":{"line":1565,"column":29},"end":{"line":1565,"column":47}}},"133":{"name":"(anonymous_133)","line":1578,"loc":{"start":{"line":1578,"column":42},"end":{"line":1578,"column":70}}},"134":{"name":"(anonymous_134)","line":1582,"loc":{"start":{"line":1582,"column":37},"end":{"line":1582,"column":78}}},"135":{"name":"(anonymous_135)","line":1591,"loc":{"start":{"line":1591,"column":7},"end":{"line":1591,"column":29}}},"136":{"name":"(anonymous_136)","line":1598,"loc":{"start":{"line":1598,"column":39},"end":{"line":1598,"column":66}}},"137":{"name":"(anonymous_137)","line":1605,"loc":{"start":{"line":1605,"column":42},"end":{"line":1605,"column":60}}},"138":{"name":"(anonymous_138)","line":1609,"loc":{"start":{"line":1609,"column":29},"end":{"line":1609,"column":48}}},"139":{"name":"(anonymous_139)","line":1616,"loc":{"start":{"line":1616,"column":170},"end":{"line":1616,"column":181}}},"140":{"name":"(anonymous_140)","line":1632,"loc":{"start":{"line":1632,"column":35},"end":{"line":1632,"column":60}}},"141":{"name":"(anonymous_141)","line":1638,"loc":{"start":{"line":1638,"column":44},"end":{"line":1638,"column":61}}},"142":{"name":"(anonymous_142)","line":1645,"loc":{"start":{"line":1645,"column":44},"end":{"line":1645,"column":62}}},"143":{"name":"(anonymous_143)","line":1653,"loc":{"start":{"line":1653,"column":39},"end":{"line":1653,"column":71}}},"144":{"name":"(anonymous_144)","line":1655,"loc":{"start":{"line":1655,"column":7},"end":{"line":1655,"column":18}}},"145":{"name":"(anonymous_145)","line":1657,"loc":{"start":{"line":1657,"column":23},"end":{"line":1657,"column":40}}},"146":{"name":"(anonymous_146)","line":1664,"loc":{"start":{"line":1664,"column":43},"end":{"line":1664,"column":62}}},"147":{"name":"(anonymous_147)","line":1668,"loc":{"start":{"line":1668,"column":33},"end":{"line":1668,"column":45}}},"148":{"name":"(anonymous_148)","line":1680,"loc":{"start":{"line":1680,"column":40},"end":{"line":1680,"column":67}}},"149":{"name":"(anonymous_149)","line":1689,"loc":{"start":{"line":1689,"column":44},"end":{"line":1689,"column":69}}},"150":{"name":"(anonymous_150)","line":1699,"loc":{"start":{"line":1699,"column":40},"end":{"line":1699,"column":50}}},"151":{"name":"(anonymous_151)","line":1701,"loc":{"start":{"line":1701,"column":49},"end":{"line":1701,"column":69}}},"152":{"name":"(anonymous_152)","line":1704,"loc":{"start":{"line":1704,"column":51},"end":{"line":1704,"column":71}}},"153":{"name":"(anonymous_153)","line":1709,"loc":{"start":{"line":1709,"column":46},"end":{"line":1709,"column":64}}},"154":{"name":"(anonymous_154)","line":1714,"loc":{"start":{"line":1714,"column":73},"end":{"line":1714,"column":84}}},"155":{"name":"(anonymous_155)","line":1729,"loc":{"start":{"line":1729,"column":50},"end":{"line":1729,"column":69}}},"156":{"name":"(anonymous_156)","line":1734,"loc":{"start":{"line":1734,"column":47},"end":{"line":1734,"column":75}}},"157":{"name":"(anonymous_157)","line":1744,"loc":{"start":{"line":1744,"column":32},"end":{"line":1744,"column":43}}}},"statementMap":{"1":{"start":{"line":1,"column":0},"end":{"line":1761,"column":5}},"2":{"start":{"line":3,"column":2},"end":{"line":3,"column":22}},"3":{"start":{"line":4,"column":2},"end":{"line":4,"column":14}},"4":{"start":{"line":5,"column":2},"end":{"line":5,"column":13}},"5":{"start":{"line":6,"column":2},"end":{"line":6,"column":13}},"6":{"start":{"line":7,"column":2},"end":{"line":7,"column":13}},"7":{"start":{"line":9,"column":2},"end":{"line":9,"column":38}},"8":{"start":{"line":11,"column":2},"end":{"line":11,"column":13}},"9":{"start":{"line":13,"column":2},"end":{"line":13,"column":87}},"10":{"start":{"line":13,"column":72},"end":{"line":13,"column":87}},"11":{"start":{"line":16,"column":2},"end":{"line":16,"column":66}},"12":{"start":{"line":16,"column":37},"end":{"line":16,"column":66}},"13":{"start":{"line":18,"column":2},"end":{"line":38,"column":3}},"14":{"start":{"line":20,"column":4},"end":{"line":20,"column":34}},"15":{"start":{"line":22,"column":4},"end":{"line":22,"column":37}},"16":{"start":{"line":23,"column":4},"end":{"line":23,"column":62}},"17":{"start":{"line":24,"column":4},"end":{"line":24,"column":37}},"18":{"start":{"line":28,"column":4},"end":{"line":28,"column":37}},"19":{"start":{"line":30,"column":4},"end":{"line":30,"column":27}},"20":{"start":{"line":32,"column":4},"end":{"line":37,"column":5}},"21":{"start":{"line":33,"column":6},"end":{"line":33,"column":30}},"22":{"start":{"line":34,"column":6},"end":{"line":36,"column":8}},"23":{"start":{"line":35,"column":8},"end":{"line":35,"column":18}},"24":{"start":{"line":40,"column":2},"end":{"line":73,"column":4}},"25":{"start":{"line":42,"column":4},"end":{"line":72,"column":6}},"26":{"start":{"line":44,"column":6},"end":{"line":44,"column":55}},"27":{"start":{"line":45,"column":6},"end":{"line":45,"column":23}},"28":{"start":{"line":47,"column":6},"end":{"line":47,"column":59}},"29":{"start":{"line":47,"column":32},"end":{"line":47,"column":59}},"30":{"start":{"line":51,"column":6},"end":{"line":53,"column":7}},"31":{"start":{"line":52,"column":8},"end":{"line":52,"column":50}},"32":{"start":{"line":55,"column":6},"end":{"line":71,"column":9}},"33":{"start":{"line":57,"column":8},"end":{"line":65,"column":11}},"34":{"start":{"line":58,"column":10},"end":{"line":58,"column":42}},"35":{"start":{"line":58,"column":21},"end":{"line":58,"column":42}},"36":{"start":{"line":59,"column":10},"end":{"line":63,"column":11}},"37":{"start":{"line":60,"column":12},"end":{"line":60,"column":61}},"38":{"start":{"line":61,"column":12},"end":{"line":61,"column":25}},"39":{"start":{"line":62,"column":12},"end":{"line":62,"column":33}},"40":{"start":{"line":64,"column":10},"end":{"line":64,"column":33}},"41":{"start":{"line":66,"column":8},"end":{"line":70,"column":9}},"42":{"start":{"line":67,"column":10},"end":{"line":67,"column":53}},"43":{"start":{"line":69,"column":10},"end":{"line":69,"column":31}},"44":{"start":{"line":75,"column":2},"end":{"line":105,"column":4}},"45":{"start":{"line":77,"column":4},"end":{"line":77,"column":41}},"46":{"start":{"line":77,"column":28},"end":{"line":77,"column":41}},"47":{"start":{"line":79,"column":4},"end":{"line":79,"column":77}},"48":{"start":{"line":81,"column":4},"end":{"line":82,"column":25}},"49":{"start":{"line":84,"column":4},"end":{"line":90,"column":5}},"50":{"start":{"line":86,"column":6},"end":{"line":87,"column":92}},"51":{"start":{"line":87,"column":8},"end":{"line":87,"column":92}},"52":{"start":{"line":89,"column":6},"end":{"line":89,"column":24}},"53":{"start":{"line":92,"column":4},"end":{"line":98,"column":5}},"54":{"start":{"line":94,"column":6},"end":{"line":95,"column":92}},"55":{"start":{"line":95,"column":8},"end":{"
[...]
:4},"end":{"line":298,"column":4}}]},"32":{"line":300,"type":"if","locations":[{"start":{"line":300,"column":4},"end":{"line":300,"column":4}},{"start":{"line":300,"column":4},"end":{"line":300,"column":4}}]},"33":{"line":308,"type":"if","locations":[{"start":{"line":308,"column":6},"end":{"line":308,"column":6}},{"start":{"line":308,"column":6},"end":{"line":308,"column":6}}]},"34":{"line":308,"type":"binary-expr","locations":[{"start":{"line":308,"column":10},"end":{"line":308,"column":23}},{"start":{"line":308,"column":27},"end":{"line":308,"column":49}}]},"35":{"line":315,"type":"if","locations":[{"start":{"line":315,"column":6},"end":{"line":315,"column":6}},{"start":{"line":315,"column":6},"end":{"line":315,"column":6}}]},"36":{"line":322,"type":"if","locations":[{"start":{"line":322,"column":4},"end":{"line":322,"column":4}},{"start":{"line":322,"column":4},"end":{"line":322,"column":4}}]},"37":{"line":335,"type":"if","locations":[{"start":{"line":335,"column":2},"end":{"line":335,"column":2}},{"start":{"line":335,"column":2},"end":{"line":335,"column":2}}]},"38":{"line":340,"type":"if","locations":[{"start":{"line":340,"column":2},"end":{"line":340,"column":2}},{"start":{"line":340,"column":2},"end":{"line":340,"column":2}}]},"39":{"line":346,"type":"if","locations":[{"start":{"line":346,"column":2},"end":{"line":346,"column":2}},{"start":{"line":346,"column":2},"end":{"line":346,"column":2}}]},"40":{"line":351,"type":"if","locations":[{"start":{"line":351,"column":2},"end":{"line":351,"column":2}},{"start":{"line":351,"column":2},"end":{"line":351,"column":2}}]},"41":{"line":351,"type":"binary-expr","locations":[{"start":{"line":351,"column":6},"end":{"line":351,"column":21}},{"start":{"line":351,"column":25},"end":{"line":351,"column":35}},{"start":{"line":351,"column":39},"end":{"line":351,"column":74}}]},"42":{"line":353,"type":"if","locations":[{"start":{"line":353,"column":2},"end":{"line":353,"column":2}},{"start":{"line":353,"column":2},"end":{"line":353,"column":2}}]},"43":{"line":359,"type":"if","locations":[{"start":{"line":359,"column":2},"end":{"line":359,"column":2}},{"start":{"line":359,"column":2},"end":{"line":359,"column":2}}]},"44":{"line":367,"type":"if","locations":[{"start":{"line":367,"column":4},"end":{"line":367,"column":4}},{"start":{"line":367,"column":4},"end":{"line":367,"column":4}}]},"45":{"line":371,"type":"if","locations":[{"start":{"line":371,"column":4},"end":{"line":371,"column":4}},{"start":{"line":371,"column":4},"end":{"line":371,"column":4}}]},"46":{"line":371,"type":"binary-expr","locations":[{"start":{"line":371,"column":8},"end":{"line":371,"column":23}},{"start":{"line":371,"column":27},"end":{"line":371,"column":37}}]},"47":{"line":379,"type":"if","locations":[{"start":{"line":379,"column":2},"end":{"line":379,"column":2}},{"start":{"line":379,"column":2},"end":{"line":379,"column":2}}]},"48":{"line":379,"type":"binary-expr","locations":[{"start":{"line":379,"column":6},"end":{"line":379,"column":28}},{"start":{"line":379,"column":32},"end":{"line":379,"column":58}}]},"49":{"line":391,"type":"if","locations":[{"start":{"line":391,"column":4},"end":{"line":391,"column":4}},{"start":{"line":391,"column":4},"end":{"line":391,"column":4}}]},"50":{"line":404,"type":"if","locations":[{"start":{"line":404,"column":2},"end":{"line":404,"column":2}},{"start":{"line":404,"column":2},"end":{"line":404,"column":2}}]},"51":{"line":409,"type":"if","locations":[{"start":{"line":409,"column":2},"end":{"line":409,"column":2}},{"start":{"line":409,"column":2},"end":{"line":409,"column":2}}]},"52":{"line":411,"type":"if","locations":[{"start":{"line":411,"column":2},"end":{"line":411,"column":2}},{"start":{"line":411,"column":2},"end":{"line":411,"column":2}}]},"53":{"line":413,"type":"if","locations":[{"start":{"line":413,"column":2},"end":{"line":413,"column":2}},{"start":{"line":413,"column":2},"end":{"line":413,"column":2}}]},"54":{"line":419,"type":"if","locations":[{"start":{"line":419,"column":6},"end":{"line":419,"column":6}},{"start":{"line":419,"column":6},"end":{"line":419,"column":6}}]},"55":{"line":422,"type":"if","locations":[{"start":{"line":422,"column":8},"end":{"line":422,"column":8}},{"start":{"line":422,"column":8},"end":{"line":422,"column":8}}]}}},"/Users/simonbishop/Documents/Projects/happn-3/lib/services/session/localclient.js":{"path":"/Users/simonbishop/Documents/Projects/happn-3/lib/services/session/localclient.js","s":{"1":1,"2":1,"3":70,"4":70,"5":1,"6":560,"7":1,"8":13,"9":1,"10":0,"11":1,"12":33,"13":1,"14":14704,"15":14704,"16":14704,"17":7920,"18":7920,"19":6784,"20":1,"21":53,"22":1,"23":33,"24":33,"25":33,"26":0,"27":33,"28":13,"29":33,"30":33,"31":33,"32":1,"33":33,"34":1,"35":0,"36":1,"37":1,"38":1,"39":2,"40":1,"41":0,"42":1,"43":28,"44":1,"45":0,"46":1,"47":70,"48":70,"49":70,"50":70,"51":70,"52":70,"53":70,"54":1},"b":{"1":[7920,6784],"2":[0,33],"3":[13,20],"4":[33,0]},"f":{"1":70,"2":560,"3":13,"4":0,"5":33,"6":14704,"7":14704,"8":53,"9":33,"10":33,"11":33,"12":0,"13":1,"14":2,"15":0,"16":28,"17":0,"18":70},"fnMap":{"1":{"name":"LocalClient","line":6,"loc":{"start":{"line":6,"column":0},"end":{"line":6,"column":23}}},"2":{"name":"(anonymous_2)","line":11,"loc":{"start":{"line":11,"column":27},"end":{"line":11,"column":53}}},"3":{"name":"(anonymous_3)","line":15,"loc":{"start":{"line":15,"column":29},"end":{"line":15,"column":55}}},"4":{"name":"(anonymous_4)","line":19,"loc":{"start":{"line":19,"column":67},"end":{"line":19,"column":93}}},"5":{"name":"(anonymous_5)","line":23,"loc":{"start":{"line":23,"column":29},"end":{"line":23,"column":52}}},"6":{"name":"(anonymous_6)","line":27,"loc":{"start":{"line":27,"column":30},"end":{"line":27,"column":49}}},"7":{"name":"(anonymous_7)","line":31,"loc":{"start":{"line":31,"column":15},"end":{"line":31,"column":27}}},"8":{"name":"(anonymous_8)","line":42,"loc":{"start":{"line":42,"column":43},"end":{"line":42,"column":55}}},"9":{"name":"(anonymous_9)","line":46,"loc":{"start":{"line":46,"column":35},"end":{"line":46,"column":58}}},"10":{"name":"(anonymous_10)","line":50,"loc":{"start":{"line":50,"column":59},"end":{"line":50,"column":72}}},"11":{"name":"(anonymous_11)","line":59,"loc":{"start":{"line":59,"column":28},"end":{"line":59,"column":44}}},"12":{"name":"(anonymous_12)","line":63,"loc":{"start":{"line":63,"column":32},"end":{"line":63,"column":48}}},"13":{"name":"LocalClientWrapper","line":67,"loc":{"start":{"line":67,"column":0},"end":{"line":67,"column":30}}},"14":{"name":"(anonymous_14)","line":71,"loc":{"start":{"line":71,"column":24},"end":{"line":71,"column":46}}},"15":{"name":"(anonymous_15)","line":75,"loc":{"start":{"line":75,"column":24},"end":{"line":75,"column":46}}},"16":{"name":"(anonymous_16)","line":79,"loc":{"start":{"line":79,"column":26},"end":{"line":79,"column":45}}},"17":{"name":"(anonymous_17)","line":83,"loc":{"start":{"line":83,"column":26},"end":{"line":83,"column":45}}},"18":{"name":"(anonymous_18)","line":87,"loc":{"start":{"line":87,"column":25},"end":{"line":87,"column":45}}}},"statementMap":{"1":{"start":{"line":1,"column":0},"end":{"line":4,"column":41}},"2":{"start":{"line":6,"column":0},"end":{"line":9,"column":1}},"3":{"start":{"line":7,"column":2},"end":{"line":7,"column":21}},"4":{"start":{"line":8,"column":2},"end":{"line":8,"column":37}},"5":{"start":{"line":11,"column":0},"end":{"line":13,"column":2}},"6":{"start":{"line":12,"column":2},"end":{"line":12,"column":42}},"7":{"start":{"line":15,"column":0},"end":{"line":17,"column":2}},"8":{"start":{"line":16,"column":2},"end":{"line":16,"column":44}},"9":{"start":{"line":19,"column":0},"end":{"line":21,"column":2}},"10":{"start":{"line":20,"column":2},"end":{"line":20,"column":54}},"11":{"start":{"line":23,"column":0},"end":{"line":25,"column":2}},"12":{"start":{"line":24,"column":2},"end":{"line":24,"column":41}},"13":{"start":{"line":27,"column":0},"end":{"line":39,"column":2}},"14":{"start":{"line":29,"column":2},"end":{"line":29,"column":19}},"15":{"start":{"line":31,"column":2},"end":{"line":38,"column":5}},"16":{"start":{"line":33,"column":4},"end":{"line":36,"column":5}},"17":{"start":{"line":34,"column":6},"end":{"line":34,"column":32}},"18":{"start":{"line":35,"column":6},"end":{"line":35,"column":47}},"19":{"start":{"line":37,"column":4},"end":{"line":37,"column":101}},"20":{"start":{"line":42,"column":0},"end":{"line":44,"column":2}},"21":{"start":{"line":43,"column":2},"end":{"line":43,"column":44}},"22":{"start":{"line":46,"column":0},"end":{"line":57,"column":2}},"23":{"start":{"line":48,"column":2},"end":{"line":48,"column":19}},"24":{"start":{"line":50,"column":2},"end":{"line":56,"column":5}},"25":{"start":{"line":52,"column":4},"end":{"line":52,"column":101}},"26":{"start":{"line":52,"column":11},"end":{"line":52,"column":101}},"27":{"start":{"line":53,"column":4},"end":{"line":53,"column":32}},"28":{"start":{"line":53,"column":14},"end":{"line":53,"column":32}},"29":{"start":{"line":54,"column":4},"end":{"line":54,"column":39}},"30":{"start":{"line":54,"column":15},"end":{"line":54,"column":39}},"31":{"start":{"line":55,"column":4},"end":{"line":55,"column":31}},"32":{"start":{"line":59,"column":0},"end":{"line":61,"column":2}},"33":{"start":{"line":60,"column":2},"end":{"line":60,"column":38}},"34":{"start":{"line":63,"column":0},"end":{"line":65,"column":2}},"35":{"start":{"line":64,"column":2},"end":{"line":64,"column":42}},"36":{"start":{"line":67,"column":0},"end":{"line":107,"column":1}},"37":{"start":{"line":69,"column":2},"end":{"line":69,"column":35}},"38":{"start":{"line":71,"column":2},"end":{"line":73,"column":4}},"39":{"start":{"line":72,"column":4},"end":{"line":72,"column":22}},"40":{"start":{"line":75,"column":2},"end":{"line":77,"column":4}},"41":{"start":{"line":76,"column":4},"end":{"line":76,"column":22}},"42":{"start":{"line":79,"column":2},"end":{"line":81,"column":4}},"43":{"start":{"line":80,"column":4},"end":{"line":80,"column":19}},"44":{"start":{"line":83,"column":2},"end":{"line":85,"column":4}},"45":{"start":{"line":84,"column":4},"end":{"line":84,"column":19}},"46":{"start":{"line":87,"column":2},"end":{"line":106,"column":4}},"47":{"start":{"line":89,"column":4},"end":{"line":89,"column":35}},"48":{"start":{"line":91,"column":4},"end":{"line":93,"column":7}},"49":{"start":{"line":94,"column":4},"end":{"line":96,"column":7}},"50":{"start":{"line":97,"column":4},"end":{"line":99,"column":7}},"51":{"start":{"line":101,"column":4},"end":{"line":101,"column":82}},"52":{"start":{"line":103,"column":4},"end":{"line":103,"column":52}},"53":{"start":{"line":105,"column":4},"end":{"line":105,"column":34}},"54":{"start":{"line":109,"column":0},"end":{"line":109,"column":42}}},"branchMap":{"1":{"line":33,"type":"if","locations":[{"start":{"line":33,"column":4},"end":{"line":33,"column":4}},{"start":{"line":33,"column":4},"end":{"line":33,"column":4}}]},"2":{"line":52,"type":"if","locations":[{"start":{"line":52,"column":4},"end":{"line":52,"column":4}},{"start":{"line":52,"column":4},"end":{"line":52,"column":4}}]},"3":{"line":53,"type":"if","locations":[{"start":{"line":53,"column":4},"end":{"line":53,"column":4}},{"start":{"line":53,"column":4},"end":{"line":53,"column":4}}]},"4":{"line":54,"type":"if","locations":[{"start":{"line":54,"column":4},"end":{"line":54,"column":4}},{"start":{"line":54,"column":4},"end":{"line":54,"column":4}}]}}},"/Users/simonbishop/Documents/Projects/happn-3/lib/services/session/adminclient.js":{"path":"/Users/simonbishop/Documents/Projects/happn-3/lib/services/session/adminclient.js","s":{"1":1,"2":1,"3":4,"4":4,"5":1,"6":32,"7":1,"8":0,"9":1,"10":0,"11":1,"12":2,"13":1,"14":25,"15":25,"16":25,"17":13,"18":13,"19":12,"20":1,"21":4,"22":1,"23":2,"24":2,"25":2,"26":0,"27":2,"28":0,"29":2,"30":2,"31":2,"32":1,"33":2,"34":1,"35":0,"36":1,"37":1,"38":1,"39":2,"40":1,"41":0,"42":1,"43":3,"44":1,"45":0,"46":1,"47":4,"48":4,"49":4,"50":4,"51":4,"52":4,"53":4,"54":1,"55":4,"56":4,"57":4,"58":0,"59":4,"60":4,"61":4,"62":4,"63":4,"64":4,"65":4,"66":1},"b":{"1":[13,12],"2":[0,2],"3":[0,2],"4":[2,0],"5":[0,4],"6":[4,0]},"f":{"1":4,"2":32,"3":0,"4":0,"5":2,"6":25,"7":25,"8":4,"9":2,"10":2,"11":2,"12":0,"13":1,"14":2,"15":0,"16":3,"17":0,"18":4,"19":4,"20":4},"fnMap":{"1":{"name":"AdminClient","line":6,"loc":{"start":{"line":6,"column":0},"end":{"line":6,"column":23}}},"2":{"name":"(anonymous_2)","line":11,"loc":{"start":{"line":11,"column":27},"end":{"line":11,"column":53}}},"3":{"name":"(anonymous_3)","line":15,"loc":{"start":{"line":15,"column":29},"end":{"line":15,"column":55}}},"4":{"name":"(anonymous_4)","line":19,"loc":{"start":{"line":19,"column":67},"end":{"line":19,"column":93}}},"5":{"name":"(anonymous_5)","line":23,"loc":{"start":{"line":23,"column":29},"end":{"line":23,"column":52}}},"6":{"name":"(anonymous_6)","line":27,"loc":{"start":{"line":27,"column":30},"end":{"line":27,"column":49}}},"7":{"name":"(anonymous_7)","line":31,"loc":{"start":{"line":31,"column":15},"end":{"line":31,"column":27}}},"8":{"name":"(anonymous_8)","line":42,"loc":{"start":{"line":42,"column":43},"end":{"line":42,"column":55}}},"9":{"name":"(anonymous_9)","line":46,"loc":{"start":{"line":46,"column":35},"end":{"line":46,"column":58}}},"10":{"name":"(anonymous_10)","line":50,"loc":{"start":{"line":50,"column":59},"end":{"line":50,"column":72}}},"11":{"name":"(anonymous_11)","line":59,"loc":{"start":{"line":59,"column":28},"end":{"line":59,"column":44}}},"12":{"name":"(anonymous_12)","line":63,"loc":{"start":{"line":63,"column":32},"end":{"line":63,"column":48}}},"13":{"name":"AdminClientWrapper","line":67,"loc":{"start":{"line":67,"column":0},"end":{"line":67,"column":30}}},"14":{"name":"(anonymous_14)","line":71,"loc":{"start":{"line":71,"column":24},"end":{"line":71,"column":46}}},"15":{"name":"(anonymous_15)","line":75,"loc":{"start":{"line":75,"column":24},"end":{"line":75,"column":46}}},"16":{"name":"(anonymous_16)","line":79,"loc":{"start":{"line":79,"column":26},"end":{"line":79,"column":45}}},"17":{"name":"(anonymous_17)","line":83,"loc":{"start":{"line":83,"column":26},"end":{"line":83,"column":45}}},"18":{"name":"(anonymous_18)","line":87,"loc":{"start":{"line":87,"column":25},"end":{"line":87,"column":45}}},"19":{"name":"(anonymous_19)","line":107,"loc":{"start":{"line":107,"column":19},"end":{"line":107,"column":56}}},"20":{"name":"(anonymous_20)","line":111,"loc":{"start":{"line":111,"column":71},"end":{"line":111,"column":91}}}},"statementMap":{"1":{"start":{"line":1,"column":0},"end":{"line":4,"column":41}},"2":{"start":{"line":6,"column":0},"end":{"line":9,"column":1}},"3":{"start":{"line":7,"column":2},"end":{"line":7,"column":21}},"4":{"start":{"line":8,"column":2},"end":{"line":8,"column":37}},"5":{"start":{"line":11,"column":0},"end":{"line":13,"column":2}},"6":{"start":{"line":12,"column":2},"end":{"line":12,"column":42}},"7":{"start":{"line":15,"column":0},"end":{"line":17,"column":2}},"8":{"start":{"line":16,"column":2},"end":{"line":16,"column":44}},"9":{"start":{"line":19,"column":0},"end":{"line":21,"column":2}},"10":{"start":{"line":20,"column":2},"end":{"line":20,"column":54}},"11":{"start":{"line":23,"column":0},"end":{"line":25,"column":2}},"12":{"start":{"line":24,"column":2},"end":{"line":24,"column":41}},"13":{"start":{"line":27,"column":0},"end":{"line":39,"column":2}},"14":{"start":{"line":29,"column":2},"end":{"line":29,"column":19}},"15":{"start":{"line":31,"column":2},"end":{"line":38,"column":5}},"16":{"start":{"line":33,"column":4},"end":{"line":36,"column":5}},"17":{"start":{"line":34,"column":6},"end":{"line":34,"column":32}},"18":{"start":{"line":35,"column":6},"end":{"line":35,"column":47}},"19":{"start":{"line":37,"column":4},"end":{"line":37,"column":101}},"20":{"start":{"line":42,"column":0},"end":{"line":44,"column":2}},"21":{"start":{"line":43,"column":2},"end":{"line":43,"column":44}},"22":{"start":{"line":46,"column":0},"end":{"line":57,"column":2}},"23":{"start":{"line":48,"column":2},"end":{"line":48,"column":19}},"24":{"start":{"line":50,"column":2},"end":{"line":56,"column":5}},"25":{"start":{"line":52,"column":4},"end":{"line":52,"column":101}},"26":{"start":{"line":52,"column":11},"end":{"line":52,"column":101}},"27":{"start":{"line":53,"column":4},"end":{"line":53,"column":32}},"28":{"start":{"line":53,"column":14},"end":{"line":53,"column":32}},"29":{"start":{"line":54,"column":4},"end":{"line":54,"column":39}},"30":{"start":{"line":54,"column":15},"end":{"line":54,"column":39}},"31":{"start":{"line":55,"column":4},"end":{"line":55,"column":31}},"32":{"start":{"line":59,"column":0},"end":{"line":61,"column":2}},"33":{"start":{"line":60,"column":2},"end":{"line":60,"column":38}},"34":{"start":{"line":63,"column":0},"end":{"line":65,"column":2}},"35":{"start":{"line":64,"column":2},"end":{"line":64,"column":42}},"36":{"start":{"line":67,"column":0},"end":{"line":124,"column":1}},"37":{"start":{"line":69,"column":2},"end":{"line":69,"column":35}},"38":{"start":{"line":71,"column":2},"end":{"line":73,"column":4}},"39":{"start":{"line":72,"column":4},"end":{"line":72,"column":22}},"40":{"start":{"line":75,"column":2},"end":{"line":77,"column":4}},"41":{"start":{"line":76,"column":4},"end":{"line":76,"column":22}},"42":{"start":{"line":79,"column":2},"end":{"line":81,"column":4}},"43":{"start":{"line":80,"column":4},"end":{"line":80,"column":19}},"44":{"start":{"line":83,"column":2},"end":{"line":85,"column":4}},"45":{"start":{"line":84,"column":4},"end":{"line":84,"column":19}},"46":{"start":{"line":87,"column":2},"end":{"line":105,"column":4}},"47":{"start":{"line":89,"column":4},"end":{"line":89,"column":35}},"48":{"start":{"line":91,"column":4},"end":{"line":93,"column":7}},"49":{"start":{"line":94,"column":4},"end":{"line":96,"column":7}},"50":{"start":{"line":97,"column":4},"end":{"line":99,"column":7}},"51":{"start":{"line":101,"column":4},"end":{"line":101,"column":82}},"52":{"start":{"line":102,"column":4},"end":{"line":102,"column":52}},"53":{"start":{"line":104,"column":4},"end":{"line":104,"column":34}},"54":{"start":{"line":107,"column":2},"end":{"line":123,"column":4}},"55":{"start":{"line":109,"column":4},"end":{"line":109,"column":21}},"56":{"start":{"line":111,"column":4},"end":{"line":122,"column":7}},"57":{"start":{"line":113,"column":6},"end":{"line":113,"column":32}},"58":{"start":{"line":113,"column":13},"end":{"line":113,"column":32}},"59":{"start":{"line":115,"column":6},"end":{"line":115,"column":43}},"60":{"start":{"line":115,"column":25},"end":{"line":115,"column":43}},"61":{"start":{"line":116,"column":6},"end":{"line":116,"column":32}},"62":{"start":{"line":117,"column":6},"end":{"line":117,"column":32}},"63":{"start":{"line":118,"column":6},"end":{"line":118,"column":84}},"64":{"start":{"line":119,"column":6},"end":{"line":119,"column":37}},"65":{"start":{"line":121,"column":6},"end":{"line":121,"column":17}},"66":{"start":{"line":126,"column":0},"end":{"line":126,"column":42}}},"branchMap":{"1":{"line":33,"type":"if","locations":[{"start":{"line":33,"column":4},"end":{"line":33,"column":4}},{"start":{"line":33,"column":4},"end":{"line":33,"column":4}}]},"2":{"line":52,"type":"if","locations":[{"start":{"line":52,"column":4},"end":{"line":52,"column":4}},{"start":{"line":52,"column":4},"end":{"line":52,"column":4}}]},"3":{"line":53,"type":"if","locations":[{"start":{"line":53,"column":4},"end":{"line":53,"column":4}},{"start":{"line":53,"column":4},"end":{"line":53,"column":4}}]},"4":{"line":54,"type":"if","locations":[{"start":{"line":54,"column":4},"end":{"line":54,"column":4}},{"start":{"line":54,"column":4},"end":{"line":54,"column":4}}]},"5":{"line":113,"type":"if","locations":[{"start":{"line":113,"column":6},"end":{"line":113,"column":6}},{"start":{"line":113,"column":6},"end":{"line":113,"column":6}}]},"6":{"line":115,"type":"if","locations":[{"start":{"line":115,"column":6},"end":{"line":115,"column":6}},{"start":{"line":115,"column":6},"end":{"line":115,"column":6}}]}}}}