TN:
SF:/Users/simonbishop/Documents/Projects/happn-3/silence.js
FNF:0
FNH:0
DA:3,1
LF:1
LH:1
BRDA:3,1,0,1
BRDA:3,1,1,1
BRF:2
BRH:2
end_of_record
TN:
SF:/Users/simonbishop/Documents/Projects/happn-3/lib/index.js
FNF:0
FNH:0
DA:1,1
DA:3,1
LF:2
LH:2
BRF:0
BRH:0
end_of_record
TN:
SF:/Users/simonbishop/Documents/Projects/happn-3/lib/packager.js
FN:19,(anonymous_1)
FN:55,(anonymous_2)
FNF:2
FNH:2
FNDA:8,(anonymous_1)
FNDA:13,(anonymous_2)
DA:1,1
DA:9,1
DA:21,8
DA:23,8
DA:25,8
DA:27,8
DA:29,8
DA:31,8
DA:33,8
DA:38,8
DA:39,4
DA:44,4
DA:49,8
DA:57,13
DA:59,13
DA:61,13
DA:63,13
DA:65,13
DA:67,13
DA:69,13
DA:71,13
DA:72,7
DA:75,13
DA:77,13
DA:79,13
DA:80,1
DA:81,1
DA:82,1
DA:87,13
DA:91,8
DA:93,4
DA:95,4
DA:97,2
DA:98,2
DA:100,2
DA:101,1
DA:102,1
DA:108,8
DA:110,1
DA:112,0
DA:114,0
DA:117,7
DA:119,7
DA:121,7
DA:123,7
DA:125,7
DA:129,0
LF:47
LH:44
BRDA:38,1,0,4
BRDA:38,1,1,4
BRDA:38,2,0,8
BRDA:38,2,1,6
BRDA:49,3,0,2
BRDA:49,3,1,6
BRDA:63,4,0,1
BRDA:63,4,1,12
BRDA:71,5,0,7
BRDA:71,5,1,6
BRDA:71,6,0,13
BRDA:71,6,1,10
BRDA:72,7,0,4
BRDA:72,7,1,3
BRDA:79,8,0,1
BRDA:79,8,1,12
BRDA:87,9,0,5
BRDA:87,9,1,8
BRDA:87,10,0,13
BRDA:87,10,1,12
BRDA:91,11,0,4
BRDA:91,11,1,4
BRDA:91,12,0,8
BRDA:91,12,1,6
BRDA:95,13,0,2
BRDA:95,13,1,2
BRDA:100,14,0,1
BRDA:100,14,1,1
BRDA:108,15,0,1
BRDA:108,15,1,7
BRDA:110,16,0,1
BRDA:110,16,1,0
BRDA:117,17,0,4
BRDA:117,17,1,3
BRDA:119,18,0,0
BRDA:119,18,1,7
BRDA:123,19,0,0
BRDA:123,19,1,7
BRF:38
BRH:35
end_of_record
TN:
SF:/Users/simonbishop/Documents/Projects/happn-3/lib/services/utils/service.js
FN:11,UtilsService
FN:13,(anonymous_2)
FN:30,(anonymous_3)
FN:38,(anonymous_4)
FN:78,(anonymous_5)
FN:87,(anonymous_6)
FN:96,(anonymous_7)
FN:100,(anonymous_8)
FN:106,(anonymous_9)
FN:114,(anonymous_10)
FN:117,(anonymous_11)
FN:136,(anonymous_12)
FN:138,(anonymous_13)
FN:144,(anonymous_14)
FN:148,(anonymous_15)
FN:157,(anonymous_16)
FN:165,(anonymous_17)
FN:182,(anonymous_18)
FN:184,(anonymous_19)
FN:196,(anonymous_20)
FN:198,(anonymous_21)
FN:216,(anonymous_22)
FNF:22
FNH:12
FNDA:244,UtilsService
FNDA:32166,(anonymous_2)
FNDA:0,(anonymous_3)
FNDA:715,(anonymous_4)
FNDA:0,(anonymous_5)
FNDA:0,(anonymous_6)
FNDA:1165,(anonymous_7)
FNDA:2242,(anonymous_8)
FNDA:0,(anonymous_9)
FNDA:1219,(anonymous_10)
FNDA:7314,(anonymous_11)
FNDA:0,(anonymous_12)
FNDA:0,(anonymous_13)
FNDA:9,(anonymous_14)
FNDA:33,(anonymous_15)
FNDA:4,(anonymous_16)
FNDA:8,(anonymous_17)
FNDA:0,(anonymous_18)
FNDA:0,(anonymous_19)
FNDA:0,(anonymous_20)
FNDA:0,(anonymous_21)
FNDA:12,(anonymous_22)
DA:1,1
DA:9,1
DA:11,1
DA:13,1
DA:15,32166
DA:17,31991
DA:18,28465
DA:19,0
DA:22,1
DA:24,1
DA:26,1
DA:28,1
DA:30,1
DA:32,0
DA:33,0
DA:35,0
DA:38,1
DA:54,715
DA:56,715
DA:57,4516
DA:58,42342
DA:59,37831
DA:60,6
DA:61,6
DA:62,4
DA:63,7
DA:64,7
DA:65,1
DA:66,1
DA:69,6
DA:75,715
DA:78,1
DA:80,0
DA:82,0
DA:84,0
DA:87,1
DA:89,0
DA:91,0
DA:93,0
DA:96,1
DA:97,1165
DA:100,1
DA:101,2242
DA:102,1165
DA:103,390
DA:106,1
DA:110,0
DA:111,0
DA:114,1
DA:115,1219
DA:117,1219
DA:119,7314
DA:120,7314
DA:122,7314
DA:123,0
DA:124,0
DA:127,7314
DA:128,0
DA:129,0
DA:130,7314
DA:133,1219
DA:136,1
DA:137,0
DA:138,0
DA:139,0
DA:141,0
DA:144,1
DA:146,9
DA:148,9
DA:149,33
DA:152,9
DA:153,17
DA:154,3
DA:157,1
DA:159,4
DA:161,4
DA:163,4
DA:165,4
DA:166,8
DA:167,2
DA:170,4
DA:171,4
DA:174,4
DA:175,6
DA:176,4
DA:179,4
DA:182,1
DA:184,0
DA:185,0
DA:186,0
DA:188,0
DA:192,0
DA:193,0
DA:196,0
DA:198,0
DA:199,0
DA:200,0
DA:201,0
DA:202,0
DA:203,0
DA:205,0
DA:207,0
DA:208,0
DA:210,0
DA:216,1
DA:218,12
DA:220,12
DA:223,9
LF:108
LH:71
BRDA:15,1,0,175
BRDA:15,1,1,31991
BRDA:17,2,0,3526
BRDA:17,2,1,28465
BRDA:18,3,0,28465
BRDA:18,3,1,0
BRDA:33,4,0,0
BRDA:33,4,1,0
BRDA:58,5,0,37831
BRDA:58,5,1,4511
BRDA:59,6,0,6
BRDA:59,6,1,37825
BRDA:61,7,0,4
BRDA:61,7,1,2
BRDA:64,8,0,1
BRDA:64,8,1,6
BRDA:69,9,0,5
BRDA:69,9,1,1
BRDA:80,10,0,0
BRDA:80,10,1,0
BRDA:82,11,0,0
BRDA:82,11,1,0
BRDA:82,12,0,0
BRDA:82,12,1,0
BRDA:82,12,2,0
BRDA:89,13,0,0
BRDA:89,13,1,0
BRDA:91,14,0,0
BRDA:91,14,1,0
BRDA:91,15,0,0
BRDA:91,15,1,0
BRDA:91,15,2,0
BRDA:97,16,0,1165
BRDA:97,16,1,1165
BRDA:101,17,0,1077
BRDA:101,17,1,1165
BRDA:101,18,0,2242
BRDA:101,18,1,2242
BRDA:102,19,0,775
BRDA:102,19,1,390
BRDA:122,20,0,0
BRDA:122,20,1,7314
BRDA:127,21,0,0
BRDA:127,21,1,7314
BRDA:153,22,0,6
BRDA:153,22,1,11
BRDA:161,23,0,1
BRDA:161,23,1,3
BRDA:166,24,0,6
BRDA:166,24,1,2
BRDA:175,25,0,2
BRDA:175,25,1,4
BRDA:175,26,0,6
BRDA:175,26,1,3
BRDA:188,27,0,0
BRDA:188,27,1,0
BRDA:188,28,0,0
BRDA:188,28,1,0
BRDA:192,29,0,0
BRDA:192,29,1,0
BRDA:199,30,0,0
BRDA:199,30,1,0
BRDA:200,31,0,0
BRDA:200,31,1,0
BRF:64
BRH:35
end_of_record
TN:
SF:/Users/simonbishop/Documents/Projects/happn-3/lib/services/utils/shared.js
FN:5,(anonymous_1)
FN:26,(anonymous_2)
FN:30,(anonymous_3)
FN:36,(anonymous_4)
FN:50,(anonymous_5)
FN:60,(anonymous_6)
FN:75,(anonymous_7)
FN:88,noop
FN:91,noop
FN:101,shouldCallNextIterator
FN:105,iteratorCallback
FN:122,processIterator
FN:137,(anonymous_13)
FN:140,(anonymous_14)
FN:148,(anonymous_15)
FN:159,(anonymous_16)
FNF:16
FNH:13
FNDA:46424,(anonymous_1)
FNDA:43814,(anonymous_2)
FNDA:43814,(anonymous_3)
FNDA:46596,(anonymous_4)
FNDA:285,(anonymous_5)
FNDA:295,(anonymous_6)
FNDA:52,(anonymous_7)
FNDA:0,noop
FNDA:0,noop
FNDA:57,shouldCallNextIterator
FNDA:43,iteratorCallback
FNDA:43,processIterator
FNDA:28469,(anonymous_13)
FNDA:14494,(anonymous_14)
FNDA:0,(anonymous_15)
FNDA:13,(anonymous_16)
DA:1,1
DA:9,46424
DA:11,46424
DA:13,46424
DA:15,46424
DA:17,1038279
DA:19,1038269
DA:21,1038269
DA:24,46424
DA:28,43814
DA:32,43814
DA:34,43814
DA:39,46596
DA:41,46423
DA:44,46423
DA:46,43826
DA:48,43814
DA:52,285
DA:54,285
DA:56,285
DA:58,285
DA:60,285
DA:62,295
DA:64,295
DA:66,265
DA:68,255
DA:72,285
DA:77,52
DA:78,52
DA:79,52
DA:80,52
DA:81,52
DA:82,52
DA:83,52
DA:85,52
DA:86,0
DA:87,0
DA:88,0
DA:90,52
DA:91,52
DA:92,52
DA:95,52
DA:96,23
DA:99,29
DA:101,29
DA:102,57
DA:105,29
DA:106,43
DA:107,0
DA:110,43
DA:112,43
DA:114,29
DA:115,29
DA:117,14
DA:118,10
DA:122,29
DA:123,43
DA:125,43
DA:128,43
DA:130,43
DA:131,4
DA:135,29
DA:138,28469
DA:142,14494
DA:143,5
DA:145,14489
DA:146,4
DA:150,0
DA:151,0
DA:152,0
DA:154,0
DA:155,0
DA:157,0
DA:161,13
DA:162,13
DA:163,13
DA:165,13
DA:166,13
DA:168,13
LF:79
LH:69
BRDA:9,1,0,0
BRDA:9,1,1,46424
BRDA:17,2,0,10
BRDA:17,2,1,1038269
BRDA:17,3,0,1038279
BRDA:17,3,1,46455
BRDA:32,4,0,0
BRDA:32,4,1,43814
BRDA:39,5,0,173
BRDA:39,5,1,46423
BRDA:44,6,0,2597
BRDA:44,6,1,43826
BRDA:46,7,0,12
BRDA:46,7,1,43814
BRDA:52,8,0,285
BRDA:52,8,1,0
BRDA:54,9,0,0
BRDA:54,9,1,285
BRDA:64,10,0,30
BRDA:64,10,1,265
BRDA:66,11,0,10
BRDA:66,11,1,255
BRDA:85,12,0,0
BRDA:85,12,1,52
BRDA:88,13,0,0
BRDA:88,13,1,0
BRDA:91,14,0,52
BRDA:91,14,1,0
BRDA:95,15,0,23
BRDA:95,15,1,29
BRDA:102,16,0,57
BRDA:102,16,1,46
BRDA:102,16,2,21
BRDA:106,17,0,0
BRDA:106,17,1,43
BRDA:112,18,0,29
BRDA:112,18,1,14
BRDA:112,19,0,43
BRDA:112,19,1,42
BRDA:112,19,2,32
BRDA:117,20,0,10
BRDA:117,20,1,4
BRDA:125,21,0,0
BRDA:125,21,1,43
BRDA:130,22,0,4
BRDA:130,22,1,39
BRDA:142,23,0,5
BRDA:142,23,1,14489
BRDA:142,24,0,14494
BRDA:142,24,1,11544
BRDA:145,25,0,4
BRDA:145,25,1,14485
BRDA:150,26,0,0
BRDA:150,26,1,0
BRDA:150,27,0,0
BRDA:150,27,1,0
BRDA:151,28,0,0
BRDA:151,28,1,0
BRDA:152,29,0,0
BRDA:152,29,1,0
BRDA:155,30,0,0
BRDA:155,30,1,0
BRDA:161,31,0,0
BRDA:161,31,1,13
BRDA:161,32,0,13
BRDA:161,32,1,13
BRDA:162,33,0,0
BRDA:162,33,1,13
BRDA:163,34,0,0
BRDA:163,34,1,13
BRDA:166,35,0,0
BRDA:166,35,1,13
BRF:72
BRH:48
end_of_record
TN:
SF:/Users/simonbishop/Documents/Projects/happn-3/lib/client.js
FN:1,(anonymous_1)
FN:34,(anonymous_2)
FN:40,(anonymous_3)
FN:42,(anonymous_4)
FN:55,(anonymous_5)
FN:57,(anonymous_6)
FN:75,(anonymous_7)
FN:107,(anonymous_8)
FN:119,(anonymous_9)
FN:153,HappnClient
FN:171,(anonymous_11)
FN:175,(anonymous_12)
FN:196,(anonymous_13)
FN:228,(anonymous_14)
FN:233,(anonymous_15)
FN:242,(anonymous_16)
FN:261,(anonymous_17)
FN:265,(anonymous_18)
FN:269,(anonymous_19)
FN:273,(anonymous_20)
FN:277,(anonymous_21)
FN:281,(anonymous_22)
FN:285,(anonymous_23)
FN:289,(anonymous_24)
FN:309,(anonymous_25)
FN:318,(anonymous_26)
FN:322,(anonymous_27)
FN:333,(anonymous_28)
FN:343,(anonymous_29)
FN:351,(anonymous_30)
FN:375,(anonymous_31)
FN:377,(anonymous_32)
FN:421,(anonymous_33)
FN:465,(anonymous_34)
FN:497,(anonymous_35)
FN:501,(anonymous_36)
FN:518,(anonymous_37)
FN:522,(anonymous_38)
FN:526,(anonymous_39)
FN:533,(anonymous_40)
FN:572,(anonymous_41)
FN:587,(anonymous_42)
FN:608,(anonymous_43)
FN:622,waitForConnection
FN:638,(anonymous_45)
FN:658,(anonymous_46)
FN:678,(anonymous_47)
FN:682,(anonymous_48)
FN:695,(anonymous_49)
FN:705,(anonymous_50)
FN:708,(anonymous_51)
FN:716,(anonymous_52)
FN:726,(anonymous_53)
FN:738,(anonymous_54)
FN:742,(anonymous_55)
FN:759,(anonymous_56)
FN:763,(anonymous_57)
FN:772,(anonymous_58)
FN:781,(anonymous_59)
FN:789,(anonymous_60)
FN:794,(anonymous_61)
FN:799,(anonymous_62)
FN:812,(anonymous_63)
FN:825,(anonymous_64)
FN:834,(anonymous_65)
FN:838,(anonymous_66)
FN:842,(anonymous_67)
FN:862,(anonymous_68)
FN:865,(anonymous_69)
FN:869,(anonymous_70)
FN:887,(anonymous_71)
FN:891,(anonymous_72)
FN:895,(anonymous_73)
FN:905,(anonymous_74)
FN:917,(anonymous_75)
FN:940,(anonymous_76)
FN:944,(anonymous_77)
FN:963,(anonymous_78)
FN:980,(anonymous_79)
FN:995,(anonymous_80)
FN:1012,(anonymous_81)
FN:1036,(anonymous_82)
FN:1042,(anonymous_83)
FN:1052,(anonymous_84)
FN:1066,(anonymous_85)
FN:1073,(anonymous_86)
FN:1078,(anonymous_87)
FN:1086,(anonymous_88)
FN:1092,(anonymous_89)
FN:1104,(anonymous_90)
FN:1147,(anonymous_91)
FN:1171,(anonymous_92)
FN:1176,(anonymous_93)
FN:1184,(anonymous_94)
FN:1192,(anonymous_95)
FN:1213,(anonymous_96)
FN:1230,(anonymous_97)
FN:1236,(anonymous_98)
FN:1246,(anonymous_99)
FN:1252,(anonymous_100)
FN:1258,(anonymous_101)
FN:1264,(anonymous_102)
FN:1268,(anonymous_103)
FN:1275,(anonymous_104)
FN:1285,(anonymous_105)
FN:1298,(anonymous_106)
FN:1306,(anonymous_107)
FN:1315,(anonymous_108)
FN:1324,(anonymous_109)
FN:1343,(anonymous_110)
FN:1356,(anonymous_111)
FN:1361,(anonymous_112)
FN:1370,(anonymous_113)
FN:1381,(anonymous_114)
FN:1402,(anonymous_115)
FN:1418,(anonymous_116)
FN:1424,(anonymous_117)
FN:1433,(anonymous_118)
FN:1437,(anonymous_119)
FN:1449,(anonymous_120)
FN:1458,(anonymous_121)
FN:1462,(anonymous_122)
FN:1473,(anonymous_123)
FN:1482,(anonymous_124)
FN:1487,(anonymous_125)
FN:1491,(anonymous_126)
FN:1496,(anonymous_127)
FN:1500,(anonymous_128)
FN:1505,(anonymous_129)
FN:1509,(anonymous_130)
FN:1558,(anonymous_131)
FN:1565,(anonymous_132)
FN:1578,(anonymous_133)
FN:1582,(anonymous_134)
FN:1591,(anonymous_135)
FN:1598,(anonymous_136)
FN:1605,(anonymous_137)
FN:1609,(anonymous_138)
FN:1616,(anonymous_139)
FN:1632,(anonymous_140)
FN:1638,(anonymous_141)
FN:1645,(anonymous_142)
FN:1653,(anonymous_143)
FN:1655,(anonymous_144)
FN:1657,(anonymous_145)
FN:1664,(anonymous_146)
FN:1668,(anonymous_147)
FN:1680,(anonymous_148)
FN:1689,(anonymous_149)
FN:1699,(anonymous_150)
FN:1701,(anonymous_151)
FN:1704,(anonymous_152)
FN:1709,(anonymous_153)
FN:1714,(anonymous_154)
FN:1729,(anonymous_155)
FN:1734,(anonymous_156)
FN:1744,(anonymous_157)
FNF:157
FNH:134
FNDA:1,(anonymous_1)
FNDA:0,(anonymous_2)
FNDA:19,(anonymous_3)
FNDA:11280,(anonymous_4)
FNDA:2241,(anonymous_5)
FNDA:2239,(anonymous_6)
FNDA:267,(anonymous_7)
FNDA:0,(anonymous_8)
FNDA:0,(anonymous_9)
FNDA:383,HappnClient
FNDA:9,(anonymous_11)
FNDA:267,(anonymous_12)
FNDA:263,(anonymous_13)
FNDA:263,(anonymous_14)
FNDA:31,(anonymous_15)
FNDA:273,(anonymous_16)
FNDA:0,(anonymous_17)
FNDA:0,(anonymous_18)
FNDA:0,(anonymous_19)
FNDA:0,(anonymous_20)
FNDA:0,(anonymous_21)
FNDA:0,(anonymous_22)
FNDA:0,(anonymous_23)
FNDA:0,(anonymous_24)
FNDA:265,(anonymous_25)
FNDA:0,(anonymous_26)
FNDA:0,(anonymous_27)
FNDA:265,(anonymous_28)
FNDA:281,(anonymous_29)
FNDA:281,(anonymous_30)
FNDA:283,(anonymous_31)
FNDA:40,(anonymous_32)
FNDA:280,(anonymous_33)
FNDA:2,(anonymous_34)
FNDA:1,(anonymous_35)
FNDA:10,(anonymous_36)
FNDA:273,(anonymous_37)
FNDA:0,(anonymous_38)
FNDA:0,(anonymous_39)
FNDA:190,(anonymous_40)
FNDA:0,(anonymous_41)
FNDA:190,(anonymous_42)
FNDA:1,(anonymous_43)
FNDA:188,waitForConnection
FNDA:2,(anonymous_45)
FNDA:384,(anonymous_46)
FNDA:388,(anonymous_47)
FNDA:27,(anonymous_48)
FNDA:3,(anonymous_49)
FNDA:638,(anonymous_50)
FNDA:114,(anonymous_51)
FNDA:1,(anonymous_52)
FNDA:0,(anonymous_53)
FNDA:1,(anonymous_54)
FNDA:0,(anonymous_55)
FNDA:0,(anonymous_56)
FNDA:24,(anonymous_57)
FNDA:20,(anonymous_58)
FNDA:102,(anonymous_59)
FNDA:87,(anonymous_60)
FNDA:38,(anonymous_61)
FNDA:0,(anonymous_62)
FNDA:261,(anonymous_63)
FNDA:3,(anonymous_64)
FNDA:286,(anonymous_65)
FNDA:286,(anonymous_66)
FNDA:286,(anonymous_67)
FNDA:537,(anonymous_68)
FNDA:283,(anonymous_69)
FNDA:283,(anonymous_70)
FNDA:6,(anonymous_71)
FNDA:32,(anonymous_72)
FNDA:32,(anonymous_73)
FNDA:4,(anonymous_74)
FNDA:301,(anonymous_75)
FNDA:300,(anonymous_76)
FNDA:299,(anonymous_77)
FNDA:28,(anonymous_78)
FNDA:28,(anonymous_79)
FNDA:305,(anonymous_80)
FNDA:264,(anonymous_81)
FNDA:270,(anonymous_82)
FNDA:1,(anonymous_83)
FNDA:174,(anonymous_84)
FNDA:0,(anonymous_85)
FNDA:10729,(anonymous_86)
FNDA:10716,(anonymous_87)
FNDA:10695,(anonymous_88)
FNDA:5,(anonymous_89)
FNDA:9843,(anonymous_90)
FNDA:893,(anonymous_91)
FNDA:1408,(anonymous_92)
FNDA:1393,(anonymous_93)
FNDA:8,(anonymous_94)
FNDA:22,(anonymous_95)
FNDA:5778,(anonymous_96)
FNDA:15,(anonymous_97)
FNDA:189,(anonymous_98)
FNDA:1348,(anonymous_99)
FNDA:100,(anonymous_100)
FNDA:100,(anonymous_101)
FNDA:27,(anonymous_102)
FNDA:4,(anonymous_103)
FNDA:6,(anonymous_104)
FNDA:6,(anonymous_105)
FNDA:40,(anonymous_106)
FNDA:38,(anonymous_107)
FNDA:26,(anonymous_108)
FNDA:130,(anonymous_109)
FNDA:12,(anonymous_110)
FNDA:11,(anonymous_111)
FNDA:3,(anonymous_112)
FNDA:8,(anonymous_113)
FNDA:12006,(anonymous_114)
FNDA:173,(anonymous_115)
FNDA:75,(anonymous_116)
FNDA:10622,(anonymous_117)
FNDA:1277,(anonymous_118)
FNDA:8,(anonymous_119)
FNDA:1284,(anonymous_120)
FNDA:1283,(anonymous_121)
FNDA:63,(anonymous_122)
FNDA:1274,(anonymous_123)
FNDA:15,(anonymous_124)
FNDA:36,(anonymous_125)
FNDA:1,(anonymous_126)
FNDA:1,(anonymous_127)
FNDA:4,(anonymous_128)
FNDA:1356,(anonymous_129)
FNDA:1409,(anonymous_130)
FNDA:1349,(anonymous_131)
FNDA:7,(anonymous_132)
FNDA:24,(anonymous_133)
FNDA:1113,(anonymous_134)
FNDA:1113,(anonymous_135)
FNDA:129,(anonymous_136)
FNDA:179,(anonymous_137)
FNDA:186,(anonymous_138)
FNDA:100,(anonymous_139)
FNDA:26,(anonymous_140)
FNDA:39,(anonymous_141)
FNDA:28,(anonymous_142)
FNDA:28,(anonymous_143)
FNDA:19,(anonymous_144)
FNDA:22,(anonymous_145)
FNDA:1014,(anonymous_146)
FNDA:1014,(anonymous_147)
FNDA:47,(anonymous_148)
FNDA:26,(anonymous_149)
FNDA:177,(anonymous_150)
FNDA:0,(anonymous_151)
FNDA:19,(anonymous_152)
FNDA:368,(anonymous_153)
FNDA:4,(anonymous_154)
FNDA:6,(anonymous_155)
FNDA:177,(anonymous_156)
FNDA:0,(anonymous_157)
DA:1,1
DA:3,1
DA:4,1
DA:5,1
DA:6,1
DA:7,1
DA:9,1
DA:11,1
DA:13,1
DA:16,1
DA:18,1
DA:20,1
DA:22,1
DA:23,1
DA:24,1
DA:28,0
DA:30,0
DA:32,0
DA:33,0
DA:34,0
DA:35,0
DA:40,1
DA:42,19
DA:44,11280
DA:45,11280
DA:47,11280
DA:51,11280
DA:52,9039
DA:55,2241
DA:57,2241
DA:58,2239
DA:59,2212
DA:60,0
DA:61,0
DA:62,0
DA:64,2212
DA:66,2241
DA:67,2241
DA:69,2
DA:75,1
DA:77,267
DA:79,4
DA:81,4
DA:84,4
DA:86,0
DA:87,0
DA:89,0
DA:92,4
DA:94,0
DA:95,0
DA:97,0
DA:100,4
DA:102,4
DA:104,4
DA:107,1
DA:109,0
DA:111,0
DA:113,0
DA:115,0
DA:117,0
DA:119,0
DA:121,0
DA:123,0
DA:124,0
DA:126,0
DA:129,0
DA:131,0
DA:133,0
DA:135,0
DA:137,0
DA:139,0
DA:140,0
DA:144,0
DA:145,0
DA:146,0
DA:150,0
DA:153,1
DA:155,383
DA:157,383
DA:158,383
DA:159,383
DA:168,383
DA:171,1
DA:172,9
DA:175,1
DA:177,267
DA:179,267
DA:181,267
DA:183,267
DA:184,267
DA:185,4
DA:190,267
DA:194,1
DA:196,1
DA:198,263
DA:200,32
DA:202,32
DA:204,32
DA:207,263
DA:209,229
DA:211,229
DA:213,229
DA:216,263
DA:218,263
DA:219,263
DA:221,0
DA:224,263
DA:226,263
DA:228,263
DA:230,263
DA:232,31
DA:233,31
DA:234,31
DA:237,0
DA:238,0
DA:242,1
DA:244,273
DA:246,273
DA:248,273
DA:250,0
DA:252,273
DA:254,273
DA:256,273
DA:260,0
DA:262,0
DA:263,0
DA:266,0
DA:267,0
DA:270,0
DA:271,0
DA:274,0
DA:275,0
DA:278,0
DA:279,0
DA:282,0
DA:283,0
DA:286,0
DA:287,0
DA:290,0
DA:291,0
DA:296,273
DA:298,273
DA:300,273
DA:302,273
DA:304,273
DA:306,273
DA:309,1
DA:311,265
DA:314,265
DA:316,265
DA:318,0
DA:320,0
DA:322,0
DA:324,0
DA:326,0
DA:328,0
DA:333,265
DA:335,265
DA:337,233
DA:339,233
DA:343,1
DA:345,281
DA:347,281
DA:351,1
DA:355,281
DA:357,281
DA:359,281
DA:361,281
DA:363,281
DA:365,281
DA:367,281
DA:369,281
DA:371,281
DA:375,1
DA:377,283
DA:379,40
DA:380,4
DA:383,283
DA:385,4
DA:386,4
DA:387,4
DA:388,4
DA:389,4
DA:390,4
DA:391,4
DA:392,4
DA:393,4
DA:394,4
DA:398,283
DA:400,283
DA:402,283
DA:404,253
DA:406,253
DA:407,0
DA:408,253
DA:410,0
DA:414,253
DA:418,283
DA:421,1
DA:423,280
DA:425,280
DA:427,169
DA:429,169
DA:430,339
DA:432,111
DA:434,280
DA:437,280
DA:442,280
DA:444,74
DA:446,448
DA:448,448
DA:450,74
DA:455,280
DA:457,1
DA:459,1
DA:461,1
DA:463,1
DA:465,1
DA:467,2
DA:470,279
DA:472,280
DA:474,280
DA:476,280
DA:478,280
DA:480,280
DA:484,280
DA:486,280
DA:488,280
DA:490,280
DA:492,280
DA:494,280
DA:497,1
DA:499,1
DA:501,1
DA:502,10
DA:505,1
DA:506,1
DA:507,1
DA:508,1
DA:509,1
DA:510,1
DA:511,1
DA:512,1
DA:513,1
DA:514,1
DA:518,1
DA:520,273
DA:522,273
DA:524,0
DA:526,0
DA:527,0
DA:530,0
DA:533,273
DA:535,190
DA:537,190
DA:539,190
DA:541,190
DA:543,0
DA:545,0
DA:547,0
DA:549,0
DA:550,0
DA:553,0
DA:554,0
DA:555,0
DA:558,0
DA:560,0
DA:561,0
DA:563,0
DA:564,0
DA:566,0
DA:568,0
DA:570,0
DA:572,0
DA:574,0
DA:577,0
DA:579,190
DA:582,0
DA:587,1
DA:589,190
DA:591,190
DA:593,190
DA:595,190
DA:599,190
DA:605,190
DA:608,190
DA:610,1
DA:612,1
DA:614,1
DA:616,1
DA:619,0
DA:622,190
DA:624,188
DA:626,187
DA:628,187
DA:630,187
DA:632,187
DA:634,187
DA:638,190
DA:640,2
DA:642,2
DA:646,2
DA:648,2
DA:652,2
DA:655,190
DA:658,1
DA:660,384
DA:662,384
DA:664,384
DA:665,384
DA:666,384
DA:667,384
DA:668,384
DA:669,384
DA:670,384
DA:671,384
DA:672,384
DA:673,384
DA:674,384
DA:675,384
DA:678,1
DA:680,388
DA:682,388
DA:684,27
DA:686,26
DA:688,25
DA:690,25
DA:692,25
DA:695,388
DA:697,3
DA:699,3
DA:701,3
DA:705,388
DA:707,638
DA:708,48
DA:709,114
DA:710,70
DA:716,1
DA:718,1
DA:720,0
DA:721,0
DA:722,0
DA:723,0
DA:726,0
DA:727,0
DA:728,0
DA:729,0
DA:730,0
DA:731,0
DA:735,0
DA:738,1
DA:740,1
DA:742,1
DA:743,0
DA:745,0
DA:747,0
DA:748,0
DA:749,0
DA:751,0
DA:755,1
DA:759,1
DA:760,0
DA:763,1
DA:765,24
DA:772,1
DA:774,20
DA:775,20
DA:777,0
DA:781,1
DA:782,102
DA:789,1
DA:790,87
DA:791,87
DA:794,1
DA:796,38
DA:798,1
DA:799,0
DA:800,0
DA:801,0
DA:802,0
DA:805,1
DA:806,1
DA:807,1
DA:812,1
DA:814,261
DA:815,261
DA:818,261
DA:819,0
DA:820,0
DA:821,0
DA:825,1
DA:827,3
DA:829,3
DA:831,3
DA:834,1
DA:836,286
DA:838,286
DA:840,286
DA:844,286
DA:846,256
DA:847,255
DA:848,255
DA:849,1
DA:853,286
DA:855,283
DA:857,283
DA:859,283
DA:861,283
DA:863,537
DA:867,283
DA:869,283
DA:871,283
DA:873,29
DA:875,0
DA:877,0
DA:880,254
DA:882,254
DA:887,1
DA:888,6
DA:891,1
DA:893,32
DA:895,32
DA:897,32
DA:898,32
DA:901,32
DA:903,4
DA:907,4
DA:909,4
DA:910,4
DA:914,28
DA:917,1
DA:919,301
DA:921,301
DA:927,301
DA:928,300
DA:930,300
DA:932,300
DA:934,300
DA:936,300
DA:938,300
DA:942,300
DA:944,299
DA:946,299
DA:948,299
DA:950,299
DA:952,172
DA:954,160
DA:956,3
DA:958,0
DA:961,160
DA:963,28
DA:965,28
DA:967,28
DA:969,11
DA:972,11
DA:974,11
DA:975,11
DA:978,28
DA:980,28
DA:982,28
DA:983,28
DA:987,132
DA:989,127
DA:995,1
DA:997,305
DA:999,305
DA:1007,41
DA:1009,40
DA:1012,264
DA:1014,264
DA:1016,261
DA:1018,261
DA:1020,261
DA:1022,261
DA:1024,261
DA:1026,261
DA:1028,261
DA:1032,261
DA:1036,1
DA:1037,270
DA:1038,270
DA:1039,28
DA:1042,1
DA:1044,1
DA:1046,1
DA:1052,1
DA:1054,174
DA:1056,174
DA:1058,174
DA:1060,174
DA:1062,174
DA:1064,0
DA:1066,0
DA:1068,0
DA:1073,1
DA:1075,10729
DA:1078,1
DA:1080,10716
DA:1082,10716
DA:1086,10716
DA:1087,10695
DA:1088,10695
DA:1089,10695
DA:1092,10716
DA:1093,5
DA:1094,5
DA:1095,5
DA:1096,5
DA:1097,5
DA:1101,10716
DA:1104,1
DA:1106,9843
DA:1108,9
DA:1110,9
DA:1111,9
DA:1112,9
DA:1113,9
DA:1115,9
DA:1117,9
DA:1118,9
DA:1120,9
DA:1121,4
DA:1124,9834
DA:1132,9834
DA:1134,9564
DA:1136,9834
DA:1137,5964
DA:1140,9834
DA:1141,9834
DA:1142,9834
DA:1144,9834
DA:1147,1
DA:1151,893
DA:1156,893
DA:1158,893
DA:1160,893
DA:1162,285
DA:1164,893
DA:1166,893
DA:1168,893
DA:1171,1
DA:1172,1408
DA:1173,1408
DA:1176,1
DA:1177,1393
DA:1178,1271
DA:1179,1271
DA:1181,1393
DA:1184,1
DA:1185,8
DA:1192,1
DA:1194,22
DA:1195,4
DA:1196,4
DA:1197,4
DA:1200,22
DA:1201,2
DA:1202,2
DA:1203,2
DA:1206,22
DA:1208,21
DA:1213,1
DA:1215,5778
DA:1216,5317
DA:1217,5317
DA:1220,5778
DA:1222,5778
DA:1223,5778
DA:1224,5774
DA:1226,4
DA:1230,1
DA:1231,15
DA:1236,1
DA:1238,189
DA:1239,154
DA:1240,154
DA:1243,189
DA:1246,1
DA:1247,1348
DA:1248,14
DA:1249,1334
DA:1252,1
DA:1253,100
DA:1254,2
DA:1255,98
DA:1258,1
DA:1259,100
DA:1260,2
DA:1261,98
DA:1264,1
DA:1266,27
DA:1268,27
DA:1270,4
DA:1271,4
DA:1275,4
DA:1277,6
DA:1278,0
DA:1279,0
DA:1283,6
DA:1285,6
DA:1286,6
DA:1288,6
DA:1290,6
DA:1292,6
DA:1298,1
DA:1300,40
DA:1302,40
DA:1304,40
DA:1306,40
DA:1308,38
DA:1310,38
DA:1311,12
DA:1312,12
DA:1315,26
DA:1317,26
DA:1318,26
DA:1319,26
DA:1324,1
DA:1326,130
DA:1332,130
DA:1333,130
DA:1335,130
DA:1336,126
DA:1337,126
DA:1338,4
DA:1340,130
DA:1343,1
DA:1345,12
DA:1347,12
DA:1349,11
DA:1351,11
DA:1357,11
DA:1358,11
DA:1359,11
DA:1362,3
DA:1366,11
DA:1367,11
DA:1370,1
DA:1372,8
DA:1374,8
DA:1376,8
DA:1377,5
DA:1381,1
DA:1383,12006
DA:1385,104
DA:1386,86
DA:1389,12006
DA:1391,10735
DA:1393,10699
DA:1395,10692
DA:1397,10618
DA:1399,57
DA:1400,57
DA:1401,57
DA:1402,57
DA:1403,173
DA:1405,57
DA:1408,10561
DA:1409,10561
DA:1410,9240
DA:1411,9240
DA:1412,1321
DA:1414,10561
DA:1415,10561
DA:1418,1
DA:1420,75
DA:1421,75
DA:1424,1
DA:1426,10622
DA:1427,10622
DA:1428,10620
DA:1429,9302
DA:1433,1
DA:1435,1277
DA:1436,8
DA:1437,8
DA:1438,8
DA:1439,1
DA:1440,1
DA:1442,8
DA:1446,1269
DA:1449,1
DA:1451,1284
DA:1453,1284
DA:1455,1283
DA:1458,1283
DA:1460,1283
DA:1462,63
DA:1464,63
DA:1465,63
DA:1469,1220
DA:1473,1
DA:1475,1274
DA:1477,1274
DA:1478,1266
DA:1480,8
DA:1481,8
DA:1482,8
DA:1483,15
DA:1487,1
DA:1489,36
DA:1491,36
DA:1492,1
DA:1496,1
DA:1497,1
DA:1500,1
DA:1501,4
DA:1502,4
DA:1505,1
DA:1506,1356
DA:1509,1
DA:1511,1409
DA:1513,1409
DA:1514,1208
DA:1515,1208
DA:1516,1208
DA:1519,1409
DA:1520,1409
DA:1521,1409
DA:1523,1409
DA:1525,24
DA:1526,1
DA:1528,23
DA:1529,22
DA:1530,22
DA:1533,1407
DA:1535,1407
DA:1551,1407
DA:1552,1407
DA:1554,1407
DA:1555,1407
DA:1557,1407
DA:1558,1349
DA:1560,1349
DA:1561,1342
DA:1563,1342
DA:1564,12
DA:1565,5
DA:1566,7
DA:1568,12
DA:1569,1330
DA:1571,1342
DA:1572,1320
DA:1573,1313
DA:1575,58
DA:1578,1
DA:1579,24
DA:1582,1
DA:1584,1113
DA:1585,1014
DA:1586,1014
DA:1589,1113
DA:1592,1113
DA:1593,1113
DA:1594,1113
DA:1598,1
DA:1600,129
DA:1602,129
DA:1603,129
DA:1605,129
DA:1607,179
DA:1609,179
DA:1610,186
DA:1611,113
DA:1612,113
DA:1614,113
DA:1616,113
DA:1617,100
DA:1618,100
DA:1619,100
DA:1620,100
DA:1621,100
DA:1623,13
DA:1625,113
DA:1629,129
DA:1632,1
DA:1634,26
DA:1635,26
DA:1636,26
DA:1638,26
DA:1640,39
DA:1641,39
DA:1643,39
DA:1644,22
DA:1645,22
DA:1646,28
DA:1651,26
DA:1653,19
DA:1654,28
DA:1656,19
DA:1657,19
DA:1658,22
DA:1660,19
DA:1664,1
DA:1666,1014
DA:1668,1014
DA:1670,1014
DA:1672,1014
DA:1673,1014
DA:1674,1014
DA:1676,1014
DA:1680,1
DA:1682,47
DA:1684,40
DA:1686,37
DA:1689,1
DA:1691,26
DA:1692,0
DA:1693,0
DA:1696,26
DA:1699,1
DA:1700,177
DA:1701,177
DA:1702,0
DA:1704,177
DA:1705,19
DA:1709,1
DA:1711,368
DA:1712,368
DA:1713,175
DA:1714,175
DA:1715,4
DA:1716,0
DA:1718,4
DA:1719,4
DA:1721,171
DA:1722,171
DA:1725,0
DA:1729,1
DA:1731,6
DA:1734,1
DA:1736,177
DA:1738,177
DA:1739,114
DA:1740,114
DA:1743,177
DA:1744,177
DA:1746,177
DA:1747,177
DA:1749,177
DA:1750,177
DA:1751,177
DA:1752,177
DA:1753,177
DA:1754,177
DA:1756,177
DA:1758,0
LF:847
LH:717
BRDA:13,1,0,0
BRDA:13,1,1,1
BRDA:13,2,0,1
BRDA:13,2,1,0
BRDA:16,3,0,1
BRDA:16,3,1,0
BRDA:18,4,0,1
BRDA:18,4,1,0
BRDA:32,5,0,0
BRDA:32,5,1,0
BRDA:32,6,0,0
BRDA:32,6,1,0
BRDA:33,7,0,0
BRDA:33,7,1,0
BRDA:47,8,0,0
BRDA:47,8,1,11280
BRDA:47,9,0,11280
BRDA:47,9,1,0
BRDA:51,10,0,9039
BRDA:51,10,1,2241
BRDA:58,11,0,27
BRDA:58,11,1,2212
BRDA:59,12,0,0
BRDA:59,12,1,2212
BRDA:77,13,0,263
BRDA:77,13,1,4
BRDA:79,14,0,0
BRDA:79,14,1,4
BRDA:84,15,0,0
BRDA:84,15,1,4
BRDA:84,16,0,4
BRDA:84,16,1,4
BRDA:86,17,0,0
BRDA:86,17,1,0
BRDA:86,18,0,0
BRDA:86,18,1,0
BRDA:92,19,0,0
BRDA:92,19,1,4
BRDA:92,20,0,4
BRDA:92,20,1,4
BRDA:94,21,0,0
BRDA:94,21,1,0
BRDA:94,22,0,0
BRDA:94,22,1,0
BRDA:100,23,0,0
BRDA:100,23,1,4
BRDA:100,24,0,4
BRDA:100,24,1,0
BRDA:102,25,0,0
BRDA:102,25,1,4
BRDA:102,26,0,4
BRDA:102,26,1,4
BRDA:111,27,0,0
BRDA:111,27,1,0
BRDA:115,28,0,0
BRDA:115,28,1,0
BRDA:117,29,0,0
BRDA:117,29,1,0
BRDA:129,30,0,0
BRDA:129,30,1,0
BRDA:140,31,0,0
BRDA:140,31,1,0
BRDA:144,32,0,0
BRDA:144,32,1,0
BRDA:157,33,0,383
BRDA:157,33,1,0
BRDA:177,34,0,3
BRDA:177,34,1,264
BRDA:179,35,0,0
BRDA:179,35,1,267
BRDA:181,36,0,0
BRDA:181,36,1,267
BRDA:184,37,0,4
BRDA:184,37,1,263
BRDA:184,38,0,267
BRDA:184,38,1,4
BRDA:198,39,0,32
BRDA:198,39,1,231
BRDA:207,40,0,229
BRDA:207,40,1,34
BRDA:211,41,0,229
BRDA:211,41,1,0
BRDA:226,42,0,1
BRDA:226,42,1,262
BRDA:230,43,0,232
BRDA:230,43,1,31
BRDA:232,44,0,31
BRDA:232,44,1,0
BRDA:246,45,0,273
BRDA:246,45,1,0
BRDA:248,46,0,0
BRDA:248,46,1,273
BRDA:248,47,0,273
BRDA:248,47,1,0
BRDA:252,48,0,273
BRDA:252,48,1,0
BRDA:254,49,0,0
BRDA:254,49,1,273
BRDA:262,50,0,0
BRDA:262,50,1,0
BRDA:266,51,0,0
BRDA:266,51,1,0
BRDA:270,52,0,0
BRDA:270,52,1,0
BRDA:274,53,0,0
BRDA:274,53,1,0
BRDA:278,54,0,0
BRDA:278,54,1,0
BRDA:282,55,0,0
BRDA:282,55,1,0
BRDA:286,56,0,0
BRDA:286,56,1,0
BRDA:290,57,0,0
BRDA:290,57,1,0
BRDA:316,58,0,0
BRDA:316,58,1,265
BRDA:320,59,0,0
BRDA:320,59,1,0
BRDA:324,60,0,0
BRDA:324,60,1,0
BRDA:335,61,0,32
BRDA:335,61,1,233
BRDA:345,62,0,31
BRDA:345,62,1,250
BRDA:345,63,0,281
BRDA:345,63,1,31
BRDA:347,64,0,31
BRDA:347,64,1,250
BRDA:347,65,0,281
BRDA:347,65,1,31
BRDA:355,66,0,250
BRDA:355,66,1,31
BRDA:357,67,0,250
BRDA:357,67,1,31
BRDA:359,68,0,1
BRDA:359,68,1,280
BRDA:361,69,0,249
BRDA:361,69,1,32
BRDA:363,70,0,249
BRDA:363,70,1,32
BRDA:365,71,0,2
BRDA:365,71,1,279
BRDA:367,72,0,0
BRDA:367,72,1,281
BRDA:369,73,0,0
BRDA:369,73,1,281
BRDA:371,74,0,251
BRDA:371,74,1,30
BRDA:379,75,0,4
BRDA:379,75,1,36
BRDA:379,76,0,40
BRDA:379,76,1,40
BRDA:383,77,0,4
BRDA:383,77,1,279
BRDA:398,78,0,250
BRDA:398,78,1,33
BRDA:400,79,0,172
BRDA:400,79,1,111
BRDA:402,80,0,253
BRDA:402,80,1,30
BRDA:404,81,0,253
BRDA:404,81,1,248
BRDA:406,82,0,0
BRDA:406,82,1,253
BRDA:406,83,0,253
BRDA:406,83,1,247
BRDA:408,84,0,0
BRDA:408,84,1,253
BRDA:408,85,0,253
BRDA:408,85,1,3
BRDA:425,86,0,169
BRDA:425,86,1,111
BRDA:430,87,0,154
BRDA:430,87,1,185
BRDA:430,88,0,339
BRDA:430,88,1,170
BRDA:434,89,0,248
BRDA:434,89,1,32
BRDA:437,90,0,74
BRDA:437,90,1,206
BRDA:442,91,0,74
BRDA:442,91,1,206
BRDA:446,92,0,448
BRDA:446,92,1,0
BRDA:448,93,0,374
BRDA:448,93,1,74
BRDA:455,94,0,1
BRDA:455,94,1,279
BRDA:459,95,0,1
BRDA:459,95,1,0
BRDA:461,96,0,1
BRDA:461,96,1,0
BRDA:463,97,0,1
BRDA:463,97,1,0
BRDA:467,98,0,0
BRDA:467,98,1,2
BRDA:474,99,0,5
BRDA:474,99,1,275
BRDA:478,100,0,48
BRDA:478,100,1,232
BRDA:480,101,0,0
BRDA:480,101,1,280
BRDA:488,102,0,250
BRDA:488,102,1,30
BRDA:490,103,0,250
BRDA:490,103,1,30
BRDA:492,104,0,250
BRDA:492,104,1,30
BRDA:502,105,0,10
BRDA:502,105,1,0
BRDA:530,106,0,0
BRDA:530,106,1,0
BRDA:541,107,0,0
BRDA:541,107,1,190
BRDA:545,108,0,0
BRDA:545,108,1,0
BRDA:549,109,0,0
BRDA:549,109,1,0
BRDA:549,110,0,0
BRDA:549,110,1,0
BRDA:553,111,0,0
BRDA:553,111,1,0
BRDA:560,112,0,0
BRDA:560,112,1,0
BRDA:563,113,0,0
BRDA:563,113,1,0
BRDA:572,114,0,0
BRDA:572,114,1,0
BRDA:595,115,0,0
BRDA:595,115,1,190
BRDA:610,116,0,1
BRDA:610,116,1,0
BRDA:612,117,0,0
BRDA:612,117,1,1
BRDA:624,118,0,187
BRDA:624,118,1,1
BRDA:632,119,0,0
BRDA:632,119,1,187
BRDA:640,120,0,2
BRDA:640,120,1,0
BRDA:642,121,0,0
BRDA:642,121,1,2
BRDA:684,122,0,1
BRDA:684,122,1,26
BRDA:686,123,0,1
BRDA:686,123,1,25
BRDA:688,124,0,20
BRDA:688,124,1,5
BRDA:707,125,0,48
BRDA:707,125,1,590
BRDA:709,126,0,44
BRDA:709,126,1,70
BRDA:718,127,0,1
BRDA:718,127,1,0
BRDA:727,128,0,0
BRDA:727,128,1,0
BRDA:727,129,0,0
BRDA:727,129,1,0
BRDA:727,129,2,0
BRDA:727,129,3,0
BRDA:742,130,0,0
BRDA:742,130,1,1
BRDA:743,131,0,0
BRDA:743,131,1,0
BRDA:745,132,0,0
BRDA:745,132,1,0
BRDA:747,133,0,0
BRDA:747,133,1,0
BRDA:747,134,0,0
BRDA:747,134,1,0
BRDA:748,135,0,0
BRDA:748,135,1,0
BRDA:748,136,0,0
BRDA:748,136,1,0
BRDA:768,137,0,1
BRDA:768,137,1,23
BRDA:796,138,0,37
BRDA:796,138,1,1
BRDA:798,139,0,0
BRDA:798,139,1,1
BRDA:800,140,0,0
BRDA:800,140,1,0
BRDA:818,141,0,0
BRDA:818,141,1,261
BRDA:819,142,0,0
BRDA:819,142,1,0
BRDA:820,143,0,0
BRDA:820,143,1,0
BRDA:829,144,0,1
BRDA:829,144,1,2
BRDA:844,145,0,30
BRDA:844,145,1,256
BRDA:846,146,0,255
BRDA:846,146,1,1
BRDA:853,147,0,3
BRDA:853,147,1,283
BRDA:855,148,0,0
BRDA:855,148,1,283
BRDA:855,149,0,283
BRDA:855,149,1,283
BRDA:863,150,0,537
BRDA:863,150,1,537
BRDA:871,151,0,29
BRDA:871,151,1,254
BRDA:873,152,0,29
BRDA:873,152,1,0
BRDA:875,153,0,0
BRDA:875,153,1,0
BRDA:897,154,0,26
BRDA:897,154,1,6
BRDA:901,155,0,4
BRDA:901,155,1,28
BRDA:907,156,0,0
BRDA:907,156,1,4
BRDA:928,157,0,74
BRDA:928,157,1,226
BRDA:930,158,0,144
BRDA:930,158,1,156
BRDA:932,159,0,30
BRDA:932,159,1,270
BRDA:934,160,0,17
BRDA:934,160,1,283
BRDA:936,161,0,0
BRDA:936,161,1,300
BRDA:942,162,0,1
BRDA:942,162,1,299
BRDA:946,163,0,0
BRDA:946,163,1,299
BRDA:950,164,0,172
BRDA:950,164,1,127
BRDA:952,165,0,12
BRDA:952,165,1,160
BRDA:952,166,0,172
BRDA:952,166,1,155
BRDA:954,167,0,3
BRDA:954,167,1,157
BRDA:954,168,0,160
BRDA:954,168,1,20
BRDA:956,169,0,3
BRDA:956,169,1,0
BRDA:961,170,0,28
BRDA:961,170,1,132
BRDA:961,171,0,160
BRDA:961,171,1,135
BRDA:965,172,0,0
BRDA:965,172,1,28
BRDA:967,173,0,11
BRDA:967,173,1,17
BRDA:967,174,0,28
BRDA:967,174,1,17
BRDA:969,175,0,0
BRDA:969,175,1,11
BRDA:982,176,0,0
BRDA:982,176,1,28
BRDA:999,177,0,41
BRDA:999,177,1,264
BRDA:1014,178,0,3
BRDA:1014,178,1,261
BRDA:1038,179,0,242
BRDA:1038,179,1,28
BRDA:1062,180,0,0
BRDA:1062,180,1,174
BRDA:1068,181,0,0
BRDA:1068,181,1,0
BRDA:1095,182,0,1
BRDA:1095,182,1,4
BRDA:1096,183,0,1
BRDA:1096,183,1,4
BRDA:1106,184,0,9
BRDA:1106,184,1,9834
BRDA:1110,185,0,2
BRDA:1110,185,1,7
BRDA:1111,186,0,2
BRDA:1111,186,1,7
BRDA:1112,187,0,2
BRDA:1112,187,1,7
BRDA:1113,188,0,3
BRDA:1113,188,1,6
BRDA:1120,189,0,5
BRDA:1120,189,1,4
BRDA:1132,190,0,270
BRDA:1132,190,1,9564
BRDA:1136,191,0,5964
BRDA:1136,191,1,3870
BRDA:1137,192,0,8
BRDA:1137,192,1,5956
BRDA:1137,193,0,5964
BRDA:1137,193,1,5960
BRDA:1140,194,0,9833
BRDA:1140,194,1,1
BRDA:1141,195,0,132
BRDA:1141,195,1,9702
BRDA:1142,196,0,9829
BRDA:1142,196,1,5
BRDA:1156,197,0,589
BRDA:1156,197,1,304
BRDA:1158,198,0,111
BRDA:1158,198,1,782
BRDA:1160,199,0,608
BRDA:1160,199,1,285
BRDA:1164,200,0,608
BRDA:1164,200,1,285
BRDA:1177,201,0,1271
BRDA:1177,201,1,122
BRDA:1194,202,0,4
BRDA:1194,202,1,18
BRDA:1200,203,0,2
BRDA:1200,203,1,20
BRDA:1206,204,0,1
BRDA:1206,204,1,21
BRDA:1215,205,0,5317
BRDA:1215,205,1,461
BRDA:1220,206,0,7
BRDA:1220,206,1,5771
BRDA:1238,207,0,154
BRDA:1238,207,1,35
BRDA:1247,208,0,14
BRDA:1247,208,1,1334
BRDA:1247,209,0,1348
BRDA:1247,209,1,1342
BRDA:1253,210,0,2
BRDA:1253,210,1,98
BRDA:1253,211,0,100
BRDA:1253,211,1,99
BRDA:1259,212,0,2
BRDA:1259,212,1,98
BRDA:1259,213,0,100
BRDA:1259,213,1,99
BRDA:1277,214,0,0
BRDA:1277,214,1,6
BRDA:1286,215,0,0
BRDA:1286,215,1,6
BRDA:1308,216,0,0
BRDA:1308,216,1,38
BRDA:1310,217,0,12
BRDA:1310,217,1,26
BRDA:1311,218,0,0
BRDA:1311,218,1,12
BRDA:1311,219,0,12
BRDA:1311,219,1,12
BRDA:1317,220,0,0
BRDA:1317,220,1,26
BRDA:1329,221,0,130
BRDA:1329,221,1,4
BRDA:1332,222,0,11
BRDA:1332,222,1,119
BRDA:1335,223,0,126
BRDA:1335,223,1,4
BRDA:1347,224,0,1
BRDA:1347,224,1,11
BRDA:1349,225,0,11
BRDA:1349,225,1,4
BRDA:1374,226,0,8
BRDA:1374,226,1,0
BRDA:1376,227,0,3
BRDA:1376,227,1,5
BRDA:1383,228,0,104
BRDA:1383,228,1,11902
BRDA:1385,229,0,18
BRDA:1385,229,1,86
BRDA:1385,230,0,104
BRDA:1385,230,1,18
BRDA:1389,231,0,1271
BRDA:1389,231,1,10735
BRDA:1389,232,0,12006
BRDA:1389,232,1,11932
BRDA:1391,233,0,36
BRDA:1391,233,1,10699
BRDA:1391,234,0,10735
BRDA:1391,234,1,10661
BRDA:1393,235,0,7
BRDA:1393,235,1,10692
BRDA:1393,236,0,10699
BRDA:1393,236,1,10625
BRDA:1395,237,0,74
BRDA:1395,237,1,10618
BRDA:1397,238,0,57
BRDA:1397,238,1,10561
BRDA:1401,239,0,57
BRDA:1401,239,1,0
BRDA:1401,239,2,0
BRDA:1403,240,0,115
BRDA:1403,240,1,58
BRDA:1409,241,0,9240
BRDA:1409,241,1,1321
BRDA:1414,242,0,1318
BRDA:1414,242,1,9243
BRDA:1421,243,0,75
BRDA:1421,243,1,0
BRDA:1427,244,0,10620
BRDA:1427,244,1,2
BRDA:1428,245,0,1318
BRDA:1428,245,1,9302
BRDA:1435,246,0,8
BRDA:1435,246,1,1269
BRDA:1438,247,0,1
BRDA:1438,247,1,7
BRDA:1442,248,0,8
BRDA:1442,248,1,0
BRDA:1446,249,0,1269
BRDA:1446,249,1,0
BRDA:1453,250,0,1
BRDA:1453,250,1,1283
BRDA:1453,251,0,1284
BRDA:1453,251,1,78
BRDA:1460,252,0,63
BRDA:1460,252,1,1220
BRDA:1460,253,0,1283
BRDA:1460,253,1,77
BRDA:1464,254,0,0
BRDA:1464,254,1,63
BRDA:1475,255,0,0
BRDA:1475,255,1,1274
BRDA:1477,256,0,1266
BRDA:1477,256,1,8
BRDA:1489,257,0,36
BRDA:1489,257,1,0
BRDA:1513,258,0,1208
BRDA:1513,258,1,201
BRDA:1519,259,0,25
BRDA:1519,259,1,1384
BRDA:1520,260,0,1278
BRDA:1520,260,1,131
BRDA:1520,261,0,1409
BRDA:1520,261,1,131
BRDA:1521,262,0,1341
BRDA:1521,262,1,68
BRDA:1523,263,0,24
BRDA:1523,263,1,1385
BRDA:1525,264,0,1
BRDA:1525,264,1,23
BRDA:1528,265,0,1
BRDA:1528,265,1,22
BRDA:1551,266,0,1342
BRDA:1551,266,1,65
BRDA:1554,267,0,1349
BRDA:1554,267,1,58
BRDA:1557,268,0,1349
BRDA:1557,268,1,58
BRDA:1557,269,0,1407
BRDA:1557,269,1,58
BRDA:1557,269,2,58
BRDA:1560,270,0,7
BRDA:1560,270,1,1342
BRDA:1561,271,0,0
BRDA:1561,271,1,1342
BRDA:1563,272,0,12
BRDA:1563,272,1,1330
BRDA:1563,273,0,1342
BRDA:1563,273,1,1337
BRDA:1564,274,0,5
BRDA:1564,274,1,7
BRDA:1571,275,0,22
BRDA:1571,275,1,1320
BRDA:1572,276,0,7
BRDA:1572,276,1,1313
BRDA:1584,277,0,1014
BRDA:1584,277,1,99
BRDA:1592,278,0,0
BRDA:1592,278,1,1113
BRDA:1593,279,0,0
BRDA:1593,279,1,1113
BRDA:1602,280,0,0
BRDA:1602,280,1,129
BRDA:1602,281,0,129
BRDA:1602,281,1,129
BRDA:1610,282,0,73
BRDA:1610,282,1,113
BRDA:1616,283,0,100
BRDA:1616,283,1,13
BRDA:1616,284,0,113
BRDA:1616,284,1,13
BRDA:1616,284,2,13
BRDA:1617,285,0,0
BRDA:1617,285,1,100
BRDA:1620,286,0,97
BRDA:1620,286,1,3
BRDA:1629,287,0,16
BRDA:1629,287,1,113
BRDA:1643,288,0,22
BRDA:1643,288,1,17
BRDA:1651,289,0,7
BRDA:1651,289,1,19
BRDA:1656,290,0,0
BRDA:1656,290,1,19
BRDA:1670,291,0,0
BRDA:1670,291,1,1014
BRDA:1682,292,0,7
BRDA:1682,292,1,40
BRDA:1684,293,0,3
BRDA:1684,293,1,37
BRDA:1691,294,0,0
BRDA:1691,294,1,26
BRDA:1712,295,0,175
BRDA:1712,295,1,193
BRDA:1714,296,0,4
BRDA:1714,296,1,171
BRDA:1714,297,0,175
BRDA:1714,297,1,174
BRDA:1715,298,0,0
BRDA:1715,298,1,4
BRDA:1738,299,0,114
BRDA:1738,299,1,63
BRDA:1743,300,0,114
BRDA:1743,300,1,63
BRDA:1744,301,0,0
BRDA:1744,301,1,177
BRF:607
BRH:437
end_of_record
TN:
SF:/Users/simonbishop/Documents/Projects/happn-3/lib/service.js
FN:7,(anonymous_1)
FN:12,(anonymous_2)
FN:38,(anonymous_3)
FN:53,(anonymous_4)
FN:64,(anonymous_5)
FN:76,(anonymous_6)
FNF:6
FNH:6
FNDA:5,(anonymous_1)
FNDA:145,(anonymous_2)
FNDA:137,(anonymous_3)
FNDA:137,(anonymous_4)
FNDA:136,(anonymous_5)
FNDA:145,(anonymous_6)
DA:1,1
DA:5,1
DA:8,5
DA:9,5
DA:14,145
DA:16,145
DA:17,27
DA:18,27
DA:21,145
DA:27,145
DA:29,145
DA:31,145
DA:32,145
DA:34,145
DA:36,145
DA:38,145
DA:40,137
DA:42,137
DA:44,137
DA:45,113
DA:46,113
DA:53,137
DA:55,137
DA:57,137
DA:59,137
DA:64,145
DA:66,136
DA:67,0
DA:68,0
DA:71,136
DA:73,136
DA:76,145
DA:78,145
DA:79,9
DA:80,9
DA:83,136
DA:84,136
DA:86,136
DA:93,136
DA:95,136
DA:97,136
DA:98,136
DA:100,136
DA:101,4
LF:44
LH:42
BRDA:16,1,0,27
BRDA:16,1,1,118
BRDA:29,2,0,0
BRDA:29,2,1,145
BRDA:29,3,0,145
BRDA:29,3,1,145
BRDA:31,4,0,145
BRDA:31,4,1,145
BRDA:40,5,0,0
BRDA:40,5,1,137
BRDA:44,6,0,113
BRDA:44,6,1,24
BRDA:55,7,0,0
BRDA:55,7,1,137
BRDA:66,8,0,0
BRDA:66,8,1,136
BRDA:71,9,0,0
BRDA:71,9,1,136
BRDA:78,10,0,9
BRDA:78,10,1,136
BRDA:93,11,0,73
BRDA:93,11,1,63
BRDA:93,12,0,136
BRDA:93,12,1,63
BRDA:97,13,0,136
BRDA:97,13,1,0
BRDA:100,14,0,132
BRDA:100,14,1,4
BRF:28
BRH:22
end_of_record
TN:
SF:/Users/simonbishop/Documents/Projects/happn-3/lib/services/manager.js
FN:3,ServiceManager
FN:7,(anonymous_2)
FN:19,(anonymous_3)
FN:31,doServiceLoaded
FN:75,(anonymous_5)
FN:79,(anonymous_6)
FN:115,(anonymous_7)
FN:121,(anonymous_8)
FN:127,(anonymous_9)
FN:134,(anonymous_10)
FN:145,(anonymous_11)
FN:150,(anonymous_12)
FN:159,(anonymous_13)
FNF:13
FNH:11
FNDA:146,ServiceManager
FNDA:146,(anonymous_2)
FNDA:2339,(anonymous_3)
FNDA:2339,doServiceLoaded
FNDA:146,(anonymous_5)
FNDA:2261,(anonymous_6)
FNDA:660,(anonymous_7)
FNDA:146,(anonymous_8)
FNDA:146,(anonymous_9)
FNDA:138,(anonymous_10)
FNDA:0,(anonymous_11)
FNDA:0,(anonymous_12)
FNDA:2211,(anonymous_13)
DA:1,1
DA:3,1
DA:7,1
DA:9,146
DA:11,146
DA:13,146
DA:15,146
DA:17,146
DA:19,146
DA:21,2339
DA:23,2339
DA:24,2339
DA:25,2339
DA:27,2339
DA:29,2339
DA:31,1
DA:33,2339
DA:34,0
DA:35,0
DA:38,2339
DA:40,2339
DA:42,2339
DA:45,2339
DA:47,2320
DA:49,2320
DA:50,2320
DA:56,0
DA:58,19
DA:60,2339
DA:62,2339
DA:64,2339
DA:66,2339
DA:68,2339
DA:70,2339
DA:73,146
DA:75,146
DA:77,146
DA:79,146
DA:81,2261
DA:83,2261
DA:84,1971
DA:86,290
DA:91,146
DA:93,146
DA:113,146
DA:115,146
DA:116,660
DA:119,146
DA:123,146
DA:125,146
DA:128,146
DA:134,1
DA:136,138
DA:138,138
DA:139,1
DA:140,1
DA:143,138
DA:145,138
DA:146,0
DA:149,138
DA:150,0
DA:151,0
DA:152,0
DA:157,138
DA:161,2211
DA:163,2211
DA:165,1096
DA:171,1
LF:68
LH:61
BRDA:11,1,0,37
BRDA:11,1,1,109
BRDA:13,2,0,118
BRDA:13,2,1,28
BRDA:15,3,0,119
BRDA:15,3,1,27
BRDA:17,4,0,19
BRDA:17,4,1,127
BRDA:23,5,0,1679
BRDA:23,5,1,660
BRDA:24,6,0,1907
BRDA:24,6,1,432
BRDA:25,7,0,1697
BRDA:25,7,1,642
BRDA:33,8,0,0
BRDA:33,8,1,2339
BRDA:45,9,0,2320
BRDA:45,9,1,19
BRDA:64,10,0,0
BRDA:64,10,1,2339
BRDA:66,11,0,1040
BRDA:66,11,1,1299
BRDA:77,12,0,0
BRDA:77,12,1,146
BRDA:83,13,0,1971
BRDA:83,13,1,290
BRDA:116,14,0,3
BRDA:116,14,1,657
BRDA:123,15,0,0
BRDA:123,15,1,146
BRDA:138,16,0,1
BRDA:138,16,1,137
BRDA:143,17,0,0
BRDA:143,17,1,138
BRDA:143,18,0,138
BRDA:143,18,1,0
BRDA:146,19,0,0
BRDA:146,19,1,0
BRDA:149,20,0,0
BRDA:149,20,1,138
BRDA:163,21,0,1115
BRDA:163,21,1,1096
BRF:42
BRH:33
end_of_record
TN:
SF:/Users/simonbishop/Documents/Projects/happn-3/lib/constants.js
FNF:0
FNH:0
DA:1,1
LF:1
LH:1
BRF:0
BRH:0
end_of_record
TN:
SF:/Users/simonbishop/Documents/Projects/happn-3/lib/services/cache/service.js
FN:29,CacheService
FN:49,initialize
FN:76,_new
FN:103,(anonymous_4)
FN:112,(anonymous_5)
FN:121,(anonymous_6)
FN:130,(anonymous_7)
FN:142,set
FN:151,get
FN:160,increment
FN:169,update
FN:173,remove
FN:177,clear
FN:188,(anonymous_14)
FN:205,on
FN:209,off
FN:213,stop
FN:218,filterCacheItems
FN:226,filterCache
FN:231,(anonymous_20)
FN:243,__emit
FNF:21
FNH:17
FNDA:217,CacheService
FNDA:214,initialize
FNDA:2464,_new
FNDA:0,(anonymous_4)
FNDA:66,(anonymous_5)
FNDA:2022,(anonymous_6)
FNDA:292,(anonymous_7)
FNDA:37,set
FNDA:51,get
FNDA:3,increment
FNDA:3,update
FNDA:3,remove
FNDA:38,clear
FNDA:12,(anonymous_14)
FNDA:2,on
FNDA:0,off
FNDA:142,stop
FNDA:1,filterCacheItems
FNDA:0,filterCache
FNDA:0,(anonymous_20)
FNDA:2415,__emit
DA:1,1
DA:3,1
DA:4,1
DA:5,1
DA:7,1
DA:8,1
DA:9,1
DA:10,1
DA:11,1
DA:13,1
DA:14,1
DA:15,1
DA:16,1
DA:17,1
DA:18,1
DA:19,1
DA:20,1
DA:21,1
DA:22,1
DA:23,1
DA:24,1
DA:25,1
DA:27,1
DA:29,1
DA:30,217
DA:32,217
DA:33,194
DA:35,23
DA:36,23
DA:41,217
DA:43,217
DA:44,217
DA:46,217
DA:49,1
DA:50,214
DA:51,214
DA:52,11
DA:53,11
DA:56,214
DA:57,214
DA:58,214
DA:60,214
DA:65,214
DA:66,214
DA:67,214
DA:69,203
DA:72,11
DA:76,1
DA:77,2464
DA:79,2464
DA:81,2464
DA:82,2464
DA:84,2464
DA:86,2464
DA:88,2464
DA:89,1362
DA:90,1102
DA:91,104
DA:92,104
DA:94,998
DA:97,2464
DA:99,2464
DA:103,2453
DA:104,0
DA:112,2453
DA:113,66
DA:121,2453
DA:122,2022
DA:130,2453
DA:131,292
DA:139,2453
DA:142,1
DA:143,37
DA:144,26
DA:145,26
DA:148,37
DA:151,1
DA:152,51
DA:153,37
DA:154,37
DA:157,51
DA:160,1
DA:161,3
DA:162,0
DA:163,0
DA:166,3
DA:169,1
DA:170,3
DA:173,1
DA:174,3
DA:177,1
DA:179,38
DA:180,38
DA:182,38
DA:183,32
DA:185,38
DA:187,35
DA:188,12
DA:190,12
DA:192,12
DA:193,12
DA:194,12
DA:197,23
DA:198,23
DA:199,23
DA:202,26
DA:205,1
DA:206,2
DA:209,1
DA:210,0
DA:213,1
DA:214,142
DA:215,142
DA:218,1
DA:219,1
DA:221,1
DA:226,1
DA:227,0
DA:229,0
DA:231,0
DA:233,0
DA:235,0
DA:236,0
DA:238,0
DA:243,1
DA:244,2415
LF:126
LH:115
BRDA:32,1,0,194
BRDA:32,1,1,23
BRDA:32,2,0,217
BRDA:32,2,1,194
BRDA:51,3,0,11
BRDA:51,3,1,203
BRDA:56,4,0,2
BRDA:56,4,1,212
BRDA:57,5,0,214
BRDA:57,5,1,0
BRDA:58,6,0,187
BRDA:58,6,1,27
BRDA:60,7,0,184
BRDA:60,7,1,30
BRDA:77,8,0,0
BRDA:77,8,1,2464
BRDA:79,9,0,0
BRDA:79,9,1,2464
BRDA:81,10,0,660
BRDA:81,10,1,1804
BRDA:82,11,0,1
BRDA:82,11,1,2463
BRDA:84,12,0,124
BRDA:84,12,1,2340
BRDA:86,13,0,0
BRDA:86,13,1,2464
BRDA:86,14,0,2464
BRDA:86,14,1,0
BRDA:88,15,0,1362
BRDA:88,15,1,1102
BRDA:90,16,0,104
BRDA:90,16,1,998
BRDA:143,17,0,26
BRDA:143,17,1,11
BRDA:152,18,0,37
BRDA:152,18,1,14
BRDA:161,19,0,0
BRDA:161,19,1,3
BRDA:182,20,0,6
BRDA:182,20,1,32
BRDA:182,21,0,38
BRDA:182,21,1,38
BRDA:185,22,0,35
BRDA:185,22,1,3
BRDA:187,23,0,12
BRDA:187,23,1,23
BRDA:190,24,0,0
BRDA:190,24,1,12
BRDA:202,25,0,0
BRDA:202,25,1,26
BRDA:214,26,0,5
BRDA:214,26,1,137
BRDA:219,27,0,0
BRDA:219,27,1,1
BRDA:229,28,0,0
BRDA:229,28,1,0
BRDA:233,29,0,0
BRDA:233,29,1,0
BRF:58
BRH:45
end_of_record
TN:
SF:/Users/simonbishop/Documents/Projects/happn-3/lib/services/cache/cache_static.js
FN:28,StaticCache
FN:35,has
FN:39,set
FN:66,getSync
FN:77,setSync
FN:100,removeSync
FN:116,get
FN:136,(anonymous_8)
FN:140,(anonymous_9)
FN:148,(anonymous_10)
FN:156,increment
FN:164,update
FN:177,remove
FN:203,clear
FN:208,all
FN:215,(anonymous_16)
FN:225,on
FN:229,off
FN:233,appendTimeout
FN:240,(anonymous_20)
FN:243,(anonymous_21)
FN:253,_clearTimeout
FN:257,__emit
FN:261,__tryCallback
FN:275,__all
FN:278,(anonymous_26)
FNF:26
FNH:24
FNDA:1000,StaticCache
FNDA:0,has
FNDA:329,set
FNDA:161,getSync
FNDA:21,setSync
FNDA:133,removeSync
FNDA:77,get
FNDA:2,(anonymous_8)
FNDA:2,(anonymous_9)
FNDA:9,(anonymous_10)
FNDA:12,increment
FNDA:1,update
FNDA:806,remove
FNDA:148,clear
FNDA:17,all
FNDA:17,(anonymous_16)
FNDA:3948,on
FNDA:0,off
FNDA:58,appendTimeout
FNDA:27,(anonymous_20)
FNDA:27,(anonymous_21)
FNDA:74,_clearTimeout
FNDA:634,__emit
FNDA:1225,__tryCallback
FNDA:17,__all
FNDA:28,(anonymous_26)
DA:1,1
DA:3,1
DA:4,1
DA:5,1
DA:6,1
DA:8,1
DA:9,1
DA:10,1
DA:11,1
DA:12,1
DA:13,1
DA:14,1
DA:15,1
DA:16,1
DA:17,1
DA:18,1
DA:19,1
DA:20,1
DA:21,1
DA:22,1
DA:24,1
DA:25,1
DA:26,1
DA:28,1
DA:29,1000
DA:30,1000
DA:31,1000
DA:32,1000
DA:35,1
DA:36,0
DA:39,1
DA:41,329
DA:42,265
DA:43,265
DA:46,329
DA:47,329
DA:49,329
DA:55,329
DA:56,38
DA:57,38
DA:58,38
DA:61,329
DA:62,329
DA:63,329
DA:66,1
DA:68,161
DA:69,161
DA:70,161
DA:71,161
DA:72,161
DA:73,21
DA:74,21
DA:77,1
DA:79,21
DA:80,21
DA:82,21
DA:88,21
DA:89,20
DA:90,20
DA:91,20
DA:94,21
DA:95,21
DA:97,21
DA:100,1
DA:102,133
DA:104,133
DA:106,133
DA:107,3
DA:108,3
DA:111,133
DA:113,133
DA:116,1
DA:118,77
DA:119,41
DA:120,41
DA:123,77
DA:125,77
DA:127,77
DA:129,77
DA:131,77
DA:133,42
DA:135,42
DA:136,2
DA:137,2
DA:139,2
DA:140,2
DA:141,2
DA:145,40
DA:146,9
DA:147,9
DA:148,9
DA:149,9
DA:153,31
DA:156,1
DA:157,12
DA:158,12
DA:159,12
DA:161,0
DA:164,1
DA:166,1
DA:167,0
DA:168,0
DA:171,1
DA:172,1
DA:173,1
DA:174,0
DA:177,1
DA:179,806
DA:180,806
DA:181,806
DA:184,806
DA:186,806
DA:188,806
DA:189,253
DA:190,253
DA:193,806
DA:194,35
DA:195,35
DA:198,806
DA:200,806
DA:203,1
DA:204,148
DA:205,148
DA:208,1
DA:210,17
DA:211,5
DA:212,5
DA:215,17
DA:217,17
DA:218,17
DA:221,16
DA:225,1
DA:226,3948
DA:229,1
DA:230,0
DA:233,1
DA:234,58
DA:236,58
DA:238,58
DA:240,58
DA:242,27
DA:243,27
DA:244,27
DA:245,27
DA:253,1
DA:254,74
DA:257,1
DA:258,634
DA:261,1
DA:262,1225
DA:264,1225
DA:266,1225
DA:267,0
DA:268,0
DA:271,1225
DA:272,1
DA:275,1
DA:276,17
DA:278,17
DA:279,28
DA:282,17
LF:161
LH:153
BRDA:41,1,0,265
BRDA:41,1,1,64
BRDA:46,2,0,265
BRDA:46,2,1,64
BRDA:47,3,0,291
BRDA:47,3,1,38
BRDA:50,4,0,2
BRDA:50,4,1,327
BRDA:55,5,0,38
BRDA:55,5,1,291
BRDA:57,6,0,9
BRDA:57,6,1,29
BRDA:57,7,0,38
BRDA:57,7,1,9
BRDA:68,8,0,161
BRDA:68,8,1,0
BRDA:70,9,0,161
BRDA:70,9,1,0
BRDA:72,10,0,140
BRDA:72,10,1,21
BRDA:73,11,0,0
BRDA:73,11,1,21
BRDA:73,12,0,21
BRDA:73,12,1,0
BRDA:79,13,0,1
BRDA:79,13,1,20
BRDA:80,14,0,1
BRDA:80,14,1,20
BRDA:83,15,0,0
BRDA:83,15,1,21
BRDA:88,16,0,20
BRDA:88,16,1,1
BRDA:90,17,0,7
BRDA:90,17,1,13
BRDA:90,18,0,20
BRDA:90,18,1,7
BRDA:106,19,0,3
BRDA:106,19,1,130
BRDA:111,20,0,4
BRDA:111,20,1,129
BRDA:118,21,0,41
BRDA:118,21,1,36
BRDA:123,22,0,1
BRDA:123,22,1,76
BRDA:127,23,0,77
BRDA:127,23,1,0
BRDA:131,24,0,35
BRDA:131,24,1,42
BRDA:131,25,0,35
BRDA:131,25,1,35
BRDA:135,26,0,2
BRDA:135,26,1,40
BRDA:137,27,0,0
BRDA:137,27,1,2
BRDA:139,28,0,0
BRDA:139,28,1,2
BRDA:145,29,0,9
BRDA:145,29,1,31
BRDA:157,30,0,12
BRDA:157,30,1,0
BRDA:157,31,0,12
BRDA:157,31,1,12
BRDA:166,32,0,0
BRDA:166,32,1,1
BRDA:171,33,0,1
BRDA:171,33,1,0
BRDA:179,34,0,806
BRDA:179,34,1,0
BRDA:184,35,0,806
BRDA:184,35,1,0
BRDA:188,36,0,253
BRDA:188,36,1,553
BRDA:193,37,0,35
BRDA:193,37,1,771
BRDA:198,38,0,253
BRDA:198,38,1,553
BRDA:205,39,0,148
BRDA:205,39,1,0
BRDA:210,40,0,5
BRDA:210,40,1,12
BRDA:217,41,0,0
BRDA:217,41,1,17
BRDA:218,42,0,1
BRDA:218,42,1,16
BRDA:244,43,0,0
BRDA:244,43,1,27
BRDA:254,44,0,30
BRDA:254,44,1,44
BRDA:264,45,0,51
BRDA:264,45,1,1174
BRDA:264,46,0,1225
BRDA:264,46,1,636
BRDA:266,47,0,0
BRDA:266,47,1,1225
BRDA:267,48,0,0
BRDA:267,48,1,0
BRDA:271,49,0,1224
BRDA:271,49,1,1
BRF:98
BRH:79
end_of_record
TN:
SF:/Users/simonbishop/Documents/Projects/happn-3/lib/services/cache/cache_lru.js
FN:30,LRUCache
FN:40,setSync
FN:59,getSync
FN:72,set
FN:98,get
FN:120,(anonymous_6)
FN:124,(anonymous_7)
FN:132,(anonymous_8)
FN:140,values
FN:145,increment
FN:160,update
FN:180,has
FN:184,removeSync
FN:195,remove
FN:210,clear
FN:215,all
FN:237,on
FN:241,off
FN:245,__emit
FN:249,__tryCallback
FN:265,_all
FN:269,(anonymous_22)
FNF:22
FNH:20
FNDA:1364,LRUCache
FNDA:19910,setSync
FNDA:29115,getSync
FNDA:2869,set
FNDA:276,get
FNDA:2,(anonymous_6)
FNDA:2,(anonymous_7)
FNDA:4,(anonymous_8)
FNDA:4,values
FNDA:2,increment
FNDA:1,update
FNDA:2925,has
FNDA:1,removeSync
FNDA:8,remove
FNDA:26562,clear
FNDA:2,all
FNDA:5448,on
FNDA:0,off
FNDA:0,__emit
FNDA:279,__tryCallback
FNDA:2,_all
FNDA:10,(anonymous_22)
DA:1,1
DA:3,1
DA:4,1
DA:5,1
DA:6,1
DA:7,1
DA:9,1
DA:10,1
DA:11,1
DA:13,1
DA:15,1
DA:16,1
DA:17,1
DA:18,1
DA:19,1
DA:20,1
DA:21,1
DA:22,1
DA:23,1
DA:24,1
DA:26,1
DA:27,1
DA:28,1
DA:30,1
DA:32,1364
DA:34,1364
DA:36,1364
DA:37,1364
DA:40,1
DA:42,19910
DA:44,19910
DA:45,19910
DA:47,19910
DA:54,19910
DA:56,19910
DA:59,1
DA:61,29115
DA:62,11409
DA:63,11409
DA:64,11409
DA:65,11409
DA:66,4208
DA:69,17706
DA:72,1
DA:74,2869
DA:76,2869
DA:77,2839
DA:78,2839
DA:81,2869
DA:83,2869
DA:84,2869
DA:86,2869
DA:93,2869
DA:95,2869
DA:98,1
DA:100,276
DA:102,276
DA:103,258
DA:104,258
DA:107,276
DA:109,276
DA:111,276
DA:113,276
DA:115,276
DA:117,16
DA:119,16
DA:120,2
DA:121,2
DA:123,2
DA:124,2
DA:125,2
DA:129,14
DA:130,4
DA:131,4
DA:132,4
DA:133,4
DA:137,10
DA:140,1
DA:142,4
DA:145,1
DA:146,2
DA:147,2
DA:149,2
DA:150,2
DA:151,2
DA:152,2
DA:154,0
DA:156,0
DA:160,1
DA:161,1
DA:162,1
DA:163,0
DA:164,0
DA:167,1
DA:169,1
DA:170,1
DA:171,1
DA:172,1
DA:173,0
DA:176,0
DA:180,1
DA:181,2925
DA:184,1
DA:186,1
DA:188,1
DA:190,1
DA:192,1
DA:195,1
DA:197,8
DA:199,8
DA:200,8
DA:201,8
DA:204,8
DA:205,8
DA:206,8
DA:207,8
DA:210,1
DA:211,26562
DA:212,26562
DA:215,1
DA:216,2
DA:217,2
DA:218,1
DA:219,1
DA:222,2
DA:224,2
DA:227,1
DA:230,0
DA:233,0
DA:237,1
DA:238,5448
DA:241,1
DA:242,0
DA:245,1
DA:246,0
DA:249,1
DA:251,279
DA:253,279
DA:255,279
DA:256,0
DA:257,0
DA:260,279
DA:261,0
DA:265,1
DA:266,2
DA:267,2
DA:269,2
DA:270,10
DA:273,2
LF:149
LH:136
BRDA:32,1,0,2
BRDA:32,1,1,1362
BRDA:34,2,0,5
BRDA:34,2,1,1359
BRDA:42,3,0,7688
BRDA:42,3,1,12222
BRDA:45,4,0,1
BRDA:45,4,1,19909
BRDA:48,5,0,12221
BRDA:48,5,1,7689
BRDA:61,6,0,11409
BRDA:61,6,1,17706
BRDA:62,7,0,11409
BRDA:62,7,1,0
BRDA:65,8,0,7201
BRDA:65,8,1,4208
BRDA:65,9,0,11409
BRDA:65,9,1,7201
BRDA:74,10,0,0
BRDA:74,10,1,2869
BRDA:74,11,0,2869
BRDA:74,11,1,2869
BRDA:76,12,0,2839
BRDA:76,12,1,30
BRDA:81,13,0,2839
BRDA:81,13,1,30
BRDA:84,14,0,9
BRDA:84,14,1,2860
BRDA:87,15,0,2
BRDA:87,15,1,2867
BRDA:100,16,0,0
BRDA:100,16,1,276
BRDA:100,17,0,276
BRDA:100,17,1,276
BRDA:102,18,0,258
BRDA:102,18,1,18
BRDA:107,19,0,258
BRDA:107,19,1,18
BRDA:111,20,0,276
BRDA:111,20,1,0
BRDA:115,21,0,260
BRDA:115,21,1,16
BRDA:115,22,0,260
BRDA:115,22,1,260
BRDA:119,23,0,2
BRDA:119,23,1,14
BRDA:121,24,0,0
BRDA:121,24,1,2
BRDA:123,25,0,0
BRDA:123,25,1,2
BRDA:129,26,0,4
BRDA:129,26,1,10
BRDA:149,27,0,2
BRDA:149,27,1,0
BRDA:162,28,0,0
BRDA:162,28,1,1
BRDA:169,29,0,1
BRDA:169,29,1,0
BRDA:169,30,0,1
BRDA:169,30,1,1
BRDA:186,31,0,0
BRDA:186,31,1,1
BRDA:186,32,0,1
BRDA:186,32,1,1
BRDA:197,33,0,0
BRDA:197,33,1,8
BRDA:197,34,0,8
BRDA:197,34,1,8
BRDA:199,35,0,8
BRDA:199,35,1,0
BRDA:205,36,0,8
BRDA:205,36,1,4
BRDA:211,37,0,26562
BRDA:211,37,1,0
BRDA:212,38,0,26562
BRDA:212,38,1,0
BRDA:217,39,0,1
BRDA:217,39,1,1
BRDA:224,40,0,1
BRDA:224,40,1,1
BRDA:253,41,0,244
BRDA:253,41,1,35
BRDA:253,42,0,279
BRDA:253,42,1,269
BRDA:255,43,0,0
BRDA:255,43,1,279
BRDA:256,44,0,0
BRDA:256,44,1,0
BRDA:260,45,0,279
BRDA:260,45,1,0
BRF:90
BRH:72
end_of_record
TN:
SF:/Users/simonbishop/Documents/Projects/happn-3/lib/services/cache/cache_persist.js
FN:33,PersistedCache
FN:49,has
FN:53,__setCallback
FN:62,set
FN:90,(anonymous_5)
FN:98,get
FN:115,(anonymous_7)
FN:122,(anonymous_8)
FN:129,(anonymous_9)
FN:139,(anonymous_10)
FN:148,increment
FN:161,(anonymous_12)
FN:171,update
FN:184,(anonymous_14)
FN:193,remove
FN:207,(anonymous_16)
FN:218,clear
FN:222,(anonymous_18)
FN:233,all
FN:240,(anonymous_20)
FN:250,sync
FN:253,(anonymous_22)
FN:263,(anonymous_23)
FN:276,(anonymous_24)
FN:285,on
FN:289,off
FN:293,appendTimeout
FN:299,(anonymous_28)
FN:303,(anonymous_29)
FN:315,clearTimeout
FN:319,__returnAll
FN:323,(anonymous_32)
FN:330,__all
FN:335,(anonymous_34)
FN:344,__emit
FN:348,__getData
FN:352,(anonymous_37)
FN:364,__persistData
FN:370,__removeData
FN:374,__tryCallback
FNF:40
FNH:38
FNDA:104,PersistedCache
FNDA:0,has
FNDA:1674,__setCallback
FNDA:1674,set
FNDA:1648,(anonymous_5)
FNDA:7861,get
FNDA:14,(anonymous_7)
FNDA:2,(anonymous_8)
FNDA:2,(anonymous_9)
FNDA:4,(anonymous_10)
FNDA:2,increment
FNDA:2,(anonymous_12)
FNDA:1,update
FNDA:1,(anonymous_14)
FNDA:43,remove
FNDA:35,(anonymous_16)
FNDA:81,clear
FNDA:81,(anonymous_18)
FNDA:18,all
FNDA:18,(anonymous_20)
FNDA:96,sync
FNDA:96,(anonymous_22)
FNDA:27,(anonymous_23)
FNDA:6,(anonymous_24)
FNDA:417,on
FNDA:0,off
FNDA:1616,appendTimeout
FNDA:39,(anonymous_28)
FNDA:39,(anonymous_29)
FNDA:2832,clearTimeout
FNDA:18,__returnAll
FNDA:48,(anonymous_32)
FNDA:18,__all
FNDA:3,(anonymous_34)
FNDA:1748,__emit
FNDA:14,__getData
FNDA:14,(anonymous_37)
FNDA:1651,__persistData
FNDA:36,__removeData
FNDA:9581,__tryCallback
DA:1,1
DA:3,1
DA:4,1
DA:5,1
DA:6,1
DA:7,1
DA:8,1
DA:10,1
DA:11,1
DA:12,1
DA:13,1
DA:14,1
DA:15,1
DA:16,1
DA:17,1
DA:18,1
DA:19,1
DA:20,1
DA:21,1
DA:22,1
DA:23,1
DA:25,1
DA:26,1
DA:27,1
DA:28,1
DA:29,1
DA:30,1
DA:31,1
DA:33,1
DA:34,104
DA:36,104
DA:38,104
DA:39,104
DA:41,104
DA:42,104
DA:44,104
DA:46,104
DA:49,1
DA:50,0
DA:53,1
DA:55,1674
DA:57,1674
DA:59,1674
DA:62,1
DA:64,1674
DA:66,1674
DA:67,1603
DA:68,1603
DA:71,1674
DA:72,1674
DA:74,1674
DA:79,1674
DA:81,1616
DA:83,1616
DA:85,1616
DA:88,1674
DA:90,1648
DA:92,1648
DA:94,1648
DA:98,1
DA:100,7861
DA:101,7843
DA:102,7843
DA:105,7861
DA:107,7861
DA:109,7861
DA:111,7844
DA:113,14
DA:115,14
DA:117,14
DA:119,14
DA:121,14
DA:122,2
DA:124,2
DA:127,2
DA:129,2
DA:130,2
DA:134,12
DA:136,4
DA:137,4
DA:139,4
DA:140,4
DA:144,8
DA:148,1
DA:150,2
DA:152,2
DA:154,2
DA:156,2
DA:161,2
DA:163,2
DA:164,2
DA:168,0
DA:171,1
DA:173,1
DA:174,0
DA:175,0
DA:178,1
DA:180,1
DA:182,1
DA:184,1
DA:186,1
DA:187,1
DA:190,0
DA:193,1
DA:195,43
DA:197,43
DA:198,43
DA:199,43
DA:202,43
DA:204,43
DA:206,43
DA:207,35
DA:209,35
DA:210,35
DA:211,35
DA:212,35
DA:215,8
DA:218,1
DA:220,81
DA:222,81
DA:224,81
DA:225,0
DA:226,0
DA:228,81
DA:229,81
DA:233,1
DA:235,18
DA:236,11
DA:237,11
DA:240,18
DA:242,18
DA:243,18
DA:246,17
DA:250,1
DA:251,96
DA:253,96
DA:255,96
DA:257,96
DA:259,90
DA:260,90
DA:263,6
DA:265,27
DA:266,6
DA:267,1
DA:271,26
DA:278,6
DA:279,6
DA:280,6
DA:285,1
DA:286,417
DA:289,1
DA:290,0
DA:293,1
DA:295,1616
DA:297,1616
DA:299,1616
DA:301,39
DA:303,39
DA:304,39
DA:305,39
DA:312,1616
DA:315,1
DA:316,2832
DA:319,1
DA:321,18
DA:323,18
DA:324,48
DA:327,18
DA:330,1
DA:332,18
DA:334,18
DA:335,3
DA:337,3
DA:339,3
DA:341,15
DA:344,1
DA:345,1748
DA:348,1
DA:350,14
DA:352,14
DA:354,14
DA:356,14
DA:358,0
DA:360,0
DA:364,1
DA:365,1651
DA:370,1
DA:371,36
DA:374,1
DA:375,9581
DA:377,9581
DA:379,9581
DA:380,0
DA:381,0
DA:384,9581
DA:385,0
LF:196
LH:183
BRDA:34,1,0,0
BRDA:34,1,1,104
BRDA:41,2,0,0
BRDA:41,2,1,104
BRDA:66,3,0,1603
BRDA:66,3,1,71
BRDA:71,4,0,1603
BRDA:71,4,1,71
BRDA:72,5,0,1653
BRDA:72,5,1,21
BRDA:79,6,0,1616
BRDA:79,6,1,58
BRDA:83,7,0,1216
BRDA:83,7,1,400
BRDA:83,8,0,1616
BRDA:83,8,1,1216
BRDA:88,9,0,26
BRDA:88,9,1,1648
BRDA:92,10,0,0
BRDA:92,10,1,1648
BRDA:100,11,0,7843
BRDA:100,11,1,18
BRDA:105,12,0,0
BRDA:105,12,1,7861
BRDA:109,13,0,17
BRDA:109,13,1,7844
BRDA:111,14,0,7830
BRDA:111,14,1,14
BRDA:117,15,0,0
BRDA:117,15,1,14
BRDA:119,16,0,0
BRDA:119,16,1,14
BRDA:121,17,0,2
BRDA:121,17,1,12
BRDA:124,18,0,0
BRDA:124,18,1,2
BRDA:127,19,0,0
BRDA:127,19,1,2
BRDA:127,20,0,2
BRDA:127,20,1,2
BRDA:134,21,0,4
BRDA:134,21,1,8
BRDA:152,22,0,2
BRDA:152,22,1,0
BRDA:152,23,0,2
BRDA:152,23,1,2
BRDA:163,24,0,0
BRDA:163,24,1,2
BRDA:173,25,0,0
BRDA:173,25,1,1
BRDA:180,26,0,1
BRDA:180,26,1,0
BRDA:186,27,0,0
BRDA:186,27,1,1
BRDA:197,28,0,43
BRDA:197,28,1,0
BRDA:202,29,0,43
BRDA:202,29,1,0
BRDA:206,30,0,35
BRDA:206,30,1,8
BRDA:209,31,0,0
BRDA:209,31,1,35
BRDA:224,32,0,0
BRDA:224,32,1,81
BRDA:225,33,0,0
BRDA:225,33,1,0
BRDA:229,34,0,81
BRDA:229,34,1,0
BRDA:235,35,0,11
BRDA:235,35,1,7
BRDA:242,36,0,0
BRDA:242,36,1,18
BRDA:243,37,0,1
BRDA:243,37,1,17
BRDA:255,38,0,0
BRDA:255,38,1,96
BRDA:257,39,0,90
BRDA:257,39,1,6
BRDA:257,40,0,96
BRDA:257,40,1,96
BRDA:265,41,0,6
BRDA:265,41,1,21
BRDA:266,42,0,1
BRDA:266,42,1,5
BRDA:278,43,0,0
BRDA:278,43,1,6
BRDA:304,44,0,0
BRDA:304,44,1,39
BRDA:316,45,0,2787
BRDA:316,45,1,45
BRDA:334,46,0,3
BRDA:334,46,1,15
BRDA:337,47,0,0
BRDA:337,47,1,3
BRDA:354,48,0,0
BRDA:354,48,1,14
BRDA:356,49,0,14
BRDA:356,49,1,0
BRDA:377,50,0,23
BRDA:377,50,1,9558
BRDA:377,51,0,9581
BRDA:377,51,1,1735
BRDA:379,52,0,0
BRDA:379,52,1,9581
BRDA:380,53,0,0
BRDA:380,53,1,0
BRDA:384,54,0,9581
BRDA:384,54,1,0
BRF:108
BRH:77
end_of_record
TN:
SF:/Users/simonbishop/Documents/Projects/happn-3/lib/services/data/service.js
FN:30,(anonymous_1)
FN:34,(anonymous_2)
FN:85,DataService
FN:101,initialize
FN:134,(anonymous_5)
FN:137,(anonymous_6)
FN:143,__updateDatabaseVersions
FN:147,(anonymous_8)
FN:151,(anonymous_9)
FN:163,(anonymous_10)
FN:167,(anonymous_11)
FN:178,upsert
FN:212,(anonymous_13)
FN:239,get
FN:254,(anonymous_15)
FN:275,processGet
FN:278,(anonymous_17)
FN:280,(anonymous_18)
FN:290,processRemove
FN:294,(anonymous_20)
FN:296,(anonymous_21)
FN:306,processStore
FN:310,(anonymous_23)
FN:312,(anonymous_24)
FN:314,(anonymous_25)
FN:324,processSecureStore
FN:328,(anonymous_27)
FN:333,(anonymous_28)
FN:335,(anonymous_29)
FN:345,processNoStore
FN:349,(anonymous_31)
FN:359,getOneByPath
FN:364,(anonymous_33)
FN:372,insertTag
FN:406,saveTag
FN:411,(anonymous_36)
FN:424,addDataStoreFilter
FN:440,removeDataStoreFilter
FN:449,parseFields
FN:450,(anonymous_40)
FN:490,filter
FN:502,transform
FN:529,transformAll
FN:532,(anonymous_44)
FN:538,formatSetData
FN:565,(anonymous_46)
FN:579,(anonymous_47)
FN:590,(anonymous_48)
FN:614,remove
FN:618,(anonymous_50)
FN:626,startCompacting
FN:655,(anonymous_52)
FN:666,stopCompacting
FN:674,(anonymous_54)
FN:683,compact
FN:705,(anonymous_56)
FN:720,(anonymous_57)
FN:732,stop
FN:736,(anonymous_59)
FN:743,__initializeProviders
FN:747,(anonymous_61)
FN:751,(anonymous_62)
FN:792,(anonymous_63)
FN:802,(anonymous_64)
FN:820,(anonymous_65)
FN:824,(anonymous_66)
FN:838,__detachProviderEvents
FN:845,__attachProviderEvents
FN:852,(anonymous_69)
FN:870,__getPullOptions
FN:901,__upsertInternal
FN:906,(anonymous_72)
FN:930,__iterateDataStores
FN:953,(anonymous_74)
FN:970,randomId
FN:976,extractData
FN:978,(anonymous_77)
FNF:77
FNH:51
FNDA:8,(anonymous_1)
FNDA:7,(anonymous_2)
FNDA:197,DataService
FNDA:197,initialize
FNDA:197,(anonymous_5)
FNDA:194,(anonymous_6)
FNDA:197,__updateDatabaseVersions
FNDA:197,(anonymous_8)
FNDA:197,(anonymous_9)
FNDA:2,(anonymous_10)
FNDA:12,(anonymous_11)
FNDA:17325,upsert
FNDA:2064,(anonymous_13)
FNDA:10505,get
FNDA:10505,(anonymous_15)
FNDA:1387,processGet
FNDA:1387,(anonymous_17)
FNDA:0,(anonymous_18)
FNDA:187,processRemove
FNDA:187,(anonymous_20)
FNDA:0,(anonymous_21)
FNDA:5751,processStore
FNDA:5751,(anonymous_23)
FNDA:5751,(anonymous_24)
FNDA:0,(anonymous_25)
FNDA:0,processSecureStore
FNDA:0,(anonymous_27)
FNDA:0,(anonymous_28)
FNDA:0,(anonymous_29)
FNDA:0,processNoStore
FNDA:0,(anonymous_31)
FNDA:2065,getOneByPath
FNDA:2065,(anonymous_33)
FNDA:8,insertTag
FNDA:0,saveTag
FNDA:0,(anonymous_36)
FNDA:7,addDataStoreFilter
FNDA:1,removeDataStoreFilter
FNDA:8417,parseFields
FNDA:17127,(anonymous_40)
FNDA:0,filter
FNDA:0,transform
FNDA:0,transformAll
FNDA:0,(anonymous_44)
FNDA:17325,formatSetData
FNDA:17333,(anonymous_46)
FNDA:78,(anonymous_47)
FNDA:17250,(anonymous_48)
FNDA:332,remove
FNDA:332,(anonymous_50)
FNDA:0,startCompacting
FNDA:0,(anonymous_52)
FNDA:0,stopCompacting
FNDA:0,(anonymous_54)
FNDA:0,compact
FNDA:0,(anonymous_56)
FNDA:0,(anonymous_57)
FNDA:139,stop
FNDA:141,(anonymous_59)
FNDA:197,__initializeProviders
FNDA:197,(anonymous_61)
FNDA:199,(anonymous_62)
FNDA:199,(anonymous_63)
FNDA:6,(anonymous_64)
FNDA:197,(anonymous_65)
FNDA:30242,(anonymous_66)
FNDA:0,__detachProviderEvents
FNDA:199,__attachProviderEvents
FNDA:0,(anonymous_69)
FNDA:10505,__getPullOptions
FNDA:0,__upsertInternal
FNDA:0,(anonymous_72)
FNDA:145,__iterateDataStores
FNDA:144,(anonymous_74)
FNDA:22,randomId
FNDA:2838,extractData
FNDA:13513,(anonymous_77)
DA:1,1
DA:3,1
DA:18,1
DA:29,1
DA:31,8
DA:32,7
DA:35,7
DA:38,1
DA:44,1
DA:46,1
DA:47,1
DA:48,1
DA:49,1
DA:50,1
DA:51,1
DA:52,1
DA:53,1
DA:54,1
DA:55,1
DA:56,1
DA:57,1
DA:58,1
DA:60,1
DA:61,1
DA:62,1
DA:63,1
DA:65,1
DA:66,1
DA:67,1
DA:68,1
DA:70,1
DA:71,1
DA:72,1
DA:74,1
DA:75,1
DA:76,1
DA:77,1
DA:78,1
DA:79,1
DA:80,1
DA:83,1
DA:85,1
DA:86,197
DA:88,197
DA:89,194
DA:91,3
DA:92,3
DA:97,197
DA:98,197
DA:101,1
DA:103,197
DA:105,197
DA:107,197
DA:109,197
DA:111,197
DA:113,197
DA:115,197
DA:117,167
DA:124,167
DA:126,167
DA:128,167
DA:130,167
DA:133,197
DA:135,197
DA:138,194
DA:143,1
DA:145,197
DA:147,197
DA:149,197
DA:151,197
DA:153,197
DA:155,197
DA:157,197
DA:159,17
DA:161,5
DA:163,2
DA:165,2
DA:167,2
DA:168,12
DA:171,2
DA:178,1
DA:180,17325
DA:182,17325
DA:184,8949
DA:185,8949
DA:188,17325
DA:190,17325
DA:192,17325
DA:194,14
DA:196,14
DA:199,17325
DA:201,17325
DA:203,8
DA:205,8
DA:207,8
DA:210,17325
DA:212,2064
DA:214,2064
DA:216,2064
DA:218,689
DA:219,689
DA:222,1375
DA:223,4101
DA:224,63
DA:226,1375
DA:227,1375
DA:228,1375
DA:230,1375
DA:232,1375
DA:236,15261
DA:239,1
DA:241,10505
DA:243,10505
DA:245,219
DA:247,219
DA:250,10505
DA:252,10505
DA:254,10505
DA:256,10505
DA:258,10505
DA:260,4901
DA:262,3308
DA:265,5604
DA:266,0
DA:271,5604
DA:275,1
DA:276,1387
DA:278,1387
DA:280,1387
DA:281,0
DA:284,1387
DA:286,1387
DA:290,1
DA:292,187
DA:294,187
DA:296,187
DA:297,0
DA:300,187
DA:302,187
DA:306,1
DA:308,5751
DA:310,5751
DA:312,5751
DA:314,5751
DA:315,0
DA:318,5751
DA:319,5751
DA:324,1
DA:326,0
DA:328,0
DA:330,0
DA:331,0
DA:333,0
DA:335,0
DA:336,0
DA:339,0
DA:340,0
DA:345,1
DA:347,0
DA:349,0
DA:350,0
DA:351,0
DA:352,0
DA:354,0
DA:359,1
DA:360,2065
DA:362,2065
DA:366,2065
DA:368,2064
DA:372,1
DA:373,8
DA:375,8
DA:377,8
DA:379,8
DA:388,8
DA:393,8
DA:395,8
DA:397,8
DA:400,8
DA:406,1
DA:407,0
DA:409,0
DA:411,0
DA:413,0
DA:415,0
DA:417,0
DA:421,0
DA:424,1
DA:425,7
DA:427,7
DA:429,7
DA:431,7
DA:433,7
DA:435,7
DA:437,7
DA:440,1
DA:441,1
DA:443,1
DA:445,1
DA:446,1
DA:449,1
DA:450,8417
DA:452,17127
DA:454,17127
DA:457,17127
DA:459,16963
DA:462,8546
DA:464,8455
DA:467,122
DA:469,11
DA:470,11
DA:473,111
DA:474,4
DA:475,4
DA:479,107
DA:480,103
DA:481,103
DA:487,8417
DA:490,1
DA:491,0
DA:493,0
DA:495,0
DA:496,0
DA:498,0
DA:502,1
DA:503,0
DA:507,0
DA:509,0
DA:511,0
DA:513,0
DA:515,0
DA:518,0
DA:520,0
DA:522,0
DA:524,0
DA:526,0
DA:529,1
DA:530,0
DA:532,0
DA:534,0
DA:538,1
DA:539,17325
DA:544,621
DA:548,17325
DA:549,0
DA:557,17325
DA:565,1
DA:567,17333
DA:569,17333
DA:571,17333
DA:573,83
DA:575,82
DA:577,79
DA:579,78
DA:581,78
DA:583,78
DA:584,78
DA:586,78
DA:590,17250
DA:592,17250
DA:594,17249
DA:597,2064
DA:599,2056
DA:601,1601
DA:603,1601
DA:607,15185
DA:608,7194
DA:609,7194
DA:614,1
DA:616,332
DA:618,332
DA:620,332
DA:622,332
DA:626,1
DA:627,0
DA:629,0
DA:631,0
DA:632,0
DA:633,0
DA:634,0
DA:635,0
DA:638,0
DA:639,0
DA:640,0
DA:641,0
DA:642,0
DA:645,0
DA:646,0
DA:647,0
DA:648,0
DA:651,0
DA:653,0
DA:655,0
DA:657,0
DA:662,0
DA:666,1
DA:667,0
DA:669,0
DA:670,0
DA:671,0
DA:674,0
DA:676,0
DA:677,0
DA:678,0
DA:683,1
DA:688,0
DA:690,0
DA:691,0
DA:692,0
DA:693,0
DA:696,0
DA:697,0
DA:698,0
DA:699,0
DA:700,0
DA:703,0
DA:705,0
DA:706,0
DA:712,0
DA:714,0
DA:716,0
DA:720,0
DA:722,0
DA:724,0
DA:726,0
DA:732,1
DA:734,139
DA:736,139
DA:737,141
DA:738,0
DA:743,1
DA:745,197
DA:747,197
DA:749,197
DA:751,197
DA:753,199
DA:755,199
DA:757,199
DA:759,199
DA:761,199
DA:763,1
DA:765,199
DA:767,0
DA:769,199
DA:771,4
DA:773,199
DA:775,199
DA:777,199
DA:778,0
DA:779,0
DA:782,199
DA:784,199
DA:786,199
DA:790,199
DA:792,199
DA:794,199
DA:796,199
DA:797,199
DA:799,199
DA:802,199
DA:804,6
DA:806,6
DA:810,199
DA:812,199
DA:817,0
DA:822,197
DA:824,197
DA:826,30242
DA:828,323
DA:830,30225
DA:833,197
DA:838,1
DA:839,0
DA:841,0
DA:845,1
DA:846,199
DA:848,199
DA:850,199
DA:852,199
DA:853,0
DA:861,199
DA:867,199
DA:870,1
DA:871,10505
DA:876,10505
DA:878,10210
DA:880,10210
DA:882,10210
DA:886,10210
DA:888,16
DA:889,16
DA:892,10210
DA:894,10210
DA:896,295
DA:898,10505
DA:901,1
DA:902,0
DA:904,0
DA:906,0
DA:908,0
DA:911,0
DA:913,0
DA:915,0
DA:917,0
DA:921,0
DA:923,0
DA:925,0
DA:930,1
DA:931,145
DA:933,145
DA:935,145
DA:937,141
DA:938,141
DA:939,141
DA:942,145
DA:944,4
DA:946,4
DA:948,2
DA:951,141
DA:953,141
DA:955,144
DA:959,0
DA:966,0
DA:970,1
DA:972,22
DA:976,1
DA:978,2838
DA:979,13513
LF:428
LH:312
BRDA:31,1,0,1
BRDA:31,1,1,7
BRDA:35,2,0,7
BRDA:35,2,1,0
BRDA:88,3,0,194
BRDA:88,3,1,3
BRDA:88,4,0,197
BRDA:88,4,1,194
BRDA:113,5,0,167
BRDA:113,5,1,30
BRDA:115,6,0,167
BRDA:115,6,1,30
BRDA:124,7,0,0
BRDA:124,7,1,167
BRDA:126,8,0,24
BRDA:126,8,1,143
BRDA:128,9,0,0
BRDA:128,9,1,167
BRDA:153,10,0,0
BRDA:153,10,1,197
BRDA:157,11,0,180
BRDA:157,11,1,17
BRDA:159,12,0,12
BRDA:159,12,1,5
BRDA:161,13,0,3
BRDA:161,13,1,2
BRDA:182,14,0,8949
BRDA:182,14,1,8376
BRDA:188,15,0,9128
BRDA:188,15,1,8197
BRDA:190,16,0,17313
BRDA:190,16,1,12
BRDA:192,17,0,14
BRDA:192,17,1,17311
BRDA:194,18,0,14
BRDA:194,18,1,0
BRDA:201,19,0,8
BRDA:201,19,1,17317
BRDA:203,20,0,0
BRDA:203,20,1,8
BRDA:210,21,0,2064
BRDA:210,21,1,15261
BRDA:214,22,0,0
BRDA:214,22,1,2064
BRDA:216,23,0,689
BRDA:216,23,1,1375
BRDA:223,24,0,63
BRDA:223,24,1,4038
BRDA:243,25,0,219
BRDA:243,25,1,10286
BRDA:256,26,0,0
BRDA:256,26,1,10505
BRDA:258,27,0,4901
BRDA:258,27,1,5604
BRDA:260,28,0,1593
BRDA:260,28,1,3308
BRDA:265,29,0,0
BRDA:265,29,1,5604
BRDA:280,30,0,0
BRDA:280,30,1,1387
BRDA:296,31,0,0
BRDA:296,31,1,187
BRDA:314,32,0,0
BRDA:314,32,1,5751
BRDA:330,33,0,0
BRDA:330,33,1,0
BRDA:335,34,0,0
BRDA:335,34,1,0
BRDA:364,35,0,2065
BRDA:364,35,1,2065
BRDA:366,36,0,1
BRDA:366,36,1,2064
BRDA:375,37,0,0
BRDA:375,37,1,8
BRDA:393,38,0,8
BRDA:393,38,1,0
BRDA:395,39,0,0
BRDA:395,39,1,8
BRDA:397,40,0,0
BRDA:397,40,1,8
BRDA:407,41,0,0
BRDA:407,41,1,0
BRDA:413,42,0,0
BRDA:413,42,1,0
BRDA:415,43,0,0
BRDA:415,43,1,0
BRDA:425,44,0,0
BRDA:425,44,1,7
BRDA:429,45,0,0
BRDA:429,45,1,7
BRDA:433,46,0,7
BRDA:433,46,1,0
BRDA:443,47,0,1
BRDA:443,47,1,0
BRDA:452,48,0,17127
BRDA:452,48,1,0
BRDA:454,49,0,0
BRDA:454,49,1,17127
BRDA:457,50,0,164
BRDA:457,50,1,16963
BRDA:457,51,0,17127
BRDA:457,51,1,8710
BRDA:459,52,0,8546
BRDA:459,52,1,8417
BRDA:462,53,0,91
BRDA:462,53,1,8455
BRDA:464,54,0,8333
BRDA:464,54,1,122
BRDA:467,55,0,11
BRDA:467,55,1,111
BRDA:473,56,0,4
BRDA:473,56,1,107
BRDA:479,57,0,103
BRDA:479,57,1,4
BRDA:491,58,0,0
BRDA:491,58,1,0
BRDA:507,59,0,0
BRDA:507,59,1,0
BRDA:511,60,0,0
BRDA:511,60,1,0
BRDA:513,61,0,0
BRDA:513,61,1,0
BRDA:515,62,0,0
BRDA:515,62,1,0
BRDA:524,63,0,0
BRDA:524,63,1,0
BRDA:539,64,0,621
BRDA:539,64,1,16704
BRDA:539,65,0,17325
BRDA:539,65,1,16715
BRDA:539,65,2,16714
BRDA:539,65,3,16714
BRDA:548,66,0,0
BRDA:548,66,1,17325
BRDA:548,67,0,17325
BRDA:548,67,1,0
BRDA:571,68,0,83
BRDA:571,68,1,17250
BRDA:573,69,0,1
BRDA:573,69,1,82
BRDA:575,70,0,3
BRDA:575,70,1,79
BRDA:575,71,0,82
BRDA:575,71,1,82
BRDA:577,72,0,1
BRDA:577,72,1,78
BRDA:581,73,0,0
BRDA:581,73,1,78
BRDA:592,74,0,1
BRDA:592,74,1,17249
BRDA:594,75,0,2064
BRDA:594,75,1,15185
BRDA:597,76,0,8
BRDA:597,76,1,2056
BRDA:599,77,0,455
BRDA:599,77,1,1601
BRDA:607,78,0,7991
BRDA:607,78,1,7194
BRDA:616,79,0,9
BRDA:616,79,1,323
BRDA:620,80,0,0
BRDA:620,80,1,332
BRDA:631,81,0,0
BRDA:631,81,1,0
BRDA:638,82,0,0
BRDA:638,82,1,0
BRDA:645,83,0,0
BRDA:645,83,1,0
BRDA:653,84,0,0
BRDA:653,84,1,0
BRDA:669,85,0,0
BRDA:669,85,1,0
BRDA:690,86,0,0
BRDA:690,86,1,0
BRDA:696,87,0,0
BRDA:696,87,1,0
BRDA:703,88,0,0
BRDA:703,88,1,0
BRDA:716,89,0,0
BRDA:716,89,1,0
BRDA:722,90,0,0
BRDA:722,90,1,0
BRDA:734,91,0,2
BRDA:734,91,1,137
BRDA:737,92,0,141
BRDA:737,92,1,0
BRDA:755,93,0,197
BRDA:755,93,1,2
BRDA:761,94,0,198
BRDA:761,94,1,1
BRDA:765,95,0,0
BRDA:765,95,1,199
BRDA:765,96,0,199
BRDA:765,96,1,199
BRDA:769,97,0,195
BRDA:769,97,1,4
BRDA:773,98,0,4
BRDA:773,98,1,195
BRDA:775,99,0,168
BRDA:775,99,1,31
BRDA:777,100,0,0
BRDA:777,100,1,199
BRDA:777,101,0,199
BRDA:777,101,1,199
BRDA:794,102,0,0
BRDA:794,102,1,199
BRDA:796,103,0,0
BRDA:796,103,1,199
BRDA:797,104,0,0
BRDA:797,104,1,199
BRDA:810,105,0,196
BRDA:810,105,1,3
BRDA:822,106,0,0
BRDA:822,106,1,197
BRDA:828,107,0,17
BRDA:828,107,1,306
BRDA:839,108,0,0
BRDA:839,108,1,0
BRDA:848,109,0,0
BRDA:848,109,1,199
BRDA:850,110,0,197
BRDA:850,110,1,2
BRDA:876,111,0,10210
BRDA:876,111,1,295
BRDA:878,112,0,10210
BRDA:878,112,1,10168
BRDA:880,113,0,10168
BRDA:880,113,1,42
BRDA:882,114,0,14
BRDA:882,114,1,10196
BRDA:882,115,0,10210
BRDA:882,115,1,10203
BRDA:886,116,0,16
BRDA:886,116,1,10194
BRDA:886,117,0,10210
BRDA:886,117,1,10210
BRDA:888,118,0,16
BRDA:888,118,1,0
BRDA:892,119,0,8357
BRDA:892,119,1,1853
BRDA:892,120,0,10210
BRDA:892,120,1,1886
BRDA:892,121,0,8357
BRDA:892,121,1,33
BRDA:894,122,0,44
BRDA:894,122,1,10166
BRDA:908,123,0,0
BRDA:908,123,1,0
BRDA:911,124,0,0
BRDA:911,124,1,0
BRDA:913,125,0,0
BRDA:913,125,1,0
BRDA:921,126,0,0
BRDA:921,126,1,0
BRDA:935,127,0,141
BRDA:935,127,1,4
BRDA:942,128,0,4
BRDA:942,128,1,141
BRDA:944,129,0,0
BRDA:944,129,1,4
BRDA:946,130,0,2
BRDA:946,130,1,2
BRDA:951,131,0,141
BRDA:951,131,1,0
BRF:264
BRH:175
end_of_record
TN:
SF:/Users/simonbishop/Documents/Projects/happn-3/lib/services/data/versions/updater.js
FN:7,Updater
FN:31,fetchUpdateOperations
FN:41,(anonymous_3)
FN:48,fetchUpdateModules
FN:54,(anonymous_5)
FN:62,analyzeDB
FN:68,(anonymous_7)
FN:80,(anonymous_8)
FN:94,writeVersionToDB
FN:98,(anonymous_10)
FN:105,log
FN:117,rollbackDB
FN:121,(anonymous_13)
FN:125,(anonymous_14)
FN:132,updateDB
FN:138,(anonymous_16)
FN:141,(anonymous_17)
FN:145,(anonymous_18)
FN:148,(anonymous_19)
FN:151,(anonymous_20)
FN:155,(anonymous_21)
FNF:21
FNH:21
FNDA:205,Updater
FNDA:8,fetchUpdateOperations
FNDA:16,(anonymous_3)
FNDA:205,fetchUpdateModules
FNDA:211,(anonymous_5)
FNDA:205,analyzeDB
FNDA:205,(anonymous_7)
FNDA:23,(anonymous_8)
FNDA:183,writeVersionToDB
FNDA:183,(anonymous_10)
FNDA:47,log
FNDA:2,rollbackDB
FNDA:5,(anonymous_13)
FNDA:2,(anonymous_14)
FNDA:6,updateDB
FNDA:11,(anonymous_16)
FNDA:11,(anonymous_17)
FNDA:11,(anonymous_18)
FNDA:9,(anonymous_19)
FNDA:2,(anonymous_20)
FNDA:6,(anonymous_21)
DA:1,1
DA:3,1
DA:4,1
DA:5,1
DA:7,1
DA:9,205
DA:11,205
DA:13,205
DA:14,205
DA:15,205
DA:17,205
DA:19,205
DA:22,1
DA:23,1
DA:24,1
DA:25,1
DA:26,1
DA:28,1
DA:29,1
DA:31,1
DA:33,8
DA:34,8
DA:35,8
DA:37,8
DA:39,8
DA:41,8
DA:42,16
DA:45,8
DA:48,1
DA:50,205
DA:51,205
DA:52,205
DA:54,205
DA:56,211
DA:59,205
DA:62,1
DA:64,205
DA:65,205
DA:68,205
DA:70,205
DA:72,205
DA:74,182
DA:75,182
DA:76,182
DA:77,182
DA:80,23
DA:82,23
DA:84,23
DA:85,13
DA:87,23
DA:89,23
DA:94,1
DA:96,183
DA:98,183
DA:100,183
DA:101,183
DA:105,1
DA:107,47
DA:109,47
DA:117,1
DA:119,2
DA:121,2
DA:123,5
DA:127,2
DA:128,2
DA:132,1
DA:134,6
DA:136,6
DA:138,6
DA:140,11
DA:142,11
DA:143,11
DA:146,11
DA:149,9
DA:152,2
DA:157,6
DA:158,4
LF:77
LH:77
BRDA:9,1,0,201
BRDA:9,1,1,4
BRDA:11,2,0,202
BRDA:11,2,1,3
BRDA:39,3,0,2
BRDA:39,3,1,6
BRDA:65,4,0,205
BRDA:65,4,1,0
BRDA:70,5,0,0
BRDA:70,5,1,205
BRDA:72,6,0,182
BRDA:72,6,1,23
BRDA:82,7,0,0
BRDA:82,7,1,23
BRDA:84,8,0,10
BRDA:84,8,1,13
BRDA:100,9,0,0
BRDA:100,9,1,183
BRDA:107,10,0,47
BRDA:107,10,1,0
BRDA:127,11,0,0
BRDA:127,11,1,2
BRDA:157,12,0,2
BRDA:157,12,1,4
BRF:24
BRH:18
end_of_record
TN:
SF:/Users/simonbishop/Documents/Projects/happn-3/lib/services/crypto/service.js
FN:25,CryptoService
FN:41,initialize
FN:52,verifyHash
FN:56,generateHash
FN:60,symmetricEncrypt
FN:64,symmetricDecrypt
FN:68,asymmetricEncrypt
FN:72,asymmetricDecrypt
FN:76,symmetricEncryptObject
FN:80,symmetricDecryptObject
FN:84,sign
FN:88,verify
FN:96,validatePublicKey
FN:100,validatePrivateKey
FN:104,createKeyPair
FN:108,keyPairFromWIF
FN:112,keyPairToWIF
FN:116,serializeKeyPair
FN:123,deserializeKeyPair
FN:131,generateNonce
FNF:20
FNH:13
FNDA:196,CryptoService
FNDA:193,initialize
FNDA:134,verifyHash
FNDA:378,generateHash
FNDA:0,symmetricEncrypt
FNDA:0,symmetricDecrypt
FNDA:18,asymmetricEncrypt
FNDA:22,asymmetricDecrypt
FNDA:102,symmetricEncryptObject
FNDA:101,symmetricDecryptObject
FNDA:0,sign
FNDA:8,verify
FNDA:0,validatePublicKey
FNDA:0,validatePrivateKey
FNDA:138,createKeyPair
FNDA:0,keyPairFromWIF
FNDA:0,keyPairToWIF
FNDA:146,serializeKeyPair
FNDA:188,deserializeKeyPair
FNDA:7,generateNonce
DA:1,1
DA:3,1
DA:5,1
DA:6,1
DA:7,1
DA:8,1
DA:9,1
DA:10,1
DA:11,1
DA:12,1
DA:13,1
DA:14,1
DA:15,1
DA:16,1
DA:17,1
DA:18,1
DA:19,1
DA:20,1
DA:21,1
DA:22,1
DA:23,1
DA:25,1
DA:26,196
DA:28,196
DA:29,196
DA:31,0
DA:32,0
DA:37,196
DA:38,196
DA:41,1
DA:42,193
DA:44,193
DA:46,193
DA:47,193
DA:49,193
DA:52,1
DA:53,134
DA:56,1
DA:57,378
DA:60,1
DA:61,0
DA:64,1
DA:65,0
DA:68,1
DA:69,18
DA:72,1
DA:73,22
DA:76,1
DA:77,102
DA:80,1
DA:81,101
DA:84,1
DA:85,0
DA:88,1
DA:89,8
DA:90,8
DA:92,1
DA:96,1
DA:97,0
DA:100,1
DA:101,0
DA:104,1
DA:105,138
DA:108,1
DA:109,0
DA:112,1
DA:113,0
DA:116,1
DA:117,146
DA:119,146
DA:120,146
DA:123,1
DA:124,188
DA:126,188
DA:128,188
DA:131,1
DA:132,7
LF:77
LH:68
BRDA:28,1,0,196
BRDA:28,1,1,0
BRDA:28,2,0,196
BRDA:28,2,1,196
BRDA:119,3,0,0
BRDA:119,3,1,146
BRDA:126,4,0,0
BRDA:126,4,1,188
BRF:8
BRH:5
end_of_record
TN:
SF:/Users/simonbishop/Documents/Projects/happn-3/lib/services/security/service.js
FN:12,SecurityService
FN:126,initialize
FN:167,(anonymous_3)
FN:170,(anonymous_4)
FN:173,(anonymous_5)
FN:176,(anonymous_6)
FN:179,(anonymous_7)
FN:182,(anonymous_8)
FN:185,(anonymous_9)
FN:196,getAuditData
FN:225,getAuditPath
FN:246,doAudit
FN:259,(anonymous_13)
FN:269,processUnsecureLogin
FN:283,processLogin
FN:293,(anonymous_16)
FN:295,(anonymous_17)
FN:316,processAuthorizeUnsecure
FN:320,processAuthorize
FN:329,(anonymous_20)
FN:340,processNonceRequest
FN:342,(anonymous_22)
FN:343,(anonymous_23)
FN:356,AccessDeniedError
FN:361,__ensureKeyPair
FN:365,(anonymous_26)
FN:367,(anonymous_27)
FN:377,(anonymous_28)
FN:394,(anonymous_29)
FN:409,__ensureAdminUser
FN:413,(anonymous_31)
FN:436,(anonymous_32)
FN:445,(anonymous_33)
FN:449,(anonymous_34)
FN:453,(anonymous_35)
FN:463,__initializeReplication
FN:469,(anonymous_37)
FN:486,__initializeCheckPoint
FN:490,(anonymous_39)
FN:501,(anonymous_40)
FN:508,__initializeUsers
FN:512,(anonymous_42)
FN:528,(anonymous_43)
FN:535,__initializeGroups
FN:539,(anonymous_45)
FN:551,(anonymous_46)
FN:558,__initializeSessionManagement
FN:562,(anonymous_48)
FN:566,(anonymous_49)
FN:571,(anonymous_50)
FN:578,activateSessionActivity
FN:582,activateSessionManagement
FN:594,(anonymous_53)
FN:605,deactivateSessionManagement
FN:621,__loadRevokedSessions
FN:636,deactivateSessionActivity
FN:652,__loadSessionActivity
FN:672,__checkRevocations
FN:676,(anonymous_59)
FN:686,revokeSession
FN:721,(anonymous_61)
FN:730,sessionFromRequest
FN:779,restoreSession
FN:789,__logSessionActivity
FN:803,__listCache
FN:814,(anonymous_66)
FN:829,listSessionActivity
FN:841,listActiveSessions
FN:853,listRevokedSessions
FN:865,offDataChanged
FN:869,onDataChanged
FN:874,getEffectedSession
FN:885,resetSessionPermissions
FN:889,(anonymous_74)
FN:896,(anonymous_75)
FN:977,(anonymous_76)
FN:992,(anonymous_77)
FN:1001,emitChanges
FN:1005,(anonymous_79)
FN:1015,(anonymous_80)
FN:1028,dataChanged
FN:1038,(anonymous_82)
FN:1041,(anonymous_83)
FN:1044,(anonymous_84)
FN:1047,(anonymous_85)
FN:1049,(anonymous_86)
FN:1053,(anonymous_87)
FN:1060,(anonymous_88)
FN:1063,(anonymous_89)
FN:1066,(anonymous_90)
FN:1069,(anonymous_91)
FN:1074,__replicateDataChanged
FN:1081,(anonymous_93)
FN:1087,(anonymous_94)
FN:1107,decodeToken
FN:1122,generatePermissionSetKey
FN:1127,generateEmptySession
FN:1136,__profileSession
FN:1148,(anonymous_99)
FN:1150,(anonymous_100)
FN:1161,generateToken
FN:1180,generateSession
FN:1211,matchPassword
FN:1215,__initializeProfiles
FN:1219,(anonymous_105)
FN:1271,(anonymous_106)
FN:1286,__loginOK
FN:1295,__checkLockedOut
FN:1304,__loginFailed
FN:1335,adminLogin
FN:1341,(anonymous_111)
FN:1349,login
FN:1379,(anonymous_113)
FN:1385,(anonymous_114)
FN:1400,(anonymous_115)
FN:1410,(anonymous_116)
FN:1420,(anonymous_117)
FN:1428,(anonymous_118)
FN:1442,createAuthenticationNonce
FN:1453,(anonymous_120)
FN:1464,verifyAuthenticationDigest
FN:1473,(anonymous_122)
FN:1487,authorize
FN:1491,(anonymous_124)
FN:1493,(anonymous_125)
FN:1498,(anonymous_126)
FN:1504,(anonymous_127)
FN:1517,stop
FN:1526,validateName
FN:1534,checkOverwrite
FN:1540,(anonymous_131)
FN:1551,serializeAll
FN:1559,(anonymous_133)
FN:1565,serialize
FNF:134
FNH:121
FNDA:197,SecurityService
FNDA:186,initialize
FNDA:186,(anonymous_3)
FNDA:186,(anonymous_4)
FNDA:186,(anonymous_5)
FNDA:186,(anonymous_6)
FNDA:186,(anonymous_7)
FNDA:186,(anonymous_8)
FNDA:186,(anonymous_9)
FNDA:0,getAuditData
FNDA:0,getAuditPath
FNDA:0,doAudit
FNDA:0,(anonymous_13)
FNDA:125,processUnsecureLogin
FNDA:156,processLogin
FNDA:156,(anonymous_16)
FNDA:156,(anonymous_17)
FNDA:896,processAuthorizeUnsecure
FNDA:7798,processAuthorize
FNDA:7798,(anonymous_20)
FNDA:3,processNonceRequest
FNDA:3,(anonymous_22)
FNDA:3,(anonymous_23)
FNDA:0,AccessDeniedError
FNDA:185,__ensureKeyPair
FNDA:185,(anonymous_26)
FNDA:185,(anonymous_27)
FNDA:171,(anonymous_28)
FNDA:0,(anonymous_29)
FNDA:185,__ensureAdminUser
FNDA:185,(anonymous_31)
FNDA:185,(anonymous_32)
FNDA:171,(anonymous_33)
FNDA:171,(anonymous_34)
FNDA:171,(anonymous_35)
FNDA:186,__initializeReplication
FNDA:0,(anonymous_37)
FNDA:185,__initializeCheckPoint
FNDA:185,(anonymous_39)
FNDA:185,(anonymous_40)
FNDA:185,__initializeUsers
FNDA:185,(anonymous_42)
FNDA:185,(anonymous_43)
FNDA:185,__initializeGroups
FNDA:185,(anonymous_45)
FNDA:185,(anonymous_46)
FNDA:185,__initializeSessionManagement
FNDA:185,(anonymous_48)
FNDA:64,(anonymous_49)
FNDA:11,(anonymous_50)
FNDA:1,activateSessionActivity
FNDA:15,activateSessionManagement
FNDA:15,(anonymous_53)
FNDA:0,deactivateSessionManagement
FNDA:81,__loadRevokedSessions
FNDA:0,deactivateSessionActivity
FNDA:14,__loadSessionActivity
FNDA:7835,__checkRevocations
FNDA:7835,(anonymous_59)
FNDA:9,revokeSession
FNDA:9,(anonymous_61)
FNDA:23,sessionFromRequest
FNDA:2,restoreSession
FNDA:1595,__logSessionActivity
FNDA:9,__listCache
FNDA:9,(anonymous_66)
FNDA:14,listSessionActivity
FNDA:15,listActiveSessions
FNDA:6,listRevokedSessions
FNDA:0,offDataChanged
FNDA:0,onDataChanged
FNDA:44,getEffectedSession
FNDA:4424,resetSessionPermissions
FNDA:4424,(anonymous_74)
FNDA:218,(anonymous_75)
FNDA:4,(anonymous_76)
FNDA:4424,(anonymous_77)
FNDA:4424,emitChanges
FNDA:4424,(anonymous_79)
FNDA:0,(anonymous_80)
FNDA:4425,dataChanged
FNDA:4425,(anonymous_82)
FNDA:4425,(anonymous_83)
FNDA:4425,(anonymous_84)
FNDA:4425,(anonymous_85)
FNDA:4425,(anonymous_86)
FNDA:4383,(anonymous_87)
FNDA:4425,(anonymous_88)
FNDA:4425,(anonymous_89)
FNDA:4425,(anonymous_90)
FNDA:0,(anonymous_91)
FNDA:4425,__replicateDataChanged
FNDA:1,(anonymous_93)
FNDA:1,(anonymous_94)
FNDA:51,decodeToken
FNDA:154,generatePermissionSetKey
FNDA:258,generateEmptySession
FNDA:137,__profileSession
FNDA:550,(anonymous_99)
FNDA:1100,(anonymous_100)
FNDA:161,generateToken
FNDA:133,generateSession
FNDA:133,matchPassword
FNDA:186,__initializeProfiles
FNDA:186,(anonymous_105)
FNDA:1648,(anonymous_106)
FNDA:133,__loginOK
FNDA:141,__checkLockedOut
FNDA:25,__loginFailed
FNDA:4,adminLogin
FNDA:4,(anonymous_111)
FNDA:158,login
FNDA:13,(anonymous_113)
FNDA:9,(anonymous_114)
FNDA:137,(anonymous_115)
FNDA:3,(anonymous_116)
FNDA:133,(anonymous_117)
FNDA:133,(anonymous_118)
FNDA:6,createAuthenticationNonce
FNDA:6,(anonymous_120)
FNDA:5,verifyAuthenticationDigest
FNDA:5,(anonymous_122)
FNDA:7835,authorize
FNDA:7834,(anonymous_124)
FNDA:1573,(anonymous_125)
FNDA:7835,(anonymous_126)
FNDA:7831,(anonymous_127)
FNDA:137,stop
FNDA:1219,validateName
FNDA:1428,checkOverwrite
FNDA:43,(anonymous_131)
FNDA:11,serializeAll
FNDA:71,(anonymous_133)
FNDA:6031,serialize
DA:1,1
DA:8,1
DA:10,1
DA:12,1
DA:14,197
DA:15,197
DA:17,197
DA:18,196
DA:23,197
DA:24,196
DA:29,197
DA:31,197
DA:32,197
DA:34,197
DA:37,1
DA:38,1
DA:40,1
DA:41,1
DA:42,1
DA:43,1
DA:44,1
DA:45,1
DA:46,1
DA:48,1
DA:49,1
DA:50,1
DA:51,1
DA:52,1
DA:53,1
DA:54,1
DA:56,1
DA:57,1
DA:58,1
DA:59,1
DA:60,1
DA:62,1
DA:63,1
DA:64,1
DA:66,1
DA:67,1
DA:68,1
DA:69,1
DA:70,1
DA:71,1
DA:76,1
DA:77,1
DA:78,1
DA:83,1
DA:84,1
DA:85,1
DA:90,1
DA:92,1
DA:93,1
DA:95,1
DA:96,1
DA:97,1
DA:98,1
DA:99,1
DA:100,1
DA:101,1
DA:103,1
DA:105,1
DA:106,1
DA:108,1
DA:109,1
DA:110,1
DA:111,1
DA:114,1
DA:115,1
DA:116,1
DA:121,1
DA:122,1
DA:123,1
DA:124,1
DA:126,1
DA:127,186
DA:129,186
DA:130,186
DA:131,186
DA:132,186
DA:133,186
DA:134,186
DA:136,186
DA:138,186
DA:140,186
DA:141,27
DA:143,186
DA:145,186
DA:146,42
DA:148,186
DA:150,186
DA:152,186
DA:154,185
DA:156,185
DA:157,185
DA:160,186
DA:162,186
DA:164,186
DA:166,186
DA:168,186
DA:171,186
DA:174,186
DA:177,186
DA:180,186
DA:183,186
DA:186,186
DA:192,0
DA:196,1
DA:198,0
DA:200,0
DA:201,0
DA:202,0
DA:204,0
DA:205,0
DA:207,0
DA:209,0
DA:211,0
DA:212,0
DA:213,0
DA:216,0
DA:222,0
DA:225,1
DA:227,0
DA:228,0
DA:230,0
DA:232,0
DA:234,0
DA:235,0
DA:237,0
DA:240,0
DA:242,0
DA:246,1
DA:248,0
DA:250,0
DA:253,0
DA:255,0
DA:257,0
DA:261,0
DA:263,0
DA:266,0
DA:269,1
DA:271,125
DA:273,125
DA:275,125
DA:279,125
DA:283,1
DA:285,156
DA:287,156
DA:289,156
DA:291,156
DA:293,156
DA:295,156
DA:297,156
DA:299,127
DA:301,127
DA:303,127
DA:305,127
DA:307,127
DA:311,127
DA:316,1
DA:317,896
DA:320,1
DA:322,7798
DA:324,7798
DA:331,7798
DA:333,7798
DA:335,7774
DA:340,1
DA:341,3
DA:342,3
DA:343,3
DA:344,3
DA:345,3
DA:351,3
DA:356,1
DA:358,0
DA:361,1
DA:363,185
DA:365,185
DA:367,185
DA:369,185
DA:371,185
DA:373,171
DA:375,171
DA:377,171
DA:379,171
DA:381,171
DA:383,171
DA:388,14
DA:389,14
DA:392,0
DA:394,0
DA:396,0
DA:398,0
DA:400,0
DA:404,14
DA:409,1
DA:411,185
DA:413,185
DA:415,185
DA:419,185
DA:425,185
DA:426,185
DA:428,185
DA:434,185
DA:436,185
DA:438,185
DA:440,185
DA:442,171
DA:445,171
DA:447,171
DA:449,171
DA:451,171
DA:453,171
DA:454,171
DA:455,171
DA:463,1
DA:465,186
DA:467,186
DA:469,1
DA:471,0
DA:473,0
DA:474,0
DA:475,0
DA:478,0
DA:480,0
DA:486,1
DA:488,185
DA:490,185
DA:492,185
DA:493,185
DA:497,185
DA:501,185
DA:502,185
DA:503,185
DA:508,1
DA:510,185
DA:512,185
DA:514,185
DA:516,185
DA:520,185
DA:524,185
DA:528,185
DA:529,185
DA:530,185
DA:535,1
DA:537,185
DA:539,185
DA:541,185
DA:543,185
DA:547,185
DA:551,185
DA:552,185
DA:553,185
DA:558,1
DA:560,185
DA:562,185
DA:564,185
DA:566,75
DA:567,64
DA:568,64
DA:571,11
DA:572,11
DA:573,11
DA:578,1
DA:579,1
DA:582,1
DA:583,15
DA:585,15
DA:586,0
DA:587,0
[...]
DA:25,1
DA:26,1
DA:27,1
DA:28,1
DA:29,1
DA:31,1
DA:35,1
DA:37,0
DA:38,0
DA:39,0
DA:42,1
DA:44,0
DA:46,0
DA:48,0
DA:52,0
DA:54,0
DA:55,0
DA:56,0
DA:58,0
DA:59,0
DA:61,0
DA:62,0
DA:64,0
DA:65,0
DA:67,0
DA:69,0
DA:70,0
DA:72,0
DA:75,1
DA:77,0
DA:79,0
DA:81,0
DA:82,0
DA:84,0
DA:94,0
DA:97,1
DA:98,0
DA:101,1
DA:103,0
DA:104,0
DA:105,0
DA:106,0
DA:108,0
DA:111,1
DA:113,0
DA:114,0
DA:115,0
DA:117,0
DA:118,0
DA:121,0
DA:124,1
DA:126,0
DA:128,0
DA:130,0
DA:136,0
DA:137,0
DA:140,0
DA:141,0
DA:143,0
DA:145,0
DA:147,0
DA:150,0
DA:152,0
DA:154,0
DA:156,0
DA:158,0
DA:160,0
DA:162,0
DA:164,0
DA:165,0
DA:167,0
DA:169,0
DA:170,0
DA:173,0
DA:174,0
DA:178,0
DA:181,0
DA:183,0
DA:185,0
DA:187,0
DA:188,0
DA:191,0
DA:194,1
DA:196,0
DA:198,0
DA:200,0
DA:202,0
DA:206,0
DA:208,0
DA:212,1
DA:213,0
DA:216,1
DA:217,0
DA:220,1
DA:222,0
DA:224,0
DA:226,0
DA:228,0
DA:229,0
DA:232,0
DA:233,0
DA:235,0
DA:237,0
DA:239,0
DA:242,1
DA:244,0
DA:247,0
DA:248,0
DA:249,0
DA:251,0
LF:125
LH:33
BRDA:6,1,0,147
BRDA:6,1,1,0
BRDA:37,2,0,0
BRDA:37,2,1,0
BRDA:37,3,0,0
BRDA:37,3,1,0
BRDA:44,4,0,0
BRDA:44,4,1,0
BRDA:44,5,0,0
BRDA:44,5,1,0
BRDA:44,5,2,0
BRDA:46,6,0,0
BRDA:46,6,1,0
BRDA:52,7,0,0
BRDA:52,7,1,0
BRDA:69,8,0,0
BRDA:69,8,1,0
BRDA:69,9,0,0
BRDA:69,9,1,0
BRDA:69,9,2,0
BRDA:77,10,0,0
BRDA:77,10,1,0
BRDA:79,11,0,0
BRDA:79,11,1,0
BRDA:81,12,0,0
BRDA:81,12,1,0
BRDA:82,13,0,0
BRDA:82,13,1,0
BRDA:103,14,0,0
BRDA:103,14,1,0
BRDA:104,15,0,0
BRDA:104,15,1,0
BRDA:113,16,0,0
BRDA:113,16,1,0
BRDA:114,17,0,0
BRDA:114,17,1,0
BRDA:128,18,0,0
BRDA:128,18,1,0
BRDA:130,19,0,0
BRDA:130,19,1,0
BRDA:136,20,0,0
BRDA:136,20,1,0
BRDA:137,21,0,0
BRDA:137,21,1,0
BRDA:143,22,0,0
BRDA:143,22,1,0
BRDA:150,23,0,0
BRDA:150,23,1,0
BRDA:158,24,0,0
BRDA:158,24,1,0
BRDA:164,25,0,0
BRDA:164,25,1,0
BRDA:167,26,0,0
BRDA:167,26,1,0
BRDA:173,27,0,0
BRDA:173,27,1,0
BRDA:173,28,0,0
BRDA:173,28,1,0
BRDA:181,29,0,0
BRDA:181,29,1,0
BRDA:181,30,0,0
BRDA:181,30,1,0
BRDA:181,30,2,0
BRDA:181,30,3,0
BRDA:183,31,0,0
BRDA:183,31,1,0
BRDA:187,32,0,0
BRDA:187,32,1,0
BRDA:198,33,0,0
BRDA:198,33,1,0
BRDA:202,34,0,0
BRDA:202,34,1,0
BRDA:224,35,0,0
BRDA:224,35,1,0
BRDA:224,36,0,0
BRDA:224,36,1,0
BRDA:226,37,0,0
BRDA:226,37,1,0
BRDA:247,38,0,0
BRDA:247,38,1,0
BRDA:248,39,0,0
BRDA:248,39,1,0
BRDA:249,40,0,0
BRDA:249,40,1,0
BRF:84
BRH:1
end_of_record
TN:
SF:/Users/simonbishop/Documents/Projects/happn-3/lib/services/security/groups.js
FN:3,SecurityGroups
FN:44,initialize
FN:86,clearCaches
FN:91,(anonymous_4)
FN:96,__validate
FN:106,(anonymous_6)
FN:112,(anonymous_7)
FN:128,(anonymous_8)
FN:149,(anonymous_9)
FN:162,__upsertGroup
FN:175,(anonymous_11)
FN:187,(anonymous_12)
FN:196,upsertGroup
FN:204,(anonymous_14)
FN:208,(anonymous_15)
FN:212,(anonymous_16)
FN:223,deleteGroup
FN:229,(anonymous_18)
FN:239,(anonymous_19)
FN:245,(anonymous_20)
FN:251,(anonymous_21)
FN:262,(anonymous_22)
FN:275,listGroups
FN:302,(anonymous_24)
FN:320,getGroup
FN:336,(anonymous_26)
FN:345,(anonymous_27)
FN:354,linkGroup
FN:363,(anonymous_29)
FN:367,(anonymous_30)
FN:373,(anonymous_31)
FN:381,unlinkGroup
FN:387,(anonymous_33)
FN:393,(anonymous_34)
FN:397,(anonymous_35)
FN:406,__attachPermissionsAll
FN:411,(anonymous_37)
FN:418,__attachPermissions
FN:422,(anonymous_39)
FN:427,(anonymous_40)
FN:429,(anonymous_41)
FN:439,(anonymous_42)
FN:445,listPermissions
FN:449,(anonymous_44)
FN:463,(anonymous_45)
FN:476,removePermission
FN:480,(anonymous_47)
FN:488,(anonymous_48)
FN:495,(anonymous_49)
FN:506,__removePermission
FN:510,(anonymous_51)
FN:512,(anonymous_52)
FN:521,upsertPermission
FN:525,(anonymous_54)
FN:528,(anonymous_55)
FN:536,(anonymous_56)
FN:545,validateGroupPermissions
FN:549,(anonymous_58)
FN:556,(anonymous_59)
FN:561,(anonymous_60)
FN:570,__upsertGroupPermissions
FN:574,(anonymous_62)
FN:584,(anonymous_63)
FN:589,(anonymous_64)
FN:594,(anonymous_65)
FN:599,(anonymous_66)
FN:605,__upsertPermission
FN:609,(anonymous_68)
FN:625,(anonymous_69)
FN:633,__escapePermissionsPath
FN:637,__unescapePermissionsPath
FN:641,__validatePermissionsPath
FNF:72
FNH:69
FNDA:185,SecurityGroups
FNDA:185,initialize
FNDA:4424,clearCaches
FNDA:4424,(anonymous_4)
FNDA:3031,__validate
FNDA:1812,(anonymous_6)
FNDA:1811,(anonymous_7)
FNDA:1,(anonymous_8)
FNDA:0,(anonymous_9)
FNDA:1389,__upsertGroup
FNDA:1389,(anonymous_11)
FNDA:1222,(anonymous_12)
FNDA:1219,upsertGroup
FNDA:1219,(anonymous_14)
FNDA:1218,(anonymous_15)
FNDA:1217,(anonymous_16)
FNDA:2,deleteGroup
FNDA:2,(anonymous_18)
FNDA:2,(anonymous_19)
FNDA:2,(anonymous_20)
FNDA:2,(anonymous_21)
FNDA:2,(anonymous_22)
FNDA:3,listGroups
FNDA:3,(anonymous_24)
FNDA:3505,getGroup
FNDA:2918,(anonymous_26)
FNDA:2917,(anonymous_27)
FNDA:1809,linkGroup
FNDA:1809,(anonymous_29)
FNDA:1808,(anonymous_30)
FNDA:1808,(anonymous_31)
FNDA:3,unlinkGroup
FNDA:3,(anonymous_33)
FNDA:3,(anonymous_34)
FNDA:3,(anonymous_35)
FNDA:3,__attachPermissionsAll
FNDA:6,(anonymous_37)
FNDA:2923,__attachPermissions
FNDA:2923,(anonymous_39)
FNDA:2923,(anonymous_40)
FNDA:14725,(anonymous_41)
FNDA:0,(anonymous_42)
FNDA:2923,listPermissions
FNDA:2923,(anonymous_44)
FNDA:2835,(anonymous_45)
FNDA:9,removePermission
FNDA:9,(anonymous_47)
FNDA:9,(anonymous_48)
FNDA:9,(anonymous_49)
FNDA:9,__removePermission
FNDA:9,(anonymous_51)
FNDA:9,(anonymous_52)
FNDA:1003,upsertPermission
FNDA:1003,(anonymous_54)
FNDA:1003,(anonymous_55)
FNDA:1003,(anonymous_56)
FNDA:1223,validateGroupPermissions
FNDA:3473,(anonymous_58)
FNDA:4523,(anonymous_59)
FNDA:3,(anonymous_60)
FNDA:1223,__upsertGroupPermissions
FNDA:1223,(anonymous_62)
FNDA:3471,(anonymous_63)
FNDA:4522,(anonymous_64)
FNDA:3,(anonymous_65)
FNDA:1222,(anonymous_66)
FNDA:5528,__upsertPermission
FNDA:5528,(anonymous_68)
FNDA:5528,(anonymous_69)
FNDA:5537,__escapePermissionsPath
FNDA:0,__unescapePermissionsPath
FNDA:5528,__validatePermissionsPath
DA:1,1
DA:3,1
DA:5,185
DA:6,185
DA:8,185
DA:11,1
DA:12,1
DA:13,1
DA:15,1
DA:17,1
DA:18,1
DA:19,1
DA:21,1
DA:22,1
DA:23,1
DA:25,1
DA:26,1
DA:27,1
DA:29,1
DA:31,1
DA:32,1
DA:34,1
DA:35,1
DA:37,1
DA:39,1
DA:40,1
DA:42,1
DA:44,1
DA:46,185
DA:48,185
DA:50,185
DA:52,185
DA:53,185
DA:54,185
DA:55,185
DA:56,185
DA:57,185
DA:59,185
DA:64,185
DA:69,185
DA:74,185
DA:79,185
DA:82,0
DA:86,1
DA:88,4424
DA:90,4424
DA:92,4424
DA:96,1
DA:98,3031
DA:100,3031
DA:102,1812
DA:103,1812
DA:105,1812
DA:108,1812
DA:110,1811
DA:114,1811
DA:120,1219
DA:122,1219
DA:124,1219
DA:126,1
DA:128,1
DA:130,1
DA:132,1
DA:134,1
DA:138,1218
DA:141,0
DA:143,0
DA:144,0
DA:146,0
DA:147,0
DA:149,0
DA:151,0
DA:153,0
DA:155,0
DA:159,0
DA:162,1
DA:164,1389
DA:166,1389
DA:167,1388
DA:169,1389
DA:171,1389
DA:173,1389
DA:175,1389
DA:177,1389
DA:179,1389
DA:182,1389
DA:184,1389
DA:186,1223
DA:189,1222
DA:196,1
DA:198,1219
DA:200,1219
DA:202,1219
DA:204,1219
DA:206,1219
DA:208,1218
DA:210,1218
DA:212,1217
DA:214,1217
DA:219,0
DA:223,1
DA:225,2
DA:227,2
DA:229,2
DA:231,2
DA:233,2
DA:235,2
DA:237,2
DA:239,2
DA:241,2
DA:243,2
DA:245,2
DA:247,2
DA:249,2
DA:251,2
DA:253,2
DA:255,2
DA:262,2
DA:264,2
DA:270,0
DA:275,1
DA:277,3
DA:278,3
DA:279,3
DA:282,3
DA:283,0
DA:284,0
DA:285,0
DA:288,3
DA:290,3
DA:292,3
DA:294,3
DA:296,3
DA:298,3
DA:304,3
DA:306,3
DA:308,3
DA:311,0
DA:316,0
DA:320,1
DA:322,3505
DA:324,3505
DA:326,3505
DA:328,3505
DA:330,2918
DA:332,2918
DA:338,2918
DA:340,2918
DA:342,2917
DA:344,2917
DA:347,2917
DA:348,2917
DA:354,1
DA:356,1809
DA:358,1809
DA:359,1809
DA:360,1809
DA:363,1809
DA:365,1809
DA:367,1808
DA:369,1808
DA:371,1808
DA:373,1808
DA:375,1808
DA:381,1
DA:383,3
DA:385,3
DA:387,3
DA:389,3
DA:391,3
DA:393,3
DA:395,3
DA:397,3
DA:399,3
DA:406,1
DA:408,3
DA:409,3
DA:411,3
DA:412,6
DA:415,3
DA:418,1
DA:420,2923
DA:422,2923
DA:424,2923
DA:426,2923
DA:429,2923
DA:431,14725
DA:432,14722
DA:433,14722
DA:437,2923
DA:440,0
DA:445,1
DA:447,2923
DA:449,2923
DA:451,2923
DA:453,2923
DA:454,88
DA:459,2835
DA:465,2835
DA:467,2835
DA:469,2835
DA:471,2835
DA:476,1
DA:478,9
DA:480,9
DA:482,9
DA:483,9
DA:484,9
DA:486,9
DA:490,9
DA:491,9
DA:497,9
DA:500,0
DA:506,1
DA:508,9
DA:510,9
DA:512,9
DA:514,9
DA:516,9
DA:521,1
DA:523,1003
DA:525,1003
DA:527,1003
DA:530,1003
DA:538,1003
DA:545,1
DA:547,1223
DA:549,1223
DA:551,3473
DA:553,3473
DA:555,3472
DA:556,3470
DA:557,4523
DA:560,3472
DA:561,3
DA:562,3
DA:566,1223
DA:567,1
DA:570,1
DA:572,1223
DA:574,1223
DA:576,1223
DA:578,1223
DA:580,1223
DA:582,1223
DA:584,1222
DA:586,3471
DA:588,3471
DA:589,3469
DA:590,4522
DA:593,3471
DA:594,3
DA:595,3
DA:599,1222
DA:600,1222
DA:605,1
DA:607,5528
DA:609,5528
DA:611,5528
DA:613,5528
DA:614,5528
DA:616,5528
DA:617,5528
DA:619,5528
DA:621,5528
DA:627,5528
DA:628,5528
DA:633,1
DA:634,5537
DA:637,1
DA:638,0
DA:641,1
DA:643,5528
DA:645,5528
DA:647,5528
DA:650,1
LF:276
LH:255
BRDA:59,1,0,157
BRDA:59,1,1,28
BRDA:64,2,0,157
BRDA:64,2,1,28
BRDA:100,3,0,1812
BRDA:100,3,1,1219
BRDA:108,4,0,1
BRDA:108,4,1,1811
BRDA:114,5,0,0
BRDA:114,5,1,1811
BRDA:120,6,0,1219
BRDA:120,6,1,0
BRDA:122,7,0,1219
BRDA:122,7,1,0
BRDA:124,8,0,1
BRDA:124,8,1,1218
BRDA:126,9,0,0
BRDA:126,9,1,1
BRDA:130,10,0,0
BRDA:130,10,1,1
BRDA:132,11,0,0
BRDA:132,11,1,1
BRDA:141,12,0,0
BRDA:141,12,1,0
BRDA:146,13,0,0
BRDA:146,13,1,0
BRDA:147,14,0,0
BRDA:147,14,1,0
BRDA:151,15,0,0
BRDA:151,15,1,0
BRDA:153,16,0,0
BRDA:153,16,1,0
BRDA:166,17,0,1
BRDA:166,17,1,1388
BRDA:179,18,0,0
BRDA:179,18,1,1389
BRDA:184,19,0,166
BRDA:184,19,1,1223
BRDA:198,20,0,1190
BRDA:198,20,1,29
BRDA:206,21,0,1
BRDA:206,21,1,1218
BRDA:210,22,0,1
BRDA:210,22,1,1217
BRDA:227,23,0,2
BRDA:227,23,1,0
BRDA:231,24,0,0
BRDA:231,24,1,2
BRDA:233,25,0,0
BRDA:233,25,1,2
BRDA:241,26,0,0
BRDA:241,26,1,2
BRDA:247,27,0,0
BRDA:247,27,1,2
BRDA:253,28,0,0
BRDA:253,28,1,2
BRDA:277,29,0,3
BRDA:277,29,1,0
BRDA:282,30,0,0
BRDA:282,30,1,3
BRDA:288,31,0,0
BRDA:288,31,1,3
BRDA:290,32,0,1
BRDA:290,32,1,2
BRDA:304,33,0,0
BRDA:304,33,1,3
BRDA:308,34,0,3
BRDA:308,34,1,0
BRDA:322,35,0,2823
BRDA:322,35,1,682
BRDA:324,36,0,0
BRDA:324,36,1,3505
BRDA:324,37,0,3505
BRDA:324,37,1,3505
BRDA:328,38,0,587
BRDA:328,38,1,2918
BRDA:338,39,0,0
BRDA:338,39,1,2918
BRDA:340,40,0,1
BRDA:340,40,1,2917
BRDA:358,41,0,1809
BRDA:358,41,1,0
BRDA:365,42,0,1
BRDA:365,42,1,1808
BRDA:369,43,0,0
BRDA:369,43,1,1808
BRDA:385,44,0,3
BRDA:385,44,1,0
BRDA:389,45,0,0
BRDA:389,45,1,3
BRDA:395,46,0,0
BRDA:395,46,1,3
BRDA:431,47,0,14722
BRDA:431,47,1,3
BRDA:432,48,0,13758
BRDA:432,48,1,964
BRDA:451,49,0,0
BRDA:451,49,1,2923
BRDA:453,50,0,88
BRDA:453,50,1,2835
BRDA:465,51,0,0
BRDA:465,51,1,2835
BRDA:482,52,0,0
BRDA:482,52,1,9
BRDA:483,53,0,3
BRDA:483,53,1,6
BRDA:484,54,0,0
BRDA:484,54,1,9
BRDA:490,55,0,9
BRDA:490,55,1,0
BRDA:514,56,0,0
BRDA:514,56,1,9
BRDA:553,57,0,1
BRDA:553,57,1,3472
BRDA:553,58,0,3473
BRDA:553,58,1,3
BRDA:555,59,0,3470
BRDA:555,59,1,2
BRDA:557,60,0,0
BRDA:557,60,1,4523
BRDA:560,61,0,3
BRDA:560,61,1,3469
BRDA:562,62,0,0
BRDA:562,62,1,3
BRDA:566,63,0,1222
BRDA:566,63,1,1
BRDA:578,64,0,0
BRDA:578,64,1,1223
BRDA:582,65,0,1
BRDA:582,65,1,1222
BRDA:588,66,0,3469
BRDA:588,66,1,2
BRDA:593,67,0,3
BRDA:593,67,1,3468
BRDA:611,68,0,0
BRDA:611,68,1,5528
BRDA:614,69,0,0
BRDA:614,69,1,5528
BRDA:616,70,0,0
BRDA:616,70,1,5528
BRDA:617,71,0,5525
BRDA:617,71,1,3
BRDA:627,72,0,0
BRDA:627,72,1,5528
BRDA:643,73,0,0
BRDA:643,73,1,5528
BRDA:645,74,0,0
BRDA:645,74,1,5528
BRF:148
BRH:98
end_of_record
TN:
SF:/Users/simonbishop/Documents/Projects/happn-3/lib/services/security/users.js
FN:3,SecurityUsers
FN:33,initialize
FN:78,clearCaches
FN:85,(anonymous_4)
FN:90,__validate
FN:104,(anonymous_6)
FN:119,getPasswordHash
FN:123,(anonymous_8)
FN:129,(anonymous_9)
FN:135,(anonymous_10)
FN:146,__prepareUser
FN:152,(anonymous_12)
FN:166,__upsertUser
FN:174,(anonymous_14)
FN:180,(anonymous_15)
FN:186,(anonymous_16)
FN:194,upsertUser
FN:203,(anonymous_18)
FN:213,deleteUser
FN:222,(anonymous_20)
FN:224,(anonymous_21)
FN:231,(anonymous_22)
FN:234,(anonymous_23)
FN:235,(anonymous_24)
FN:244,getUserNoGroups
FN:254,(anonymous_26)
FN:271,getUser
FN:296,(anonymous_28)
FN:306,(anonymous_29)
FN:333,listUsers
FN:365,(anonymous_31)
FN:377,__getUserNamesFromGroupLinks
FN:381,(anonymous_33)
FN:386,listUserNamesByGroup
FN:390,(anonymous_35)
FN:393,(anonymous_36)
FN:400,listUsersByGroup
FN:418,(anonymous_38)
FN:421,(anonymous_39)
FNF:39
FNH:36
FNDA:185,SecurityUsers
FNDA:185,initialize
FNDA:4425,clearCaches
FNDA:4425,(anonymous_4)
FNDA:210,__validate
FNDA:0,(anonymous_6)
FNDA:133,getPasswordHash
FNDA:133,(anonymous_8)
FNDA:0,(anonymous_9)
FNDA:0,(anonymous_10)
FNDA:379,__prepareUser
FNDA:377,(anonymous_12)
FNDA:379,__upsertUser
FNDA:379,(anonymous_14)
FNDA:379,(anonymous_15)
FNDA:379,(anonymous_16)
FNDA:210,upsertUser
FNDA:210,(anonymous_18)
FNDA:3,deleteUser
FNDA:3,(anonymous_20)
FNDA:3,(anonymous_21)
FNDA:3,(anonymous_22)
FNDA:3,(anonymous_23)
FNDA:3,(anonymous_24)
FNDA:2,getUserNoGroups
FNDA:2,(anonymous_26)
FNDA:3174,getUser
FNDA:2556,(anonymous_28)
FNDA:2963,(anonymous_29)
FNDA:8,listUsers
FNDA:7,(anonymous_31)
FNDA:10,__getUserNamesFromGroupLinks
FNDA:51,(anonymous_33)
FNDA:8,listUserNamesByGroup
FNDA:8,(anonymous_35)
FNDA:7,(anonymous_36)
FNDA:6,listUsersByGroup
FNDA:5,(anonymous_38)
FNDA:4,(anonymous_39)
DA:1,1
DA:3,1
DA:5,185
DA:6,185
DA:8,185
DA:11,1
DA:12,1
DA:13,1
DA:14,1
DA:16,1
DA:17,1
DA:18,1
DA:19,1
DA:20,1
DA:21,1
DA:23,1
DA:24,1
DA:25,1
DA:30,1
DA:33,1
DA:35,185
DA:37,185
DA:39,185
DA:41,185
DA:42,185
DA:44,185
DA:45,185
DA:46,185
DA:47,185
DA:49,185
DA:54,185
DA:55,185
DA:60,185
DA:64,185
DA:65,185
DA:66,185
DA:67,185
DA:68,185
DA:69,185
DA:71,185
DA:74,0
DA:78,1
DA:80,4425
DA:82,4425
DA:84,4425
DA:86,4425
DA:90,1
DA:92,210
DA:94,210
DA:96,210
DA:98,210
DA:100,210
DA:102,209
DA:104,0
DA:106,0
DA:108,0
DA:110,0
DA:113,209
DA:116,0
DA:119,1
DA:121,133
DA:123,133
DA:125,133
DA:127,133
DA:129,0
DA:131,0
DA:133,0
DA:135,0
DA:137,0
DA:139,0
DA:146,1
DA:148,379
DA:150,379
DA:152,377
DA:154,377
DA:156,377
DA:157,377
DA:162,2
DA:166,1
DA:168,379
DA:170,379
DA:171,183
DA:174,379
DA:176,379
DA:178,379
DA:180,379
DA:182,379
DA:184,379
DA:186,379
DA:188,379
DA:194,1
DA:196,210
DA:198,210
DA:199,184
DA:202,210
DA:203,210
DA:205,210
DA:206,208
DA:209,0
DA:213,1
DA:215,3
DA:217,3
DA:219,3
DA:220,3
DA:222,3
DA:223,3
DA:224,3
DA:225,3
DA:226,3
DA:230,3
DA:232,3
DA:235,3
DA:236,3
DA:244,1
DA:246,2
DA:248,2
DA:250,2
DA:252,2
DA:254,2
DA:256,2
DA:258,2
DA:260,1
DA:262,1
DA:264,1
DA:265,1
DA:267,1
DA:271,1
DA:273,3174
DA:275,3174
DA:276,3172
DA:277,3172
DA:280,3174
DA:282,3172
DA:284,3172
DA:286,3172
DA:288,3172
DA:290,3172
DA:292,2556
DA:298,2556
DA:300,2556
DA:302,2384
DA:303,2384
DA:304,2384
DA:306,2384
DA:308,2963
DA:309,2384
DA:310,2384
DA:311,2384
DA:315,579
DA:316,579
DA:317,579
DA:318,579
DA:322,2384
DA:324,2384
DA:326,2384
DA:327,2384
DA:329,2384
DA:333,1
DA:335,8
DA:336,5
DA:337,5
DA:340,8
DA:341,0
DA:342,0
DA:343,0
DA:346,8
DA:348,8
DA:351,8
DA:353,7
DA:355,7
DA:357,7
DA:359,7
DA:361,7
DA:363,7
DA:365,7
DA:367,7
DA:369,7
DA:371,7
DA:373,7
DA:377,1
DA:379,10
DA:381,6
DA:382,51
DA:386,1
DA:388,8
DA:390,8
DA:391,8
DA:392,7
DA:394,7
DA:400,1
DA:402,6
DA:404,6
DA:405,4
DA:406,4
DA:409,6
DA:411,5
DA:412,5
DA:413,5
DA:415,5
DA:417,5
DA:419,5
DA:420,4
DA:421,4
DA:422,4
DA:423,4
DA:429,1
LF:206
LH:190
BRDA:49,1,0,157
BRDA:49,1,1,28
BRDA:94,2,0,0
BRDA:94,2,1,210
BRDA:96,3,0,210
BRDA:96,3,1,0
BRDA:98,4,0,0
BRDA:98,4,1,210
BRDA:100,5,0,1
BRDA:100,5,1,209
BRDA:102,6,0,0
BRDA:102,6,1,209
BRDA:102,7,0,209
BRDA:102,7,1,2
BRDA:106,8,0,0
BRDA:106,8,1,0
BRDA:108,9,0,0
BRDA:108,9,1,0
BRDA:125,10,0,0
BRDA:125,10,1,133
BRDA:127,11,0,133
BRDA:127,11,1,0
BRDA:131,12,0,0
BRDA:131,12,1,0
BRDA:133,13,0,0
BRDA:133,13,1,0
BRDA:137,14,0,0
BRDA:137,14,1,0
BRDA:150,15,0,377
BRDA:150,15,1,2
BRDA:154,16,0,0
BRDA:154,16,1,377
BRDA:170,17,0,183
BRDA:170,17,1,196
BRDA:176,18,0,0
BRDA:176,18,1,379
BRDA:182,19,0,0
BRDA:182,19,1,379
BRDA:198,20,0,184
BRDA:198,20,1,26
BRDA:205,21,0,2
BRDA:205,21,1,208
BRDA:215,22,0,3
BRDA:215,22,1,0
BRDA:223,23,0,0
BRDA:223,23,1,3
BRDA:225,24,0,0
BRDA:225,24,1,3
BRDA:250,25,0,0
BRDA:250,25,1,2
BRDA:256,26,0,0
BRDA:256,26,1,2
BRDA:258,27,0,1
BRDA:258,27,1,1
BRDA:275,28,0,3172
BRDA:275,28,1,2
BRDA:280,29,0,2
BRDA:280,29,1,3172
BRDA:290,30,0,616
BRDA:290,30,1,2556
BRDA:298,31,0,0
BRDA:298,31,1,2556
BRDA:300,32,0,172
BRDA:300,32,1,2384
BRDA:308,33,0,2384
BRDA:308,33,1,579
BRDA:308,34,0,2963
BRDA:308,34,1,2963
BRDA:315,35,0,579
BRDA:315,35,1,0
BRDA:322,36,0,0
BRDA:322,36,1,2384
BRDA:335,37,0,5
BRDA:335,37,1,3
BRDA:340,38,0,0
BRDA:340,38,1,8
BRDA:346,39,0,2
BRDA:346,39,1,6
BRDA:351,40,0,1
BRDA:351,40,1,7
BRDA:351,41,0,8
BRDA:351,41,1,7
BRDA:351,41,2,6
BRDA:353,42,0,1
BRDA:353,42,1,6
BRDA:359,43,0,6
BRDA:359,43,1,1
BRDA:367,44,0,0
BRDA:367,44,1,7
BRDA:371,45,0,5
BRDA:371,45,1,2
BRDA:371,46,0,7
BRDA:371,46,1,6
BRDA:379,47,0,4
BRDA:379,47,1,6
BRDA:379,48,0,10
BRDA:379,48,1,9
BRDA:391,49,0,1
BRDA:391,49,1,7
BRDA:404,50,0,4
BRDA:404,50,1,2
BRDA:409,51,0,1
BRDA:409,51,1,5
BRDA:411,52,0,0
BRDA:411,52,1,5
BRDA:413,53,0,2
BRDA:413,53,1,3
BRDA:419,54,0,1
BRDA:419,54,1,4
BRDA:422,55,0,0
BRDA:422,55,1,4
BRF:111
BRH:80
end_of_record
TN:
SF:/Users/simonbishop/Documents/Projects/happn-3/lib/services/session/localclient.js
FN:6,LocalClient
FN:11,(anonymous_2)
FN:15,(anonymous_3)
FN:19,(anonymous_4)
FN:23,(anonymous_5)
FN:27,(anonymous_6)
FN:31,(anonymous_7)
FN:42,(anonymous_8)
FN:46,(anonymous_9)
FN:50,(anonymous_10)
FN:59,(anonymous_11)
FN:63,(anonymous_12)
FN:67,LocalClientWrapper
FN:71,(anonymous_14)
FN:75,(anonymous_15)
FN:79,(anonymous_16)
FN:83,(anonymous_17)
FN:87,(anonymous_18)
FNF:18
FNH:14
FNDA:70,LocalClient
FNDA:560,(anonymous_2)
FNDA:13,(anonymous_3)
FNDA:0,(anonymous_4)
FNDA:33,(anonymous_5)
FNDA:14704,(anonymous_6)
FNDA:14704,(anonymous_7)
FNDA:53,(anonymous_8)
FNDA:33,(anonymous_9)
FNDA:33,(anonymous_10)
FNDA:33,(anonymous_11)
FNDA:0,(anonymous_12)
FNDA:1,LocalClientWrapper
FNDA:2,(anonymous_14)
FNDA:0,(anonymous_15)
FNDA:28,(anonymous_16)
FNDA:0,(anonymous_17)
FNDA:70,(anonymous_18)
DA:1,1
DA:6,1
DA:7,70
DA:8,70
DA:11,1
DA:12,560
DA:15,1
DA:16,13
DA:19,1
DA:20,0
DA:23,1
DA:24,33
DA:27,1
DA:29,14704
DA:31,14704
DA:33,14704
DA:34,7920
DA:35,7920
DA:37,6784
DA:42,1
DA:43,53
DA:46,1
DA:48,33
DA:50,33
DA:52,33
DA:53,33
DA:54,33
DA:55,33
DA:59,1
DA:60,33
DA:63,1
DA:64,0
DA:67,1
DA:69,1
DA:71,1
DA:72,2
DA:75,1
DA:76,0
DA:79,1
DA:80,28
DA:83,1
DA:84,0
DA:87,1
DA:89,70
DA:91,70
DA:94,70
DA:97,70
DA:101,70
DA:103,70
DA:105,70
DA:109,1
LF:51
LH:47
BRDA:33,1,0,7920
BRDA:33,1,1,6784
BRDA:52,2,0,0
BRDA:52,2,1,33
BRDA:53,3,0,13
BRDA:53,3,1,20
BRDA:54,4,0,33
BRDA:54,4,1,0
BRF:8
BRH:6
end_of_record
TN:
SF:/Users/simonbishop/Documents/Projects/happn-3/lib/services/session/adminclient.js
FN:6,AdminClient
FN:11,(anonymous_2)
FN:15,(anonymous_3)
FN:19,(anonymous_4)
FN:23,(anonymous_5)
FN:27,(anonymous_6)
FN:31,(anonymous_7)
FN:42,(anonymous_8)
FN:46,(anonymous_9)
FN:50,(anonymous_10)
FN:59,(anonymous_11)
FN:63,(anonymous_12)
FN:67,AdminClientWrapper
FN:71,(anonymous_14)
FN:75,(anonymous_15)
FN:79,(anonymous_16)
FN:83,(anonymous_17)
FN:87,(anonymous_18)
FN:107,(anonymous_19)
FN:111,(anonymous_20)
FNF:20
FNH:15
FNDA:4,AdminClient
FNDA:32,(anonymous_2)
FNDA:0,(anonymous_3)
FNDA:0,(anonymous_4)
FNDA:2,(anonymous_5)
FNDA:25,(anonymous_6)
FNDA:25,(anonymous_7)
FNDA:4,(anonymous_8)
FNDA:2,(anonymous_9)
FNDA:2,(anonymous_10)
FNDA:2,(anonymous_11)
FNDA:0,(anonymous_12)
FNDA:1,AdminClientWrapper
FNDA:2,(anonymous_14)
FNDA:0,(anonymous_15)
FNDA:3,(anonymous_16)
FNDA:0,(anonymous_17)
FNDA:4,(anonymous_18)
FNDA:4,(anonymous_19)
FNDA:4,(anonymous_20)
DA:1,1
DA:6,1
DA:7,4
DA:8,4
DA:11,1
DA:12,32
DA:15,1
DA:16,0
DA:19,1
DA:20,0
DA:23,1
DA:24,2
DA:27,1
DA:29,25
DA:31,25
DA:33,25
DA:34,13
DA:35,13
DA:37,12
DA:42,1
DA:43,4
DA:46,1
DA:48,2
DA:50,2
DA:52,2
DA:53,2
DA:54,2
DA:55,2
DA:59,1
DA:60,2
DA:63,1
DA:64,0
DA:67,1
DA:69,1
DA:71,1
DA:72,2
DA:75,1
DA:76,0
DA:79,1
DA:80,3
DA:83,1
DA:84,0
DA:87,1
DA:89,4
DA:91,4
DA:94,4
DA:97,4
DA:101,4
DA:102,4
DA:104,4
DA:107,1
DA:109,4
DA:111,4
DA:113,4
DA:115,4
DA:116,4
DA:117,4
DA:118,4
DA:119,4
DA:121,4
DA:126,1
LF:61
LH:56
BRDA:33,1,0,13
BRDA:33,1,1,12
BRDA:52,2,0,0
BRDA:52,2,1,2
BRDA:53,3,0,0
BRDA:53,3,1,2
BRDA:54,4,0,2
BRDA:54,4,1,0
BRDA:113,5,0,0
BRDA:113,5,1,4
BRDA:115,6,0,4
BRDA:115,6,1,0
BRF:12
BRH:7
end_of_record
